19.12.2013 15:27:41.065 ==============Folder list====
19.12.2013 15:27:41.065 Ready . . . 
19.12.2013 15:28:05.602 ==============Folder list====
19.12.2013 15:28:05.602 Ready . . . 
19.12.2013 15:30:45.953 ==============Folder list====
19.12.2013 15:30:45.953 Ready . . . 
19.12.2013 15:31:53.679 ==============Folder list====
19.12.2013 15:31:53.679 Ready . . . 
19.12.2013 15:41:40.766 ==============Folder list====
19.12.2013 15:41:40.766 Ready . . . 
19.12.2013 15:45:38.625 ==============Folder list====
19.12.2013 15:45:38.625 Ready . . . 
19.12.2013 15:50:51.176 ==============Folder list====
19.12.2013 15:50:51.176 Ready . . . 
19.12.2013 16:00:10.525 ==============Folder list====
19.12.2013 16:00:10.525 Ready . . . 
19.12.2013 16:37:13.229 ==============Folder list====
19.12.2013 16:37:13.229 Ready . . . 
19.12.2013 16:38:18.485 ==============Folder list====
19.12.2013 16:38:18.485 Ready . . . 
19.12.2013 16:43:47.617 ==============Folder list====
19.12.2013 16:43:47.617 Ready . . . 
19.12.2013 16:50:06.321 ==============Folder list====
19.12.2013 16:50:06.321 Ready . . . 
19.12.2013 16:50:20.612 ==============Folder list====
19.12.2013 16:50:20.612 Ready . . . 
19.12.2013 16:52:50.041 ==============Folder list====
19.12.2013 16:52:50.041 Ready . . . 
19.12.2013 16:55:12.832 ==============Folder list====
19.12.2013 16:55:12.832 Ready . . . 
19.12.2013 17:13:49.023 ==============Folder list====
19.12.2013 17:13:49.023 Ready . . . 
19.12.2013 17:14:24.806 ==============Folder list====
19.12.2013 17:14:24.806 Ready . . . 
19.12.2013 17:14:46.259 ==============Folder list====
19.12.2013 17:14:46.259 Ready . . . 
19.12.2013 17:26:28.878 ==============Folder list====
19.12.2013 17:26:28.878 Ready . . . 
19.12.2013 17:29:29.189 ==============Folder list====
19.12.2013 17:29:29.190 Ready . . . 
19.12.2013 17:32:11.989 ==============Folder list====
19.12.2013 17:32:11.989 Ready . . . 
19.12.2013 17:34:11.308 ==============Folder list====
19.12.2013 17:34:11.308 Ready . . . 
19.12.2013 17:35:26.245 ==============Folder list====
19.12.2013 17:35:26.245 Ready . . . 
19.12.2013 17:37:30.264 ==============Folder list====
19.12.2013 17:37:30.264 Ready . . . 
19.12.2013 17:40:03.619 ==============Folder list====
19.12.2013 17:40:03.619 Ready . . . 
19.12.2013 17:40:18.885 ==============Folder list====
19.12.2013 17:40:18.885 Ready . . . 
19.12.2013 17:42:46.356 ==============Folder list====
19.12.2013 17:42:46.357 Ready . . . 
19.12.2013 17:43:02.710 ==============Folder list====
19.12.2013 17:43:02.710 Ready . . . 
19.12.2013 17:43:40.196 ==============Folder list====
19.12.2013 17:43:40.196 Ready . . . 
19.12.2013 17:46:00.228 ==============Folder list====
19.12.2013 17:46:00.228 Ready . . . 
19.12.2013 17:46:17.227 ==============Folder list====
19.12.2013 17:46:17.227 Ready . . . 
19.12.2013 17:48:06.969 ==============Folder list====
19.12.2013 17:48:06.969 Ready . . . 
19.12.2013 17:53:47.201 ==============Folder list====
19.12.2013 17:53:47.201 Ready . . . 
19.12.2013 17:54:32.589 ==============Folder list====
19.12.2013 17:54:32.589 Ready . . . 
19.12.2013 17:55:57.028 ==============Folder list====
19.12.2013 17:55:57.028 Ready . . . 
19.12.2013 17:56:01.858 \config
19.12.2013 17:56:01.858 \md5
19.12.2013 17:56:01.858 \DPSCom
19.12.2013 17:56:01.858 \logs
19.12.2013 17:56:01.858 \inbound
19.12.2013 17:56:01.858 \outbound
19.12.2013 17:59:06.536 ==============Folder list====
19.12.2013 17:59:06.536 Ready . . . 
19.12.2013 17:59:11.365 \config
19.12.2013 17:59:11.365 \md5
19.12.2013 17:59:11.365 \DPSCom
19.12.2013 17:59:11.365 \logs
19.12.2013 17:59:11.365 \inbound
19.12.2013 17:59:11.365 \outbound
19.12.2013 18:01:17.646 ==============Folder list====
19.12.2013 18:01:17.646 Ready . . . 
19.12.2013 18:03:03.794 ==============Folder list====
19.12.2013 18:03:03.794 Ready . . . 
19.12.2013 18:03:11.368 \config
19.12.2013 18:03:11.369 \md5
19.12.2013 18:03:11.369 \DPSCom
19.12.2013 18:03:11.369 \logs
19.12.2013 18:03:11.369 \inbound
19.12.2013 18:03:11.369 \outbound
19.12.2013 18:03:11.383 \config
19.12.2013 18:03:11.383 \md5
19.12.2013 18:03:11.383 \DPSCom
19.12.2013 18:03:11.383 \logs
19.12.2013 18:03:11.384 \inbound
19.12.2013 18:03:11.384 \outbound
19.12.2013 18:03:11.597 \config
19.12.2013 18:03:11.597 \md5
19.12.2013 18:03:11.597 \DPSCom
19.12.2013 18:03:11.597 \logs
19.12.2013 18:03:11.597 \inbound
19.12.2013 18:03:11.597 \outbound
19.12.2013 18:03:11.813 \config
19.12.2013 18:03:11.813 \md5
19.12.2013 18:03:11.813 \DPSCom
19.12.2013 18:03:11.813 \logs
19.12.2013 18:03:11.813 \inbound
19.12.2013 18:03:11.813 \outbound
19.12.2013 18:03:12.030 \config
19.12.2013 18:03:12.030 \md5
19.12.2013 18:03:12.030 \DPSCom
19.12.2013 18:03:12.030 \logs
19.12.2013 18:03:12.030 \inbound
19.12.2013 18:03:12.030 \outbound
19.12.2013 18:03:12.046 \config
19.12.2013 18:03:12.046 \md5
19.12.2013 18:03:12.046 \DPSCom
19.12.2013 18:03:12.046 \logs
19.12.2013 18:03:12.046 \inbound
19.12.2013 18:03:12.046 \outbound
19.12.2013 18:03:12.268 \config
19.12.2013 18:03:12.268 \md5
19.12.2013 18:03:12.268 \DPSCom
19.12.2013 18:03:12.268 \logs
19.12.2013 18:03:12.268 \inbound
19.12.2013 18:03:12.268 \outbound
19.12.2013 18:03:12.502 \config
19.12.2013 18:03:12.502 \md5
19.12.2013 18:03:12.502 \DPSCom
19.12.2013 18:03:12.502 \logs
19.12.2013 18:03:12.502 \inbound
19.12.2013 18:03:12.502 \outbound
19.12.2013 18:03:12.719 \config
19.12.2013 18:03:12.719 \md5
19.12.2013 18:03:12.719 \DPSCom
19.12.2013 18:03:12.719 \logs
19.12.2013 18:03:12.719 \inbound
19.12.2013 18:03:12.719 \outbound
19.12.2013 18:03:12.936 \config
19.12.2013 18:03:12.936 \md5
19.12.2013 18:03:12.936 \DPSCom
19.12.2013 18:03:12.936 \logs
19.12.2013 18:03:12.936 \inbound
19.12.2013 18:03:12.936 \outbound
19.12.2013 18:03:13.153 \config
19.12.2013 18:03:13.153 \md5
19.12.2013 18:03:13.153 \DPSCom
19.12.2013 18:03:13.153 \logs
19.12.2013 18:03:13.153 \inbound
19.12.2013 18:03:13.153 \outbound
19.12.2013 18:03:13.370 \config
19.12.2013 18:03:13.370 \md5
19.12.2013 18:03:13.370 \DPSCom
19.12.2013 18:03:13.370 \logs
19.12.2013 18:03:13.370 \inbound
19.12.2013 18:03:13.370 \outbound
19.12.2013 18:03:13.587 \config
19.12.2013 18:03:13.587 \md5
19.12.2013 18:03:13.587 \DPSCom
19.12.2013 18:03:13.587 \logs
19.12.2013 18:03:13.587 \inbound
19.12.2013 18:03:13.588 \outbound
19.12.2013 18:03:13.608 \config
19.12.2013 18:03:13.608 \md5
19.12.2013 18:03:13.608 \DPSCom
19.12.2013 18:03:13.608 \logs
19.12.2013 18:03:13.608 \inbound
19.12.2013 18:03:13.608 \outbound
19.12.2013 18:03:13.828 \config
19.12.2013 18:03:13.828 \md5
19.12.2013 18:03:13.828 \DPSCom
19.12.2013 18:03:13.828 \logs
19.12.2013 18:03:13.828 \inbound
19.12.2013 18:03:13.828 \outbound
19.12.2013 18:03:13.850 \config
19.12.2013 18:03:13.850 \md5
19.12.2013 18:03:13.850 \DPSCom
19.12.2013 18:03:13.850 \logs
19.12.2013 18:03:13.850 \inbound
19.12.2013 18:03:13.850 \outbound
19.12.2013 18:03:14.071 \config
19.12.2013 18:03:14.071 \md5
19.12.2013 18:03:14.071 \DPSCom
19.12.2013 18:03:14.071 \logs
19.12.2013 18:03:14.071 \inbound
19.12.2013 18:03:14.071 \outbound
19.12.2013 18:03:14.295 \config
19.12.2013 18:03:14.295 \md5
19.12.2013 18:03:14.295 \DPSCom
19.12.2013 18:03:14.295 \logs
19.12.2013 18:03:14.295 \inbound
19.12.2013 18:03:14.295 \outbound
19.12.2013 18:03:14.518 \config
19.12.2013 18:03:14.518 \md5
19.12.2013 18:03:14.518 \DPSCom
19.12.2013 18:03:14.518 \logs
19.12.2013 18:03:14.518 \inbound
19.12.2013 18:03:14.518 \outbound
19.12.2013 18:03:14.749 \config
19.12.2013 18:03:14.749 \md5
19.12.2013 18:03:14.749 \DPSCom
19.12.2013 18:03:14.749 \logs
19.12.2013 18:03:14.749 \inbound
19.12.2013 18:03:14.749 \outbound
19.12.2013 18:03:14.769 \config
19.12.2013 18:03:14.769 \md5
19.12.2013 18:03:14.769 \DPSCom
19.12.2013 18:03:14.769 \logs
19.12.2013 18:03:14.769 \inbound
19.12.2013 18:03:14.769 \outbound
19.12.2013 18:03:14.785 \config
19.12.2013 18:03:14.785 \md5
19.12.2013 18:03:14.785 \DPSCom
19.12.2013 18:03:14.785 \logs
19.12.2013 18:03:14.785 \inbound
19.12.2013 18:03:14.785 \outbound
19.12.2013 18:03:14.803 \config
19.12.2013 18:03:14.803 \md5
19.12.2013 18:03:14.803 \DPSCom
19.12.2013 18:03:14.803 \logs
19.12.2013 18:03:14.803 \inbound
19.12.2013 18:03:14.803 \outbound
19.12.2013 18:03:15.022 \config
19.12.2013 18:03:15.022 \md5
19.12.2013 18:03:15.022 \DPSCom
19.12.2013 18:03:15.022 \logs
19.12.2013 18:03:15.022 \inbound
19.12.2013 18:03:15.022 \outbound
19.12.2013 18:03:15.039 \config
19.12.2013 18:03:15.039 \md5
19.12.2013 18:03:15.039 \DPSCom
19.12.2013 18:03:15.039 \logs
19.12.2013 18:03:15.039 \inbound
19.12.2013 18:03:15.039 \outbound
19.12.2013 18:03:15.061 \config
19.12.2013 18:03:15.061 \md5
19.12.2013 18:03:15.061 \DPSCom
19.12.2013 18:03:15.061 \logs
19.12.2013 18:03:15.061 \inbound
19.12.2013 18:03:15.061 \outbound
19.12.2013 18:03:15.282 \config
19.12.2013 18:03:15.282 \md5
19.12.2013 18:03:15.282 \DPSCom
19.12.2013 18:03:15.282 \logs
19.12.2013 18:03:15.282 \inbound
19.12.2013 18:03:15.282 \outbound
19.12.2013 18:03:15.500 \config
19.12.2013 18:03:15.500 \md5
19.12.2013 18:03:15.500 \DPSCom
19.12.2013 18:03:15.500 \logs
19.12.2013 18:03:15.500 \inbound
19.12.2013 18:03:15.500 \outbound
19.12.2013 18:03:15.718 \config
19.12.2013 18:03:15.718 \md5
19.12.2013 18:03:15.718 \DPSCom
19.12.2013 18:03:15.718 \logs
19.12.2013 18:03:15.718 \inbound
19.12.2013 18:03:15.718 \outbound
19.12.2013 18:03:15.934 \config
19.12.2013 18:03:15.934 \md5
19.12.2013 18:03:15.934 \DPSCom
19.12.2013 18:03:15.934 \logs
19.12.2013 18:03:15.934 \inbound
19.12.2013 18:03:15.934 \outbound
19.12.2013 18:03:16.154 \config
19.12.2013 18:03:16.154 \md5
19.12.2013 18:03:16.154 \DPSCom
19.12.2013 18:03:16.154 \logs
19.12.2013 18:03:16.154 \inbound
19.12.2013 18:03:16.154 \outbound
19.12.2013 18:03:16.381 \config
19.12.2013 18:03:16.381 \md5
19.12.2013 18:03:16.381 \DPSCom
19.12.2013 18:03:16.381 \logs
19.12.2013 18:03:16.381 \inbound
19.12.2013 18:03:16.381 \outbound
19.12.2013 18:03:16.620 \config
19.12.2013 18:03:16.620 \md5
19.12.2013 18:03:16.620 \DPSCom
19.12.2013 18:03:16.620 \logs
19.12.2013 18:03:16.620 \inbound
19.12.2013 18:03:16.620 \outbound
19.12.2013 18:03:16.840 \config
19.12.2013 18:03:16.840 \md5
19.12.2013 18:03:16.840 \DPSCom
19.12.2013 18:03:16.840 \logs
19.12.2013 18:03:16.840 \inbound
19.12.2013 18:03:16.841 \outbound
19.12.2013 18:03:16.859 \config
19.12.2013 18:03:16.859 \md5
19.12.2013 18:03:16.859 \DPSCom
19.12.2013 18:03:16.859 \logs
19.12.2013 18:03:16.859 \inbound
19.12.2013 18:03:16.859 \outbound
19.12.2013 18:03:17.081 \config
19.12.2013 18:03:17.081 \md5
19.12.2013 18:03:17.081 \DPSCom
19.12.2013 18:03:17.081 \logs
19.12.2013 18:03:17.081 \inbound
19.12.2013 18:03:17.081 \outbound
19.12.2013 18:03:17.299 \config
19.12.2013 18:03:17.299 \md5
19.12.2013 18:03:17.299 \DPSCom
19.12.2013 18:03:17.299 \logs
19.12.2013 18:03:17.299 \inbound
19.12.2013 18:03:17.299 \outbound
19.12.2013 18:03:17.517 \config
19.12.2013 18:03:17.517 \md5
19.12.2013 18:03:17.517 \DPSCom
19.12.2013 18:03:17.517 \logs
19.12.2013 18:03:17.517 \inbound
19.12.2013 18:03:17.517 \outbound
19.12.2013 18:03:17.747 \config
19.12.2013 18:03:17.747 \md5
19.12.2013 18:03:17.748 \DPSCom
19.12.2013 18:03:17.748 \logs
19.12.2013 18:03:17.748 \inbound
19.12.2013 18:03:17.748 \outbound
19.12.2013 18:03:18.004 \config
19.12.2013 18:03:18.004 \md5
19.12.2013 18:03:18.004 \DPSCom
19.12.2013 18:03:18.004 \logs
19.12.2013 18:03:18.004 \inbound
19.12.2013 18:03:18.004 \outbound
19.12.2013 18:03:18.227 \config
19.12.2013 18:03:18.227 \md5
19.12.2013 18:03:18.227 \DPSCom
19.12.2013 18:03:18.227 \logs
19.12.2013 18:03:18.227 \inbound
19.12.2013 18:03:18.227 \outbound
19.12.2013 18:03:18.450 \config
19.12.2013 18:03:18.450 \md5
19.12.2013 18:03:18.450 \DPSCom
19.12.2013 18:03:18.450 \logs
19.12.2013 18:03:18.450 \inbound
19.12.2013 18:03:18.450 \outbound
19.12.2013 18:03:18.466 \config
19.12.2013 18:03:18.466 \md5
19.12.2013 18:03:18.467 \DPSCom
19.12.2013 18:03:18.467 \logs
19.12.2013 18:03:18.467 \inbound
19.12.2013 18:03:18.467 \outbound
19.12.2013 18:03:18.687 \config
19.12.2013 18:03:18.687 \md5
19.12.2013 18:03:18.687 \DPSCom
19.12.2013 18:03:18.687 \logs
19.12.2013 18:03:18.687 \inbound
19.12.2013 18:03:18.687 \outbound
19.12.2013 18:03:18.708 \config
19.12.2013 18:03:18.708 \md5
19.12.2013 18:03:18.708 \DPSCom
19.12.2013 18:03:18.708 \logs
19.12.2013 18:03:18.708 \inbound
19.12.2013 18:03:18.708 \outbound
19.12.2013 18:03:18.935 \config
19.12.2013 18:03:18.935 \md5
19.12.2013 18:03:18.935 \DPSCom
19.12.2013 18:03:18.935 \logs
19.12.2013 18:03:18.935 \inbound
19.12.2013 18:03:18.935 \outbound
19.12.2013 18:03:19.153 \config
19.12.2013 18:03:19.153 \md5
19.12.2013 18:03:19.153 \DPSCom
19.12.2013 18:03:19.153 \logs
19.12.2013 18:03:19.153 \inbound
19.12.2013 18:03:19.153 \outbound
19.12.2013 18:03:19.163 \config
19.12.2013 18:03:19.163 \md5
19.12.2013 18:03:19.163 \DPSCom
19.12.2013 18:03:19.163 \logs
19.12.2013 18:03:19.163 \inbound
19.12.2013 18:03:19.163 \outbound
19.12.2013 18:03:19.409 \config
19.12.2013 18:03:19.409 \md5
19.12.2013 18:03:19.409 \DPSCom
19.12.2013 18:03:19.409 \logs
19.12.2013 18:03:19.409 \inbound
19.12.2013 18:03:19.409 \outbound
19.12.2013 18:03:19.426 \config
19.12.2013 18:03:19.426 \md5
19.12.2013 18:03:19.426 \DPSCom
19.12.2013 18:03:19.426 \logs
19.12.2013 18:03:19.426 \inbound
19.12.2013 18:03:19.426 \outbound
19.12.2013 18:03:19.646 \config
19.12.2013 18:03:19.646 \md5
19.12.2013 18:03:19.646 \DPSCom
19.12.2013 18:03:19.646 \logs
19.12.2013 18:03:19.646 \inbound
19.12.2013 18:03:19.646 \outbound
19.12.2013 18:03:19.865 \config
19.12.2013 18:03:19.865 \md5
19.12.2013 18:03:19.865 \DPSCom
19.12.2013 18:03:19.866 \logs
19.12.2013 18:03:19.866 \inbound
19.12.2013 18:03:19.866 \outbound
19.12.2013 18:03:20.096 \config
19.12.2013 18:03:20.096 \md5
19.12.2013 18:03:20.096 \DPSCom
19.12.2013 18:03:20.096 \logs
19.12.2013 18:03:20.096 \inbound
19.12.2013 18:03:20.096 \outbound
19.12.2013 18:03:20.338 \config
19.12.2013 18:03:20.338 \md5
19.12.2013 18:03:20.338 \DPSCom
19.12.2013 18:03:20.338 \logs
19.12.2013 18:03:20.338 \inbound
19.12.2013 18:03:20.338 \outbound
19.12.2013 18:03:20.356 \config
19.12.2013 18:03:20.356 \md5
19.12.2013 18:03:20.356 \DPSCom
19.12.2013 18:03:20.356 \logs
19.12.2013 18:03:20.356 \inbound
19.12.2013 18:03:20.356 \outbound
19.12.2013 18:03:20.583 \config
19.12.2013 18:03:20.583 \md5
19.12.2013 18:03:20.583 \DPSCom
19.12.2013 18:03:20.583 \logs
19.12.2013 18:03:20.583 \inbound
19.12.2013 18:03:20.583 \outbound
