16.12.2013 17:30:46.229 TCancelUpdate start ...
16.12.2013 17:32:29.468 TCancelUpdate start ...
16.12.2013 17:32:41.473 C:\Users\PiskunovI\Desktop\Workplace\16.12.2013\Updater (16.12.2013)
16.12.2013 17:32:41.473 sPath: C:\Users\PiskunovI\Desktop\Workplace\16.12.2013\Updater (16.12.2013)\adv\
16.12.2013 17:32:41.473 sPathErased:C:\WebClient\Workplace\16.12.2013\Updater (16.12.2013)\adv\
16.12.2013 17:32:41.473 Copy: C:\Users\PiskunovI\Desktop\Workplace\16.12.2013\Updater (16.12.2013)\adv\1.jpg
16.12.2013 17:32:41.473 Send to: C:\WebClient\Workplace\16.12.2013\Updater (16.12.2013)\adv\1.jpg
16.12.2013 17:32:41.483 sPath: C:\Users\PiskunovI\Desktop\Workplace\16.12.2013\Updater (16.12.2013)\adv\
16.12.2013 17:32:41.483 sPathErased:C:\WebClient\Workplace\16.12.2013\Updater (16.12.2013)\adv\
16.12.2013 17:32:41.483 Copy: C:\Users\PiskunovI\Desktop\Workplace\16.12.2013\Updater (16.12.2013)\adv\2.jpg
16.12.2013 17:32:41.483 Send to: C:\WebClient\Workplace\16.12.2013\Updater (16.12.2013)\adv\2.jpg
16.12.2013 17:32:41.483 sPath: C:\Users\PiskunovI\Desktop\Workplace\16.12.2013\Updater (16.12.2013)\adv\
16.12.2013 17:32:41.483 sPathErased:C:\WebClient\Workplace\16.12.2013\Updater (16.12.2013)\adv\
16.12.2013 17:32:41.483 Copy: C:\Users\PiskunovI\Desktop\Workplace\16.12.2013\Updater (16.12.2013)\adv\3.jpg
16.12.2013 17:32:41.483 Send to: C:\WebClient\Workplace\16.12.2013\Updater (16.12.2013)\adv\3.jpg
16.12.2013 17:32:41.483 sPath: C:\Users\PiskunovI\Desktop\Workplace\16.12.2013\Updater (16.12.2013)\adv\Backup\images\logs\modules\
16.12.2013 17:32:41.483 sPathErased:C:\WebClient\Workplace\16.12.2013\Updater (16.12.2013)\adv\Backup\images\logs\modules\
16.12.2013 17:32:41.483 Copy: C:\Users\PiskunovI\Desktop\Workplace\16.12.2013\Updater (16.12.2013)\adv\Backup\images\logs\modules\Unit1.cpp
16.12.2013 17:32:41.483 Send to: C:\WebClient\Workplace\16.12.2013\Updater (16.12.2013)\adv\Backup\images\logs\modules\Unit1.cpp
16.12.2013 17:32:41.483 sPath: C:\Users\PiskunovI\Desktop\Workplace\16.12.2013\Updater (16.12.2013)\adv\Backup\images\logs\modules\
16.12.2013 17:32:41.483 sPathErased:C:\WebClient\Workplace\16.12.2013\Updater (16.12.2013)\adv\Backup\images\logs\modules\
16.12.2013 17:32:41.483 Copy: C:\Users\PiskunovI\Desktop\Workplace\16.12.2013\Updater (16.12.2013)\adv\Backup\images\logs\modules\Unit1.ddp
16.12.2013 17:32:41.483 Send to: C:\WebClient\Workplace\16.12.2013\Updater (16.12.2013)\adv\Backup\images\logs\modules\Unit1.ddp
16.12.2013 17:32:41.483 sPath: C:\Users\PiskunovI\Desktop\Workplace\16.12.2013\Updater (16.12.2013)\adv\Backup\images\logs\modules\
16.12.2013 17:32:41.483 sPathErased:C:\WebClient\Workplace\16.12.2013\Updater (16.12.2013)\adv\Backup\images\logs\modules\
16.12.2013 17:32:41.483 Copy: C:\Users\PiskunovI\Desktop\Workplace\16.12.2013\Updater (16.12.2013)\adv\Backup\images\logs\modules\Unit1.dfm
16.12.2013 17:32:41.483 Send to: C:\WebClient\Workplace\16.12.2013\Updater (16.12.2013)\adv\Backup\images\logs\modules\Unit1.dfm
16.12.2013 17:32:41.483 sPath: C:\Users\PiskunovI\Desktop\Workplace\16.12.2013\Updater (16.12.2013)\adv\Backup\images\logs\modules\
16.12.2013 17:32:41.483 sPathErased:C:\WebClient\Workplace\16.12.2013\Updater (16.12.2013)\adv\Backup\images\logs\modules\
16.12.2013 17:32:41.483 Copy: C:\Users\PiskunovI\Desktop\Workplace\16.12.2013\Updater (16.12.2013)\adv\Backup\images\logs\modules\Unit1.h
16.12.2013 17:32:41.483 Send to: C:\WebClient\Workplace\16.12.2013\Updater (16.12.2013)\adv\Backup\images\logs\modules\Unit1.h
16.12.2013 17:32:41.483 sPath: C:\Users\PiskunovI\Desktop\Workplace\16.12.2013\Updater (16.12.2013)\adv\Backup\images\logs\modules\
16.12.2013 17:32:41.483 sPathErased:C:\WebClient\Workplace\16.12.2013\Updater (16.12.2013)\adv\Backup\images\logs\modules\
16.12.2013 17:32:41.483 Copy: C:\Users\PiskunovI\Desktop\Workplace\16.12.2013\Updater (16.12.2013)\adv\Backup\images\logs\modules\Unit1.obj
16.12.2013 17:32:41.483 Send to: C:\WebClient\Workplace\16.12.2013\Updater (16.12.2013)\adv\Backup\images\logs\modules\Unit1.obj
16.12.2013 17:32:41.483 sPath: C:\Users\PiskunovI\Desktop\Workplace\16.12.2013\Updater (16.12.2013)\adv\Backup\images\logs\modules\
16.12.2013 17:32:41.483 sPathErased:C:\WebClient\Workplace\16.12.2013\Updater (16.12.2013)\adv\Backup\images\logs\modules\
16.12.2013 17:32:41.483 Copy: C:\Users\PiskunovI\Desktop\Workplace\16.12.2013\Updater (16.12.2013)\adv\Backup\images\logs\modules\Unit1.~cpp
16.12.2013 17:32:41.483 Send to: C:\WebClient\Workplace\16.12.2013\Updater (16.12.2013)\adv\Backup\images\logs\modules\Unit1.~cpp
16.12.2013 17:32:41.483 sPath: C:\Users\PiskunovI\Desktop\Workplace\16.12.2013\Updater (16.12.2013)\adv\Backup\images\logs\modules\
16.12.2013 17:32:41.483 sPathErased:C:\WebClient\Workplace\16.12.2013\Updater (16.12.2013)\adv\Backup\images\logs\modules\
16.12.2013 17:32:41.483 Copy: C:\Users\PiskunovI\Desktop\Workplace\16.12.2013\Updater (16.12.2013)\adv\Backup\images\logs\modules\Unit1.~ddp
16.12.2013 17:32:41.483 Send to: C:\WebClient\Workplace\16.12.2013\Updater (16.12.2013)\adv\Backup\images\logs\modules\Unit1.~ddp
16.12.2013 17:32:41.483 sPath: C:\Users\PiskunovI\Desktop\Workplace\16.12.2013\Updater (16.12.2013)\adv\Backup\images\logs\modules\
16.12.2013 17:32:41.483 sPathErased:C:\WebClient\Workplace\16.12.2013\Updater (16.12.2013)\adv\Backup\images\logs\modules\
16.12.2013 17:32:41.483 Copy: C:\Users\PiskunovI\Desktop\Workplace\16.12.2013\Updater (16.12.2013)\adv\Backup\images\logs\modules\Unit1.~dfm
16.12.2013 17:32:41.483 Send to: C:\WebClient\Workplace\16.12.2013\Updater (16.12.2013)\adv\Backup\images\logs\modules\Unit1.~dfm
16.12.2013 17:32:41.483 sPath: C:\Users\PiskunovI\Desktop\Workplace\16.12.2013\Updater (16.12.2013)\adv\Backup\images\logs\modules\
16.12.2013 17:32:41.483 sPathErased:C:\WebClient\Workplace\16.12.2013\Updater (16.12.2013)\adv\Backup\images\logs\modules\
16.12.2013 17:32:41.483 Copy: C:\Users\PiskunovI\Desktop\Workplace\16.12.2013\Updater (16.12.2013)\adv\Backup\images\logs\modules\Unit1.~h
16.12.2013 17:32:41.483 Send to: C:\WebClient\Workplace\16.12.2013\Updater (16.12.2013)\adv\Backup\images\logs\modules\Unit1.~h
16.12.2013 17:32:41.483 sPath: C:\Users\PiskunovI\Desktop\Workplace\16.12.2013\Updater (16.12.2013)\adv\Backup\images\logs\modules\
16.12.2013 17:32:41.483 sPathErased:C:\WebClient\Workplace\16.12.2013\Updater (16.12.2013)\adv\Backup\images\logs\modules\
16.12.2013 17:32:41.483 Copy: C:\Users\PiskunovI\Desktop\Workplace\16.12.2013\Updater (16.12.2013)\adv\Backup\images\logs\modules\Updater.bpr
16.12.2013 17:32:41.483 Send to: C:\WebClient\Workplace\16.12.2013\Updater (16.12.2013)\adv\Backup\images\logs\modules\Updater.bpr
16.12.2013 17:32:41.483 sPath: C:\Users\PiskunovI\Desktop\Workplace\16.12.2013\Updater (16.12.2013)\adv\Backup\images\logs\modules\
16.12.2013 17:32:41.483 sPathErased:C:\WebClient\Workplace\16.12.2013\Updater (16.12.2013)\adv\Backup\images\logs\modules\
16.12.2013 17:32:41.483 Copy: C:\Users\PiskunovI\Desktop\Workplace\16.12.2013\Updater (16.12.2013)\adv\Backup\images\logs\modules\Updater.cpp
16.12.2013 17:32:41.483 Send to: C:\WebClient\Workplace\16.12.2013\Updater (16.12.2013)\adv\Backup\images\logs\modules\Updater.cpp
16.12.2013 17:32:41.483 sPath: C:\Users\PiskunovI\Desktop\Workplace\16.12.2013\Updater (16.12.2013)\adv\Backup\images\logs\modules\
16.12.2013 17:32:41.483 sPathErased:C:\WebClient\Workplace\16.12.2013\Updater (16.12.2013)\adv\Backup\images\logs\modules\
16.12.2013 17:32:41.483 Copy: C:\Users\PiskunovI\Desktop\Workplace\16.12.2013\Updater (16.12.2013)\adv\Backup\images\logs\modules\Updater.exe
16.12.2013 17:32:41.483 Send to: C:\WebClient\Workplace\16.12.2013\Updater (16.12.2013)\adv\Backup\images\logs\modules\Updater.exe
16.12.2013 17:32:41.483 sPath: C:\Users\PiskunovI\Desktop\Workplace\16.12.2013\Updater (16.12.2013)\adv\Backup\images\logs\modules\
16.12.2013 17:32:41.483 sPathErased:C:\WebClient\Workplace\16.12.2013\Updater (16.12.2013)\adv\Backup\images\logs\modules\
16.12.2013 17:32:41.483 Copy: C:\Users\PiskunovI\Desktop\Workplace\16.12.2013\Updater (16.12.2013)\adv\Backup\images\logs\modules\Updater.obj
16.12.2013 17:32:41.483 Send to: C:\WebClient\Workplace\16.12.2013\Updater (16.12.2013)\adv\Backup\images\logs\modules\Updater.obj
16.12.2013 17:32:41.483 sPath: C:\Users\PiskunovI\Desktop\Workplace\16.12.2013\Updater (16.12.2013)\adv\Backup\images\logs\modules\
16.12.2013 17:32:41.483 sPathErased:C:\WebClient\Workplace\16.12.2013\Updater (16.12.2013)\adv\Backup\images\logs\modules\
16.12.2013 17:32:41.483 Copy: C:\Users\PiskunovI\Desktop\Workplace\16.12.2013\Updater (16.12.2013)\adv\Backup\images\logs\modules\Updater.res
16.12.2013 17:32:41.483 Send to: C:\WebClient\Workplace\16.12.2013\Updater (16.12.2013)\adv\Backup\images\logs\modules\Updater.res
16.12.2013 17:32:41.483 sPath: C:\Users\PiskunovI\Desktop\Workplace\16.12.2013\Updater (16.12.2013)\adv\Backup\images\logs\modules\
16.12.2013 17:32:41.483 sPathErased:C:\WebClient\Workplace\16.12.2013\Updater (16.12.2013)\adv\Backup\images\logs\modules\
16.12.2013 17:32:41.483 Copy: C:\Users\PiskunovI\Desktop\Workplace\16.12.2013\Updater (16.12.2013)\adv\Backup\images\logs\modules\Updater.tds
16.12.2013 17:32:41.483 Send to: C:\WebClient\Workplace\16.12.2013\Updater (16.12.2013)\adv\Backup\images\logs\modules\Updater.tds
16.12.2013 17:32:41.483 sPath: C:\Users\PiskunovI\Desktop\Workplace\16.12.2013\Updater (16.12.2013)\adv\Backup\images\logs\modules\
16.12.2013 17:32:41.483 sPathErased:C:\WebClient\Workplace\16.12.2013\Updater (16.12.2013)\adv\Backup\images\logs\modules\
16.12.2013 17:32:41.483 Copy: C:\Users\PiskunovI\Desktop\Workplace\16.12.2013\Updater (16.12.2013)\adv\Backup\images\logs\modules\Updater.~bpr
16.12.2013 17:32:41.483 Send to: C:\WebClient\Workplace\16.12.2013\Updater (16.12.2013)\adv\Backup\images\logs\modules\Updater.~bpr
16.12.2013 17:32:41.483 sPath: C:\Users\PiskunovI\Desktop\Workplace\16.12.2013\Updater (16.12.2013)\adv\Backup\images\logs\modules\
16.12.2013 17:32:41.483 sPathErased:C:\WebClient\Workplace\16.12.2013\Updater (16.12.2013)\adv\Backup\images\logs\modules\
16.12.2013 17:32:41.483 Copy: C:\Users\PiskunovI\Desktop\Workplace\16.12.2013\Updater (16.12.2013)\adv\Backup\images\logs\modules\Updater.~cpp
16.12.2013 17:32:41.483 Send to: C:\WebClient\Workplace\16.12.2013\Updater (16.12.2013)\adv\Backup\images\logs\modules\Updater.~cpp
16.12.2013 17:32:41.483 Finishing BackUp operations . . . 
16.12.2013 17:32:41.483 Starting C:\WebClient\DPSKiosk.exe...OK.
16.12.2013 17:34:46.718 TCancelUpdate start ...
16.12.2013 17:34:50.719 C:\Users\PiskunovI\Desktop\Workplace\16.12.2013\Updater (16.12.2013)
16.12.2013 17:34:50.719 sPath: C:\Users\PiskunovI\Desktop\Workplace\16.12.2013\Updater (16.12.2013)\adv\
16.12.2013 17:34:50.719 sPathErased:C:\WebClient\Workplace\16.12.2013\Updater (16.12.2013)\adv\
16.12.2013 17:34:50.719 Copy: C:\Users\PiskunovI\Desktop\Workplace\16.12.2013\Updater (16.12.2013)\adv\1.jpg
16.12.2013 17:34:50.719 Send to: C:\WebClient\Workplace\16.12.2013\Updater (16.12.2013)\adv\1.jpg
16.12.2013 17:34:50.719 sPath: C:\Users\PiskunovI\Desktop\Workplace\16.12.2013\Updater (16.12.2013)\adv\
16.12.2013 17:34:50.719 sPathErased:C:\WebClient\Workplace\16.12.2013\Updater (16.12.2013)\adv\
16.12.2013 17:34:50.719 Copy: C:\Users\PiskunovI\Desktop\Workplace\16.12.2013\Updater (16.12.2013)\adv\2.jpg
16.12.2013 17:34:50.719 Send to: C:\WebClient\Workplace\16.12.2013\Updater (16.12.2013)\adv\2.jpg
16.12.2013 17:34:50.719 sPath: C:\Users\PiskunovI\Desktop\Workplace\16.12.2013\Updater (16.12.2013)\adv\
16.12.2013 17:34:50.719 sPathErased:C:\WebClient\Workplace\16.12.2013\Updater (16.12.2013)\adv\
16.12.2013 17:34:50.719 Copy: C:\Users\PiskunovI\Desktop\Workplace\16.12.2013\Updater (16.12.2013)\adv\3.jpg
16.12.2013 17:34:50.719 Send to: C:\WebClient\Workplace\16.12.2013\Updater (16.12.2013)\adv\3.jpg
16.12.2013 17:34:50.719 sPath: C:\Users\PiskunovI\Desktop\Workplace\16.12.2013\Updater (16.12.2013)\adv\Backup\images\logs\modules\
16.12.2013 17:34:50.719 sPathErased:C:\WebClient\Workplace\16.12.2013\Updater (16.12.2013)\adv\Backup\images\logs\modules\
16.12.2013 17:34:50.719 Copy: C:\Users\PiskunovI\Desktop\Workplace\16.12.2013\Updater (16.12.2013)\adv\Backup\images\logs\modules\Unit1.cpp
16.12.2013 17:34:50.719 Send to: C:\WebClient\Workplace\16.12.2013\Updater (16.12.2013)\adv\Backup\images\logs\modules\Unit1.cpp
16.12.2013 17:34:50.719 sPath: C:\Users\PiskunovI\Desktop\Workplace\16.12.2013\Updater (16.12.2013)\adv\Backup\images\logs\modules\
16.12.2013 17:34:50.719 sPathErased:C:\WebClient\Workplace\16.12.2013\Updater (16.12.2013)\adv\Backup\images\logs\modules\
16.12.2013 17:34:50.719 Copy: C:\Users\PiskunovI\Desktop\Workplace\16.12.2013\Updater (16.12.2013)\adv\Backup\images\logs\modules\Unit1.ddp
16.12.2013 17:34:50.719 Send to: C:\WebClient\Workplace\16.12.2013\Updater (16.12.2013)\adv\Backup\images\logs\modules\Unit1.ddp
16.12.2013 17:34:50.719 sPath: C:\Users\PiskunovI\Desktop\Workplace\16.12.2013\Updater (16.12.2013)\adv\Backup\images\logs\modules\
16.12.2013 17:34:50.719 sPathErased:C:\WebClient\Workplace\16.12.2013\Updater (16.12.2013)\adv\Backup\images\logs\modules\
16.12.2013 17:34:50.719 Copy: C:\Users\PiskunovI\Desktop\Workplace\16.12.2013\Updater (16.12.2013)\adv\Backup\images\logs\modules\Unit1.dfm
16.12.2013 17:34:50.719 Send to: C:\WebClient\Workplace\16.12.2013\Updater (16.12.2013)\adv\Backup\images\logs\modules\Unit1.dfm
16.12.2013 17:34:50.719 sPath: C:\Users\PiskunovI\Desktop\Workplace\16.12.2013\Updater (16.12.2013)\adv\Backup\images\logs\modules\
16.12.2013 17:34:50.719 sPathErased:C:\WebClient\Workplace\16.12.2013\Updater (16.12.2013)\adv\Backup\images\logs\modules\
16.12.2013 17:34:50.719 Copy: C:\Users\PiskunovI\Desktop\Workplace\16.12.2013\Updater (16.12.2013)\adv\Backup\images\logs\modules\Unit1.h
16.12.2013 17:34:50.719 Send to: C:\WebClient\Workplace\16.12.2013\Updater (16.12.2013)\adv\Backup\images\logs\modules\Unit1.h
16.12.2013 17:34:50.719 sPath: C:\Users\PiskunovI\Desktop\Workplace\16.12.2013\Updater (16.12.2013)\adv\Backup\images\logs\modules\
16.12.2013 17:34:50.719 sPathErased:C:\WebClient\Workplace\16.12.2013\Updater (16.12.2013)\adv\Backup\images\logs\modules\
16.12.2013 17:34:50.719 Copy: C:\Users\PiskunovI\Desktop\Workplace\16.12.2013\Updater (16.12.2013)\adv\Backup\images\logs\modules\Unit1.obj
16.12.2013 17:34:50.719 Send to: C:\WebClient\Workplace\16.12.2013\Updater (16.12.2013)\adv\Backup\images\logs\modules\Unit1.obj
16.12.2013 17:34:50.719 sPath: C:\Users\PiskunovI\Desktop\Workplace\16.12.2013\Updater (16.12.2013)\adv\Backup\images\logs\modules\
16.12.2013 17:34:50.719 sPathErased:C:\WebClient\Workplace\16.12.2013\Updater (16.12.2013)\adv\Backup\images\logs\modules\
16.12.2013 17:34:50.719 Copy: C:\Users\PiskunovI\Desktop\Workplace\16.12.2013\Updater (16.12.2013)\adv\Backup\images\logs\modules\Unit1.~cpp
16.12.2013 17:34:50.719 Send to: C:\WebClient\Workplace\16.12.2013\Updater (16.12.2013)\adv\Backup\images\logs\modules\Unit1.~cpp
16.12.2013 17:34:50.719 sPath: C:\Users\PiskunovI\Desktop\Workplace\16.12.2013\Updater (16.12.2013)\adv\Backup\images\logs\modules\
16.12.2013 17:34:50.719 sPathErased:C:\WebClient\Workplace\16.12.2013\Updater (16.12.2013)\adv\Backup\images\logs\modules\
16.12.2013 17:34:50.719 Copy: C:\Users\PiskunovI\Desktop\Workplace\16.12.2013\Updater (16.12.2013)\adv\Backup\images\logs\modules\Unit1.~ddp
16.12.2013 17:34:50.719 Send to: C:\WebClient\Workplace\16.12.2013\Updater (16.12.2013)\adv\Backup\images\logs\modules\Unit1.~ddp
16.12.2013 17:34:50.719 sPath: C:\Users\PiskunovI\Desktop\Workplace\16.12.2013\Updater (16.12.2013)\adv\Backup\images\logs\modules\
16.12.2013 17:34:50.719 sPathErased:C:\WebClient\Workplace\16.12.2013\Updater (16.12.2013)\adv\Backup\images\logs\modules\
16.12.2013 17:34:50.719 Copy: C:\Users\PiskunovI\Desktop\Workplace\16.12.2013\Updater (16.12.2013)\adv\Backup\images\logs\modules\Unit1.~dfm
16.12.2013 17:34:50.719 Send to: C:\WebClient\Workplace\16.12.2013\Updater (16.12.2013)\adv\Backup\images\logs\modules\Unit1.~dfm
16.12.2013 17:34:50.719 sPath: C:\Users\PiskunovI\Desktop\Workplace\16.12.2013\Updater (16.12.2013)\adv\Backup\images\logs\modules\
16.12.2013 17:34:50.719 sPathErased:C:\WebClient\Workplace\16.12.2013\Updater (16.12.2013)\adv\Backup\images\logs\modules\
16.12.2013 17:34:50.719 Copy: C:\Users\PiskunovI\Desktop\Workplace\16.12.2013\Updater (16.12.2013)\adv\Backup\images\logs\modules\Unit1.~h
16.12.2013 17:34:50.719 Send to: C:\WebClient\Workplace\16.12.2013\Updater (16.12.2013)\adv\Backup\images\logs\modules\Unit1.~h
16.12.2013 17:34:50.719 sPath: C:\Users\PiskunovI\Desktop\Workplace\16.12.2013\Updater (16.12.2013)\adv\Backup\images\logs\modules\
16.12.2013 17:34:50.719 sPathErased:C:\WebClient\Workplace\16.12.2013\Updater (16.12.2013)\adv\Backup\images\logs\modules\
16.12.2013 17:34:50.719 Copy: C:\Users\PiskunovI\Desktop\Workplace\16.12.2013\Updater (16.12.2013)\adv\Backup\images\logs\modules\Updater.bpr
16.12.2013 17:34:50.719 Send to: C:\WebClient\Workplace\16.12.2013\Updater (16.12.2013)\adv\Backup\images\logs\modules\Updater.bpr
16.12.2013 17:34:50.719 sPath: C:\Users\PiskunovI\Desktop\Workplace\16.12.2013\Updater (16.12.2013)\adv\Backup\images\logs\modules\
16.12.2013 17:34:50.719 sPathErased:C:\WebClient\Workplace\16.12.2013\Updater (16.12.2013)\adv\Backup\images\logs\modules\
16.12.2013 17:34:50.719 Copy: C:\Users\PiskunovI\Desktop\Workplace\16.12.2013\Updater (16.12.2013)\adv\Backup\images\logs\modules\Updater.cpp
16.12.2013 17:34:50.719 Send to: C:\WebClient\Workplace\16.12.2013\Updater (16.12.2013)\adv\Backup\images\logs\modules\Updater.cpp
16.12.2013 17:34:50.719 sPath: C:\Users\PiskunovI\Desktop\Workplace\16.12.2013\Updater (16.12.2013)\adv\Backup\images\logs\modules\
16.12.2013 17:34:50.719 sPathErased:C:\WebClient\Workplace\16.12.2013\Updater (16.12.2013)\adv\Backup\images\logs\modules\
16.12.2013 17:34:50.719 Copy: C:\Users\PiskunovI\Desktop\Workplace\16.12.2013\Updater (16.12.2013)\adv\Backup\images\logs\modules\Updater.exe
16.12.2013 17:34:50.719 Send to: C:\WebClient\Workplace\16.12.2013\Updater (16.12.2013)\adv\Backup\images\logs\modules\Updater.exe
16.12.2013 17:34:50.719 sPath: C:\Users\PiskunovI\Desktop\Workplace\16.12.2013\Updater (16.12.2013)\adv\Backup\images\logs\modules\
16.12.2013 17:34:50.719 sPathErased:C:\WebClient\Workplace\16.12.2013\Updater (16.12.2013)\adv\Backup\images\logs\modules\
16.12.2013 17:34:50.719 Copy: C:\Users\PiskunovI\Desktop\Workplace\16.12.2013\Updater (16.12.2013)\adv\Backup\images\logs\modules\Updater.obj
16.12.2013 17:34:50.719 Send to: C:\WebClient\Workplace\16.12.2013\Updater (16.12.2013)\adv\Backup\images\logs\modules\Updater.obj
16.12.2013 17:34:50.719 sPath: C:\Users\PiskunovI\Desktop\Workplace\16.12.2013\Updater (16.12.2013)\adv\Backup\images\logs\modules\
16.12.2013 17:34:50.719 sPathErased:C:\WebClient\Workplace\16.12.2013\Updater (16.12.2013)\adv\Backup\images\logs\modules\
16.12.2013 17:34:50.719 Copy: C:\Users\PiskunovI\Desktop\Workplace\16.12.2013\Updater (16.12.2013)\adv\Backup\images\logs\modules\Updater.res
16.12.2013 17:34:50.719 Send to: C:\WebClient\Workplace\16.12.2013\Updater (16.12.2013)\adv\Backup\images\logs\modules\Updater.res
16.12.2013 17:34:50.719 sPath: C:\Users\PiskunovI\Desktop\Workplace\16.12.2013\Updater (16.12.2013)\adv\Backup\images\logs\modules\
16.12.2013 17:34:50.719 sPathErased:C:\WebClient\Workplace\16.12.2013\Updater (16.12.2013)\adv\Backup\images\logs\modules\
16.12.2013 17:34:50.719 Copy: C:\Users\PiskunovI\Desktop\Workplace\16.12.2013\Updater (16.12.2013)\adv\Backup\images\logs\modules\Updater.tds
16.12.2013 17:34:50.719 Send to: C:\WebClient\Workplace\16.12.2013\Updater (16.12.2013)\adv\Backup\images\logs\modules\Updater.tds
16.12.2013 17:34:50.719 sPath: C:\Users\PiskunovI\Desktop\Workplace\16.12.2013\Updater (16.12.2013)\adv\Backup\images\logs\modules\
16.12.2013 17:34:50.719 sPathErased:C:\WebClient\Workplace\16.12.2013\Updater (16.12.2013)\adv\Backup\images\logs\modules\
16.12.2013 17:34:50.719 Copy: C:\Users\PiskunovI\Desktop\Workplace\16.12.2013\Updater (16.12.2013)\adv\Backup\images\logs\modules\Updater.~bpr
16.12.2013 17:34:50.719 Send to: C:\WebClient\Workplace\16.12.2013\Updater (16.12.2013)\adv\Backup\images\logs\modules\Updater.~bpr
16.12.2013 17:34:50.719 sPath: C:\Users\PiskunovI\Desktop\Workplace\16.12.2013\Updater (16.12.2013)\adv\Backup\images\logs\modules\
16.12.2013 17:34:50.719 sPathErased:C:\WebClient\Workplace\16.12.2013\Updater (16.12.2013)\adv\Backup\images\logs\modules\
16.12.2013 17:34:50.719 Copy: C:\Users\PiskunovI\Desktop\Workplace\16.12.2013\Updater (16.12.2013)\adv\Backup\images\logs\modules\Updater.~cpp
16.12.2013 17:34:50.719 Send to: C:\WebClient\Workplace\16.12.2013\Updater (16.12.2013)\adv\Backup\images\logs\modules\Updater.~cpp
16.12.2013 17:34:50.719 Finishing BackUp operations . . . 
16.12.2013 17:34:50.719 Starting C:\WebClient\DPSKiosk.exe...OK.
16.12.2013 17:35:19.184 TCancelUpdate start ...
16.12.2013 17:36:46.201 TCancelUpdate start ...
16.12.2013 18:01:55.101 TCancelUpdate start ...
