18.12.2013 10:26:13.671 //-------------- 18.12.2013 10:26:13 -------------------------
18.12.2013 10:26:13.681 Configuration XML has been opened ... 
18.12.2013 10:26:13.711 Try to get Configuretion info...
18.12.2013 10:26:13.711 host: 192.168.1.253.....OK
18.12.2013 10:26:13.711 user: terminals......OK
18.12.2013 10:26:13.711 password: terminals1357.....OK
18.12.2013 10:26:13.711 Connecting to: 192.168.1.253 | terminals | terminals1357 | ... OK 
18.12.2013 10:26:14.161 Соединение с сервером ...Успешно
18.12.2013 10:26:14.171 Connected to: 192.168.1.253
18.12.2013 10:48:46.770 //-------------- 18.12.2013 10:48:46 -------------------------
18.12.2013 10:48:46.770 Configuration XML has been opened ... 
18.12.2013 10:48:46.800 Something wrong with initialization...Check "config.xml" file
18.12.2013 10:51:20.602 //-------------- 18.12.2013 10:51:20 -------------------------
18.12.2013 10:51:20.602 Configuration XML has been opened ... 
18.12.2013 10:51:50.728 //-------------- 18.12.2013 10:51:50 -------------------------
18.12.2013 10:51:50.728 Configuration XML has been opened ... 
18.12.2013 10:51:50.728 Something wrong with initialization...Check "config.xml" file
18.12.2013 10:52:44.549 //-------------- 18.12.2013 10:52:44 -------------------------
18.12.2013 10:52:44.549 Configuration XML has been opened ... 
18.12.2013 10:52:54.620 //-------------- 18.12.2013 10:52:54 -------------------------
18.12.2013 10:52:54.620 Configuration XML has been opened ... 
18.12.2013 10:52:54.620 Something wrong with initialization...Check "config.xml" file
18.12.2013 10:58:14.521 //-------------- 18.12.2013 10:58:14 -------------------------
18.12.2013 10:58:14.523 Configuration XML has been opened ... 
18.12.2013 10:58:14.525 Something wrong with initialization...Check "config.xml" file
18.12.2013 10:58:24.686 //-------------- 18.12.2013 10:58:24 -------------------------
18.12.2013 10:58:24.688 Configuration XML has been opened ... 
18.12.2013 10:58:24.690 Something wrong with initialization...Check "config.xml" file
18.12.2013 10:59:15.416 //-------------- 18.12.2013 10:59:15 -------------------------
18.12.2013 10:59:15.421 Configuration XML has been opened ... 
18.12.2013 10:59:15.424 Try to get Configuretion info...
18.12.2013 10:59:15.424 Something wrong with initialization...Check "config.xml" file
18.12.2013 10:59:15.426 Terminate process DPSKiosk.exe success.
18.12.2013 10:59:15.428 Terminate process DPSCom.exe success.
18.12.2013 11:01:03.367 //-------------- 18.12.2013 11:01:03 -------------------------
18.12.2013 11:01:03.371 Configuration XML has been opened ... 
18.12.2013 11:01:03.386 Try to get Configuretion info...
18.12.2013 11:25:39.067 //-------------- 18.12.2013 11:25:39 -------------------------
18.12.2013 11:25:39.074 Configuration XML has been opened ... 
18.12.2013 11:25:39.077 Try to get Configuretion info...
18.12.2013 11:25:39.077 Something wrong with initialization...Check "config.xml" file
18.12.2013 11:25:39.087 Terminate process DPSKiosk.exe success.
18.12.2013 11:25:39.090 Terminate process DPSCom.exe success.
18.12.2013 11:28:01.001 //-------------- 18.12.2013 11:28:01 -------------------------
18.12.2013 11:28:01.004 Configuration XML has been opened ... 
18.12.2013 11:28:01.015 Try to get Configuretion info...
18.12.2013 11:28:53.767 //-------------- 18.12.2013 11:28:53 -------------------------
18.12.2013 11:28:53.772 Configuration XML has been opened ... 
18.12.2013 11:28:53.775 Try to get Configuretion info...
18.12.2013 11:28:53.776 Something wrong with initialization...Check "config.xml" file
18.12.2013 11:28:58.083 //-------------- 18.12.2013 11:28:58 -------------------------
18.12.2013 11:28:58.085 Configuration XML has been opened ... 
18.12.2013 11:28:58.088 Try to get Configuretion info...
18.12.2013 11:28:58.088 Something wrong with initialization...Check "config.xml" file
18.12.2013 11:29:02.094 //-------------- 18.12.2013 11:29:02 -------------------------
18.12.2013 11:29:02.096 Configuration XML has been opened ... 
18.12.2013 11:29:02.100 Try to get Configuretion info...
18.12.2013 11:29:02.100 Something wrong with initialization...Check "config.xml" file
18.12.2013 11:29:06.026 //-------------- 18.12.2013 11:29:06 -------------------------
18.12.2013 11:29:06.028 Configuration XML has been opened ... 
18.12.2013 11:29:06.030 Try to get Configuretion info...
18.12.2013 11:29:06.030 Something wrong with initialization...Check "config.xml" file
