23.12.2013 17:09:59.220 //-------------- 23.12.2013 17:09:59 -------------------------
23.12.2013 17:09:59.227 Configuration XML has been opened ... 
23.12.2013 17:09:59.230 Try to get Configuretion info...
23.12.2013 17:09:59.230 host: 192.168.1.253.....OK
23.12.2013 17:09:59.230 user: terminals......OK
23.12.2013 17:09:59.230 password: terminals1357.....OK
23.12.2013 17:09:59.230 Connecting to: 192.168.1.253 | terminals | terminals1357 | ... OK 
23.12.2013 17:09:59.629 Соединение с сервером ...Успешно
23.12.2013 17:09:59.630 Connected to: 192.168.1.253
23.12.2013 17:10:03.986 Проверка обновления...started
23.12.2013 17:10:03.994 Added toreload[m]: 21175ddcc0bef1ffd250d8be5b4d1715 *Webclient\interface\iface_runtime.js
23.12.2013 17:10:04.003 Added toreload[m]: 1817b6e7f8c8a7f42e50156bf0d0d536 *Webclient\interface\version.if
23.12.2013 17:10:04.018 Added toreload[m]: 890c601f113a8a6a54b685282d48b1b8 *Webclient\interface\locale\ru\dating_interface_1280x1024_18122013.swf
23.12.2013 17:10:04.033 Added toreload[m]: 7253fe63f0de43ab4df30b5c96b8960d *Webclient\interface\locale\ru\SMSMedia.html
23.12.2013 17:10:04.033 Create Directory: C:\Webclient\
23.12.2013 17:10:04.033 Directory created: C:\Webclient\
23.12.2013 17:10:04.039 Have/Webclient
23.12.2013 17:10:04.077 11
23.12.2013 17:10:04.077 Create Directory: C:\Webclient\taxi\
23.12.2013 17:10:04.077 Directory created: C:\Webclient\taxi\
23.12.2013 17:10:04.079 Have/Webclient/taxi
23.12.2013 17:10:04.092 10
23.12.2013 17:10:04.092 Create Directory: C:\Webclient\outbound\
23.12.2013 17:10:04.092 Directory created: C:\Webclient\outbound\
23.12.2013 17:10:04.094 Have/Webclient/outbound
23.12.2013 17:10:04.106 10
23.12.2013 17:10:04.106 Create Directory: C:\Webclient\outbound\stat\
23.12.2013 17:10:04.107 Directory created: C:\Webclient\outbound\stat\
23.12.2013 17:10:04.109 Have/Webclient/outbound/stat
23.12.2013 17:10:04.130 9
23.12.2013 17:10:04.130 Create Directory: C:\Webclient\logs\
23.12.2013 17:10:04.130 Directory created: C:\Webclient\logs\
23.12.2013 17:10:04.132 Have/Webclient/logs
23.12.2013 17:10:04.148 8
23.12.2013 17:10:04.148 Create Directory: C:\Webclient\interface\
23.12.2013 17:10:04.148 Directory created: C:\Webclient\interface\
23.12.2013 17:10:04.150 Have/Webclient/interface
23.12.2013 17:10:04.176 18
23.12.2013 17:10:04.176 Create Directory: C:\Webclient\interface\theme\
23.12.2013 17:10:04.176 Directory created: C:\Webclient\interface\theme\
23.12.2013 17:10:04.178 Have/Webclient/interface/theme
23.12.2013 17:10:04.192 18
23.12.2013 17:10:04.192 Create Directory: C:\Webclient\interface\theme\17\
23.12.2013 17:10:04.192 Directory created: C:\Webclient\interface\theme\17\
23.12.2013 17:10:04.194 Have/Webclient/interface/theme/17
23.12.2013 17:10:04.209 18
23.12.2013 17:10:04.209 Create Directory: C:\Webclient\interface\theme\17\images\
23.12.2013 17:10:04.209 Directory created: C:\Webclient\interface\theme\17\images\
23.12.2013 17:10:04.211 Have/Webclient/interface/theme/17/images
23.12.2013 17:10:04.227 17
23.12.2013 17:10:04.227 Create Directory: C:\Webclient\interface\skins\
23.12.2013 17:10:04.227 Directory created: C:\Webclient\interface\skins\
23.12.2013 17:10:04.230 Have/Webclient/interface/skins
23.12.2013 17:10:04.243 17
23.12.2013 17:10:04.243 Create Directory: C:\Webclient\interface\skins\metro2\
23.12.2013 17:10:04.243 Directory created: C:\Webclient\interface\skins\metro2\
23.12.2013 17:10:04.246 Have/Webclient/interface/skins/metro2
23.12.2013 17:10:04.259 18
23.12.2013 17:10:04.259 Create Directory: C:\Webclient\interface\skins\metro2\swf\
23.12.2013 17:10:04.259 Directory created: C:\Webclient\interface\skins\metro2\swf\
23.12.2013 17:10:04.261 Have/Webclient/interface/skins/metro2/swf
23.12.2013 17:10:04.276 17
23.12.2013 17:10:04.276 Create Directory: C:\Webclient\interface\skins\metro2\i\
23.12.2013 17:10:04.276 Directory created: C:\Webclient\interface\skins\metro2\i\
23.12.2013 17:10:04.279 Have/Webclient/interface/skins/metro2/i
23.12.2013 17:10:04.547 17
23.12.2013 17:10:04.547 Create Directory: C:\Webclient\interface\skins\metro2\i\op\
23.12.2013 17:10:04.547 Directory created: C:\Webclient\interface\skins\metro2\i\op\
23.12.2013 17:10:04.550 Have/Webclient/interface/skins/metro2/i/op
23.12.2013 17:10:05.043 17
23.12.2013 17:10:05.043 Create Directory: C:\Webclient\interface\skins\metro2\i\op\banks\
23.12.2013 17:10:05.044 Directory created: C:\Webclient\interface\skins\metro2\i\op\banks\
23.12.2013 17:10:05.046 Have/Webclient/interface/skins/metro2/i/op/banks
23.12.2013 17:10:05.059 16
23.12.2013 17:10:05.059 Create Directory: C:\Webclient\interface\mj\
23.12.2013 17:10:05.059 Directory created: C:\Webclient\interface\mj\
23.12.2013 17:10:05.061 Have/Webclient/interface/mj
23.12.2013 17:10:05.076 15
23.12.2013 17:10:05.076 Create Directory: C:\Webclient\interface\marketing\
23.12.2013 17:10:05.077 Directory created: C:\Webclient\interface\marketing\
23.12.2013 17:10:05.079 Have/Webclient/interface/marketing
23.12.2013 17:10:05.092 14
23.12.2013 17:10:05.092 Create Directory: C:\Webclient\interface\locale\
23.12.2013 17:10:05.092 Directory created: C:\Webclient\interface\locale\
23.12.2013 17:10:05.094 Have/Webclient/interface/locale
23.12.2013 17:10:05.106 14
23.12.2013 17:10:05.106 Create Directory: C:\Webclient\interface\locale\ru\
23.12.2013 17:10:05.106 Directory created: C:\Webclient\interface\locale\ru\
23.12.2013 17:10:05.109 Have/Webclient/interface/locale/ru
23.12.2013 17:10:05.131 18
23.12.2013 17:10:05.131 Create Directory: C:\Webclient\interface\locale\ru\osmi\
23.12.2013 17:10:05.131 Directory created: C:\Webclient\interface\locale\ru\osmi\
23.12.2013 17:10:05.134 Have/Webclient/interface/locale/ru/osmi
23.12.2013 17:10:05.146 18
23.12.2013 17:10:05.146 Create Directory: C:\Webclient\interface\locale\ru\osmi\Resources\
23.12.2013 17:10:05.146 Directory created: C:\Webclient\interface\locale\ru\osmi\Resources\
23.12.2013 17:10:05.148 Have/Webclient/interface/locale/ru/osmi/Resources
23.12.2013 17:10:05.160 18
23.12.2013 17:10:05.160 Create Directory: C:\Webclient\interface\locale\ru\osmi\Resources\Images\
23.12.2013 17:10:05.160 Directory created: C:\Webclient\interface\locale\ru\osmi\Resources\Images\
23.12.2013 17:10:05.163 Have/Webclient/interface/locale/ru/osmi/Resources/Images
23.12.2013 17:10:05.174 17
23.12.2013 17:10:05.174 Create Directory: C:\Webclient\interface\locale\ru\sound\
23.12.2013 17:10:05.175 Directory created: C:\Webclient\interface\locale\ru\sound\
23.12.2013 17:10:05.177 Have/Webclient/interface/locale/ru/sound
23.12.2013 17:10:05.189 16
23.12.2013 17:10:05.189 Create Directory: C:\Webclient\interface\locale\ru\Mts_Helper\
23.12.2013 17:10:05.189 Directory created: C:\Webclient\interface\locale\ru\Mts_Helper\
23.12.2013 17:10:05.191 Have/Webclient/interface/locale/ru/Mts_Helper
23.12.2013 17:10:05.204 16
23.12.2013 17:10:05.204 Create Directory: C:\Webclient\interface\locale\ru\Mts_Helper\interface\
23.12.2013 17:10:05.204 Directory created: C:\Webclient\interface\locale\ru\Mts_Helper\interface\
23.12.2013 17:10:05.207 Have/Webclient/interface/locale/ru/Mts_Helper/interface
23.12.2013 17:10:05.220 18
23.12.2013 17:10:05.220 Create Directory: C:\Webclient\interface\locale\ru\Mts_Helper\interface\snd\
23.12.2013 17:10:05.220 Directory created: C:\Webclient\interface\locale\ru\Mts_Helper\interface\snd\
23.12.2013 17:10:05.222 Have/Webclient/interface/locale/ru/Mts_Helper/interface/snd
23.12.2013 17:10:05.234 17
23.12.2013 17:10:05.234 Create Directory: C:\Webclient\interface\locale\ru\Mts_Helper\interface\lib\
23.12.2013 17:10:05.234 Directory created: C:\Webclient\interface\locale\ru\Mts_Helper\interface\lib\
23.12.2013 17:10:05.237 Have/Webclient/interface/locale/ru/Mts_Helper/interface/lib
23.12.2013 17:10:05.249 17
23.12.2013 17:10:05.250 Create Directory: C:\Webclient\interface\locale\ru\Mts_Helper\interface\lib\layouts\
23.12.2013 17:10:05.250 Directory created: C:\Webclient\interface\locale\ru\Mts_Helper\interface\lib\layouts\
23.12.2013 17:10:05.252 Have/Webclient/interface/locale/ru/Mts_Helper/interface/lib/layouts
23.12.2013 17:10:05.264 16
23.12.2013 17:10:05.264 Create Directory: C:\Webclient\interface\locale\ru\Mts_Helper\interface\img\
23.12.2013 17:10:05.264 Directory created: C:\Webclient\interface\locale\ru\Mts_Helper\interface\img\
23.12.2013 17:10:05.267 Have/Webclient/interface/locale/ru/Mts_Helper/interface/img
23.12.2013 17:10:05.283 15
23.12.2013 17:10:05.283 Create Directory: C:\Webclient\interface\locale\ru\jq\
23.12.2013 17:10:05.283 Directory created: C:\Webclient\interface\locale\ru\jq\
23.12.2013 17:10:05.285 Have/Webclient/interface/locale/ru/jq
23.12.2013 17:10:05.297 16
23.12.2013 17:10:05.297 Create Directory: C:\Webclient\interface\locale\ru\jq\js\
23.12.2013 17:10:05.297 Directory created: C:\Webclient\interface\locale\ru\jq\js\
23.12.2013 17:10:05.300 Have/Webclient/interface/locale/ru/jq/js
23.12.2013 17:10:05.312 15
23.12.2013 17:10:05.312 Create Directory: C:\Webclient\interface\locale\ru\jq\css\
23.12.2013 17:10:05.312 Directory created: C:\Webclient\interface\locale\ru\jq\css\
23.12.2013 17:10:05.314 Have/Webclient/interface/locale/ru/jq/css
23.12.2013 17:10:05.326 15
23.12.2013 17:10:05.326 Create Directory: C:\Webclient\interface\locale\ru\jq\css\ui-lightness\
23.12.2013 17:10:05.326 Directory created: C:\Webclient\interface\locale\ru\jq\css\ui-lightness\
23.12.2013 17:10:05.328 Have/Webclient/interface/locale/ru/jq/css/ui-lightness
23.12.2013 17:10:05.340 14
23.12.2013 17:10:05.340 Create Directory: C:\Webclient\interface\locale\ru\bank\
23.12.2013 17:10:05.340 Directory created: C:\Webclient\interface\locale\ru\bank\
23.12.2013 17:10:05.343 Have/Webclient/interface/locale/ru/bank
23.12.2013 17:10:05.355 16
23.12.2013 17:10:05.355 Create Directory: C:\Webclient\interface\locale\ru\bank\lib\
23.12.2013 17:10:05.355 Directory created: C:\Webclient\interface\locale\ru\bank\lib\
23.12.2013 17:10:05.358 Have/Webclient/interface/locale/ru/bank/lib
23.12.2013 17:10:05.371 15
23.12.2013 17:10:05.371 Create Directory: C:\Webclient\interface\locale\ru\bank\images\
23.12.2013 17:10:05.371 Directory created: C:\Webclient\interface\locale\ru\bank\images\
23.12.2013 17:10:05.373 Have/Webclient/interface/locale/ru/bank/images
23.12.2013 17:10:05.386 14
23.12.2013 17:10:05.386 Create Directory: C:\Webclient\interface\locale\ru\bank\css\
23.12.2013 17:10:05.386 Directory created: C:\Webclient\interface\locale\ru\bank\css\
23.12.2013 17:10:05.389 Have/Webclient/interface/locale/ru/bank/css
23.12.2013 17:10:05.400 13
23.12.2013 17:10:05.400 Create Directory: C:\Webclient\interface\lib\
23.12.2013 17:10:05.400 Directory created: C:\Webclient\interface\lib\
23.12.2013 17:10:05.403 Have/Webclient/interface/lib
23.12.2013 17:10:05.415 12
23.12.2013 17:10:05.415 Create Directory: C:\Webclient\interface\images\
23.12.2013 17:10:05.415 Directory created: C:\Webclient\interface\images\
23.12.2013 17:10:05.418 Have/Webclient/interface/images
23.12.2013 17:10:05.430 13
23.12.2013 17:10:05.430 Create Directory: C:\Webclient\interface\images\operators\
23.12.2013 17:10:05.430 Directory created: C:\Webclient\interface\images\operators\
23.12.2013 17:10:05.433 Have/Webclient/interface/images/operators
23.12.2013 17:10:05.865 12
23.12.2013 17:10:05.865 Create Directory: C:\Webclient\interface\images\17\
23.12.2013 17:10:05.865 Directory created: C:\Webclient\interface\images\17\
23.12.2013 17:10:05.868 Have/Webclient/interface/images/17
23.12.2013 17:10:05.883 11
23.12.2013 17:10:05.883 Create Directory: C:\Webclient\interface\if3scen\
23.12.2013 17:10:05.883 Directory created: C:\Webclient\interface\if3scen\
23.12.2013 17:10:05.888 Have/Webclient/interface/if3scen
23.12.2013 17:10:05.900 10
23.12.2013 17:10:05.900 Create Directory: C:\Webclient\interface\if3mods\
23.12.2013 17:10:05.900 Directory created: C:\Webclient\interface\if3mods\
23.12.2013 17:10:05.903 Have/Webclient/interface/if3mods
23.12.2013 17:10:05.916 9
23.12.2013 17:10:05.916 Create Directory: C:\Webclient\interface\if3docs\
23.12.2013 17:10:05.916 Directory created: C:\Webclient\interface\if3docs\
23.12.2013 17:10:05.918 Have/Webclient/interface/if3docs
23.12.2013 17:10:05.930 8
23.12.2013 17:10:05.930 Create Directory: C:\Webclient\interface\adv\
23.12.2013 17:10:05.930 Directory created: C:\Webclient\interface\adv\
23.12.2013 17:10:05.933 Have/Webclient/interface/adv
23.12.2013 17:10:05.945 7
23.12.2013 17:10:05.945 Create Directory: C:\Webclient\inbound\
23.12.2013 17:10:05.946 Directory created: C:\Webclient\inbound\
23.12.2013 17:10:05.948 Have/Webclient/inbound
23.12.2013 17:10:05.967 6
23.12.2013 17:10:05.967 Create Directory: C:\Webclient\DPSCom\
23.12.2013 17:10:05.967 Directory created: C:\Webclient\DPSCom\
23.12.2013 17:10:05.970 Have/Webclient/DPSCom
23.12.2013 17:10:05.983 5
23.12.2013 17:10:05.983 Create Directory: C:\Webclient\config\
23.12.2013 17:10:05.984 Directory created: C:\Webclient\config\
23.12.2013 17:10:05.986 Have/Webclient/config
23.12.2013 17:10:06.003 9
23.12.2013 17:10:06.003 Create Directory: C:\Webclient\config\templates_prim\
23.12.2013 17:10:06.004 Directory created: C:\Webclient\config\templates_prim\
23.12.2013 17:10:06.006 Have/Webclient/config/templates_prim
23.12.2013 17:10:06.023 8
23.12.2013 17:10:06.023 Create Directory: C:\Webclient\config\templates_no_sup\
23.12.2013 17:10:06.023 Directory created: C:\Webclient\config\templates_no_sup\
23.12.2013 17:10:06.026 Have/Webclient/config/templates_no_sup
23.12.2013 17:10:06.045 7
23.12.2013 17:10:06.045 Create Directory: C:\Webclient\config\templates_frk_no_sup\
23.12.2013 17:10:06.045 Directory created: C:\Webclient\config\templates_frk_no_sup\
23.12.2013 17:10:06.047 Have/Webclient/config/templates_frk_no_sup
23.12.2013 17:10:06.068 6
23.12.2013 17:10:06.068 Create Directory: C:\Webclient\config\templates_frk\
23.12.2013 17:10:06.068 Directory created: C:\Webclient\config\templates_frk\
23.12.2013 17:10:06.070 Have/Webclient/config/templates_frk
23.12.2013 17:10:06.089 5
23.12.2013 17:10:06.089 Create Directory: C:\Webclient\config\templates\
23.12.2013 17:10:06.089 Directory created: C:\Webclient\config\templates\
23.12.2013 17:10:06.091 Have/Webclient/config/templates
23.12.2013 17:10:06.110 download: true
23.12.2013 17:10:06.110 Check directory exists ...
23.12.2013 17:10:06.126 ---------C:\Webclient\interface\locale\ru\SMSMedia.html------1s
23.12.2013 17:10:06.126 \config
23.12.2013 17:10:06.126 ---------C:\Webclient\interface\locale\ru\SMSMedia.html------1s
23.12.2013 17:10:06.126 \md5
23.12.2013 17:10:06.126 ---------C:\Webclient\interface\locale\ru\SMSMedia.html------1s
23.12.2013 17:10:06.126 \DPSCom
23.12.2013 17:10:06.126 ---------C:\Webclient\interface\locale\ru\SMSMedia.html------1s
23.12.2013 17:10:06.126 \logs
23.12.2013 17:10:06.127 ---------C:\Webclient\interface\locale\ru\SMSMedia.html------1s
23.12.2013 17:10:06.127 \inbound
23.12.2013 17:10:06.127 ---------C:\Webclient\interface\locale\ru\SMSMedia.html------1s
23.12.2013 17:10:06.127 \outbound
23.12.2013 17:10:06.127 ExceptionList: ends with false
23.12.2013 17:10:06.332 File created : C:\Webclient\interface\locale\ru\SMSMedia.html
23.12.2013 17:10:06.354 ---------C:\Webclient\interface\locale\ru\dating_interface_1280x1024_18122013.swf------1s
23.12.2013 17:10:06.354 \config
23.12.2013 17:10:06.354 ---------C:\Webclient\interface\locale\ru\dating_interface_1280x1024_18122013.swf------1s
23.12.2013 17:10:06.354 \md5
23.12.2013 17:10:06.354 ---------C:\Webclient\interface\locale\ru\dating_interface_1280x1024_18122013.swf------1s
23.12.2013 17:10:06.354 \DPSCom
23.12.2013 17:10:06.354 ---------C:\Webclient\interface\locale\ru\dating_interface_1280x1024_18122013.swf------1s
23.12.2013 17:10:06.354 \logs
23.12.2013 17:10:06.354 ---------C:\Webclient\interface\locale\ru\dating_interface_1280x1024_18122013.swf------1s
23.12.2013 17:10:06.354 \inbound
23.12.2013 17:10:06.354 ---------C:\Webclient\interface\locale\ru\dating_interface_1280x1024_18122013.swf------1s
23.12.2013 17:10:06.354 \outbound
23.12.2013 17:10:06.354 ExceptionList: ends with false
23.12.2013 17:10:06.995 File created : C:\Webclient\interface\locale\ru\dating_interface_1280x1024_18122013.swf
23.12.2013 17:10:07.005 ---------C:\Webclient\interface\version.if------1s
23.12.2013 17:10:07.005 \config
23.12.2013 17:10:07.005 ---------C:\Webclient\interface\version.if------1s
23.12.2013 17:10:07.005 \md5
23.12.2013 17:10:07.005 ---------C:\Webclient\interface\version.if------1s
23.12.2013 17:10:07.005 \DPSCom
23.12.2013 17:10:07.005 ---------C:\Webclient\interface\version.if------1s
23.12.2013 17:10:07.005 \logs
23.12.2013 17:10:07.005 ---------C:\Webclient\interface\version.if------1s
23.12.2013 17:10:07.005 \inbound
23.12.2013 17:10:07.005 ---------C:\Webclient\interface\version.if------1s
23.12.2013 17:10:07.005 \outbound
23.12.2013 17:10:07.005 ExceptionList: ends with false
23.12.2013 17:10:07.010 File created : C:\Webclient\interface\version.if
23.12.2013 17:10:07.020 ---------C:\Webclient\interface\iface_runtime.js------1s
23.12.2013 17:10:07.020 \config
23.12.2013 17:10:07.020 ---------C:\Webclient\interface\iface_runtime.js------1s
23.12.2013 17:10:07.021 \md5
23.12.2013 17:10:07.021 ---------C:\Webclient\interface\iface_runtime.js------1s
23.12.2013 17:10:07.021 \DPSCom
23.12.2013 17:10:07.021 ---------C:\Webclient\interface\iface_runtime.js------1s
23.12.2013 17:10:07.021 \logs
23.12.2013 17:10:07.021 ---------C:\Webclient\interface\iface_runtime.js------1s
23.12.2013 17:10:07.021 \inbound
23.12.2013 17:10:07.021 ---------C:\Webclient\interface\iface_runtime.js------1s
23.12.2013 17:10:07.021 \outbound
23.12.2013 17:10:07.021 ExceptionList: ends with false
23.12.2013 17:10:07.251 File created : C:\Webclient\interface\iface_runtime.js
23.12.2013 17:10:07.251 Disconnect...
23.12.2013 17:10:07.252 Starting C:\WebClient\DPSKiosk.exe...OK.
23.12.2013 17:10:07.258 Starting C:\WebClient\DPSCom.exe...OK.
23.12.2013 17:19:54.416 //-------------- 23.12.2013 17:19:54 -------------------------
23.12.2013 17:19:54.419 Configuration XML has been opened ... 
23.12.2013 17:19:54.423 Try to get Configuretion info...
23.12.2013 17:19:54.423 host: 192.168.1.253.....OK
23.12.2013 17:19:54.423 user: terminals......OK
23.12.2013 17:19:54.423 password: terminals1357.....OK
23.12.2013 17:19:54.423 Connecting to: 192.168.1.253 | terminals | terminals1357 | ... OK 
23.12.2013 17:19:54.567 Соединение с сервером ...Успешно
23.12.2013 17:19:54.569 Connected to: 192.168.1.253
23.12.2013 17:19:57.293 Проверка обновления...started
23.12.2013 17:19:57.334 Added toreload[m]: 16d97a1723ff909c9ac543392fb92e75 *Webclient\interface\locale\ru\main.html
23.12.2013 17:19:57.380 Added toreload[m]: 2731e8c6203843d997e80edd774d25c7 *Webclient\interface\db_errors.js
23.12.2013 17:19:57.386 Added toreload[m]: f218a0bf49da3f46e7311ccc39a9a919 *Webclient\interface\narco.js
23.12.2013 17:19:57.400 Added toreload[m]: a47de88d2637deb84a6b4334f87b7f1c *Webclient\interface\narco_full.js
23.12.2013 17:19:57.413 Added toreload[m]: a725c7bcbdd3ed8003036809f43698a6 *Webclient\interface\mj\mj.js
23.12.2013 17:19:57.434 Added toreload[m]: ff814c22c3e915b75416d1e6ad9f7273 *Webclient\interface\skins\metro2\i\op\int_taiget.gif
23.12.2013 17:19:57.467 Create Directory: C:\Webclient\
23.12.2013 17:19:57.468 Directory created: C:\Webclient\
23.12.2013 17:19:57.474 Have/Webclient
23.12.2013 17:19:57.499 13
23.12.2013 17:19:57.499 Create Directory: C:\Webclient\taxi\
23.12.2013 17:19:57.499 Directory created: C:\Webclient\taxi\
23.12.2013 17:19:57.501 Have/Webclient/taxi
23.12.2013 17:19:57.513 12
23.12.2013 17:19:57.513 Create Directory: C:\Webclient\outbound\
23.12.2013 17:19:57.513 Directory created: C:\Webclient\outbound\
23.12.2013 17:19:57.515 Have/Webclient/outbound
23.12.2013 17:19:57.527 12
23.12.2013 17:19:57.527 Create Directory: C:\Webclient\outbound\stat\
23.12.2013 17:19:57.527 Directory created: C:\Webclient\outbound\stat\
23.12.2013 17:19:57.529 Have/Webclient/outbound/stat
23.12.2013 17:19:57.550 11
23.12.2013 17:19:57.550 Create Directory: C:\Webclient\logs\
23.12.2013 17:19:57.550 Directory created: C:\Webclient\logs\
23.12.2013 17:19:57.553 Have/Webclient/logs
23.12.2013 17:19:57.568 10
23.12.2013 17:19:57.568 Create Directory: C:\Webclient\interface\
23.12.2013 17:19:57.568 Directory created: C:\Webclient\interface\
23.12.2013 17:19:57.571 Have/Webclient/interface
23.12.2013 17:19:57.597 20
23.12.2013 17:19:57.597 Create Directory: C:\Webclient\interface\theme\
23.12.2013 17:19:57.597 Directory created: C:\Webclient\interface\theme\
23.12.2013 17:19:57.599 Have/Webclient/interface/theme
23.12.2013 17:19:57.611 20
23.12.2013 17:19:57.611 Create Directory: C:\Webclient\interface\theme\17\
23.12.2013 17:19:57.611 Directory created: C:\Webclient\interface\theme\17\
23.12.2013 17:19:57.614 Have/Webclient/interface/theme/17
23.12.2013 17:19:57.626 20
23.12.2013 17:19:57.626 Create Directory: C:\Webclient\interface\theme\17\images\
23.12.2013 17:19:57.626 Directory created: C:\Webclient\interface\theme\17\images\
23.12.2013 17:19:57.628 Have/Webclient/interface/theme/17/images
23.12.2013 17:19:57.642 19
23.12.2013 17:19:57.642 Create Directory: C:\Webclient\interface\skins\
23.12.2013 17:19:57.642 Directory created: C:\Webclient\interface\skins\
23.12.2013 17:19:57.645 Have/Webclient/interface/skins
23.12.2013 17:19:57.656 19
23.12.2013 17:19:57.656 Create Directory: C:\Webclient\interface\skins\metro2\
23.12.2013 17:19:57.656 Directory created: C:\Webclient\interface\skins\metro2\
23.12.2013 17:19:57.659 Have/Webclient/interface/skins/metro2
23.12.2013 17:19:57.671 20
23.12.2013 17:19:57.671 Create Directory: C:\Webclient\interface\skins\metro2\swf\
23.12.2013 17:19:57.671 Directory created: C:\Webclient\interface\skins\metro2\swf\
23.12.2013 17:19:57.673 Have/Webclient/interface/skins/metro2/swf
23.12.2013 17:19:57.687 19
23.12.2013 17:19:57.687 Create Directory: C:\Webclient\interface\skins\metro2\i\
23.12.2013 17:19:57.687 Directory created: C:\Webclient\interface\skins\metro2\i\
23.12.2013 17:19:57.690 Have/Webclient/interface/skins/metro2/i
23.12.2013 17:19:57.962 19
23.12.2013 17:19:57.962 Create Directory: C:\Webclient\interface\skins\metro2\i\op\
23.12.2013 17:19:57.962 Directory created: C:\Webclient\interface\skins\metro2\i\op\
23.12.2013 17:19:57.965 Have/Webclient/interface/skins/metro2/i/op
23.12.2013 17:19:58.411 19
23.12.2013 17:19:58.411 Create Directory: C:\Webclient\interface\skins\metro2\i\op\banks\
23.12.2013 17:19:58.411 Directory created: C:\Webclient\interface\skins\metro2\i\op\banks\
23.12.2013 17:19:58.413 Have/Webclient/interface/skins/metro2/i/op/banks
23.12.2013 17:19:58.425 18
23.12.2013 17:19:58.425 Create Directory: C:\Webclient\interface\mj\
23.12.2013 17:19:58.425 Directory created: C:\Webclient\interface\mj\
23.12.2013 17:19:58.428 Have/Webclient/interface/mj
23.12.2013 17:19:58.442 17
23.12.2013 17:19:58.443 Create Directory: C:\Webclient\interface\marketing\
23.12.2013 17:19:58.443 Directory created: C:\Webclient\interface\marketing\
23.12.2013 17:19:58.445 Have/Webclient/interface/marketing
23.12.2013 17:19:58.457 16
23.12.2013 17:19:58.457 Create Directory: C:\Webclient\interface\locale\
23.12.2013 17:19:58.457 Directory created: C:\Webclient\interface\locale\
23.12.2013 17:19:58.460 Have/Webclient/interface/locale
23.12.2013 17:19:58.471 16
23.12.2013 17:19:58.471 Create Directory: C:\Webclient\interface\locale\ru\
23.12.2013 17:19:58.471 Directory created: C:\Webclient\interface\locale\ru\
23.12.2013 17:19:58.474 Have/Webclient/interface/locale/ru
23.12.2013 17:19:58.495 20
23.12.2013 17:19:58.495 Create Directory: C:\Webclient\interface\locale\ru\osmi\
23.12.2013 17:19:58.495 Directory created: C:\Webclient\interface\locale\ru\osmi\
23.12.2013 17:19:58.498 Have/Webclient/interface/locale/ru/osmi
23.12.2013 17:19:58.510 20
23.12.2013 17:19:58.510 Create Directory: C:\Webclient\interface\locale\ru\osmi\Resources\
23.12.2013 17:19:58.510 Directory created: C:\Webclient\interface\locale\ru\osmi\Resources\
23.12.2013 17:19:58.513 Have/Webclient/interface/locale/ru/osmi/Resources
23.12.2013 17:19:58.524 20
23.12.2013 17:19:58.524 Create Directory: C:\Webclient\interface\locale\ru\osmi\Resources\Images\
23.12.2013 17:19:58.524 Directory created: C:\Webclient\interface\locale\ru\osmi\Resources\Images\
23.12.2013 17:19:58.527 Have/Webclient/interface/locale/ru/osmi/Resources/Images
23.12.2013 17:19:58.538 19
23.12.2013 17:19:58.538 Create Directory: C:\Webclient\interface\locale\ru\sound\
23.12.2013 17:19:58.538 Directory created: C:\Webclient\interface\locale\ru\sound\
23.12.2013 17:19:58.541 Have/Webclient/interface/locale/ru/sound
23.12.2013 17:19:58.552 18
23.12.2013 17:19:58.552 Create Directory: C:\Webclient\interface\locale\ru\Mts_Helper\
23.12.2013 17:19:58.553 Directory created: C:\Webclient\interface\locale\ru\Mts_Helper\
23.12.2013 17:19:58.555 Have/Webclient/interface/locale/ru/Mts_Helper
23.12.2013 17:19:58.567 18
23.12.2013 17:19:58.567 Create Directory: C:\Webclient\interface\locale\ru\Mts_Helper\interface\
23.12.2013 17:19:58.567 Directory created: C:\Webclient\interface\locale\ru\Mts_Helper\interface\
23.12.2013 17:19:58.569 Have/Webclient/interface/locale/ru/Mts_Helper/interface
23.12.2013 17:19:58.583 20
23.12.2013 17:19:58.583 Create Directory: C:\Webclient\interface\locale\ru\Mts_Helper\interface\snd\
23.12.2013 17:19:58.583 Directory created: C:\Webclient\interface\locale\ru\Mts_Helper\interface\snd\
23.12.2013 17:19:58.585 Have/Webclient/interface/locale/ru/Mts_Helper/interface/snd
23.12.2013 17:19:58.597 19
23.12.2013 17:19:58.597 Create Directory: C:\Webclient\interface\locale\ru\Mts_Helper\interface\lib\
23.12.2013 17:19:58.597 Directory created: C:\Webclient\interface\locale\ru\Mts_Helper\interface\lib\
23.12.2013 17:19:58.599 Have/Webclient/interface/locale/ru/Mts_Helper/interface/lib
23.12.2013 17:19:58.612 19
23.12.2013 17:19:58.612 Create Directory: C:\Webclient\interface\locale\ru\Mts_Helper\interface\lib\layouts\
23.12.2013 17:19:58.612 Directory created: C:\Webclient\interface\locale\ru\Mts_Helper\interface\lib\layouts\
23.12.2013 17:19:58.615 Have/Webclient/interface/locale/ru/Mts_Helper/interface/lib/layouts
23.12.2013 17:19:58.626 18
23.12.2013 17:19:58.626 Create Directory: C:\Webclient\interface\locale\ru\Mts_Helper\interface\img\
23.12.2013 17:19:58.626 Directory created: C:\Webclient\interface\locale\ru\Mts_Helper\interface\img\
23.12.2013 17:19:58.629 Have/Webclient/interface/locale/ru/Mts_Helper/interface/img
23.12.2013 17:19:58.645 17
23.12.2013 17:19:58.645 Create Directory: C:\Webclient\interface\locale\ru\jq\
23.12.2013 17:19:58.645 Directory created: C:\Webclient\interface\locale\ru\jq\
23.12.2013 17:19:58.647 Have/Webclient/interface/locale/ru/jq
23.12.2013 17:19:58.659 18
23.12.2013 17:19:58.659 Create Directory: C:\Webclient\interface\locale\ru\jq\js\
23.12.2013 17:19:58.659 Directory created: C:\Webclient\interface\locale\ru\jq\js\
23.12.2013 17:19:58.661 Have/Webclient/interface/locale/ru/jq/js
23.12.2013 17:19:58.673 17
23.12.2013 17:19:58.673 Create Directory: C:\Webclient\interface\locale\ru\jq\css\
23.12.2013 17:19:58.673 Directory created: C:\Webclient\interface\locale\ru\jq\css\
23.12.2013 17:19:58.676 Have/Webclient/interface/locale/ru/jq/css
23.12.2013 17:19:58.687 17
23.12.2013 17:19:58.687 Create Directory: C:\Webclient\interface\locale\ru\jq\css\ui-lightness\
23.12.2013 17:19:58.688 Directory created: C:\Webclient\interface\locale\ru\jq\css\ui-lightness\
23.12.2013 17:19:58.690 Have/Webclient/interface/locale/ru/jq/css/ui-lightness
23.12.2013 17:19:58.701 16
23.12.2013 17:19:58.702 Create Directory: C:\Webclient\interface\locale\ru\bank\
23.12.2013 17:19:58.702 Directory created: C:\Webclient\interface\locale\ru\bank\
23.12.2013 17:19:58.704 Have/Webclient/interface/locale/ru/bank
23.12.2013 17:19:58.716 18
23.12.2013 17:19:58.716 Create Directory: C:\Webclient\interface\locale\ru\bank\lib\
23.12.2013 17:19:58.716 Directory created: C:\Webclient\interface\locale\ru\bank\lib\
23.12.2013 17:19:58.719 Have/Webclient/interface/locale/ru/bank/lib
23.12.2013 17:19:58.732 17
23.12.2013 17:19:58.732 Create Directory: C:\Webclient\interface\locale\ru\bank\images\
23.12.2013 17:19:58.732 Directory created: C:\Webclient\interface\locale\ru\bank\images\
23.12.2013 17:19:58.735 Have/Webclient/interface/locale/ru/bank/images
23.12.2013 17:19:58.748 16
23.12.2013 17:19:58.748 Create Directory: C:\Webclient\interface\locale\ru\bank\css\
23.12.2013 17:19:58.748 Directory created: C:\Webclient\interface\locale\ru\bank\css\
23.12.2013 17:19:58.750 Have/Webclient/interface/locale/ru/bank/css
23.12.2013 17:19:58.762 15
23.12.2013 17:19:58.762 Create Directory: C:\Webclient\interface\lib\
23.12.2013 17:19:58.762 Directory created: C:\Webclient\interface\lib\
23.12.2013 17:19:58.764 Have/Webclient/interface/lib
23.12.2013 17:19:58.776 14
23.12.2013 17:19:58.776 Create Directory: C:\Webclient\interface\images\
23.12.2013 17:19:58.776 Directory created: C:\Webclient\interface\images\
23.12.2013 17:19:58.779 Have/Webclient/interface/images
23.12.2013 17:19:58.791 15
23.12.2013 17:19:58.791 Create Directory: C:\Webclient\interface\images\operators\
23.12.2013 17:19:58.791 Directory created: C:\Webclient\interface\images\operators\
23.12.2013 17:19:58.794 Have/Webclient/interface/images/operators
23.12.2013 17:19:59.217 14
23.12.2013 17:19:59.217 Create Directory: C:\Webclient\interface\images\17\
23.12.2013 17:19:59.217 Directory created: C:\Webclient\interface\images\17\
23.12.2013 17:19:59.219 Have/Webclient/interface/images/17
23.12.2013 17:19:59.234 13
23.12.2013 17:19:59.234 Create Directory: C:\Webclient\interface\if3scen\
23.12.2013 17:19:59.234 Directory created: C:\Webclient\interface\if3scen\
23.12.2013 17:19:59.236 Have/Webclient/interface/if3scen
23.12.2013 17:19:59.248 12
23.12.2013 17:19:59.248 Create Directory: C:\Webclient\interface\if3mods\
23.12.2013 17:19:59.249 Directory created: C:\Webclient\interface\if3mods\
23.12.2013 17:19:59.251 Have/Webclient/interface/if3mods
23.12.2013 17:19:59.266 11
23.12.2013 17:19:59.266 Create Directory: C:\Webclient\interface\if3docs\
23.12.2013 17:19:59.266 Directory created: C:\Webclient\interface\if3docs\
23.12.2013 17:19:59.268 Have/Webclient/interface/if3docs
23.12.2013 17:19:59.281 10
23.12.2013 17:19:59.281 Create Directory: C:\Webclient\interface\adv\
23.12.2013 17:19:59.281 Directory created: C:\Webclient\interface\adv\
23.12.2013 17:19:59.284 Have/Webclient/interface/adv
23.12.2013 17:19:59.296 9
23.12.2013 17:19:59.297 Create Directory: C:\Webclient\inbound\
23.12.2013 17:19:59.297 Directory created: C:\Webclient\inbound\
23.12.2013 17:19:59.299 Have/Webclient/inbound
23.12.2013 17:19:59.317 8
23.12.2013 17:19:59.317 Create Directory: C:\Webclient\DPSCom\
23.12.2013 17:19:59.317 Directory created: C:\Webclient\DPSCom\
23.12.2013 17:19:59.319 Have/Webclient/DPSCom
23.12.2013 17:19:59.333 7
23.12.2013 17:19:59.333 Create Directory: C:\Webclient\config\
23.12.2013 17:19:59.333 Directory created: C:\Webclient\config\
23.12.2013 17:19:59.336 Have/Webclient/config
23.12.2013 17:19:59.353 11
23.12.2013 17:19:59.353 Create Directory: C:\Webclient\config\templates_prim\
23.12.2013 17:19:59.353 Directory created: C:\Webclient\config\templates_prim\
23.12.2013 17:19:59.355 Have/Webclient/config/templates_prim
23.12.2013 17:19:59.371 10
23.12.2013 17:19:59.371 Create Directory: C:\Webclient\config\templates_no_sup\
23.12.2013 17:19:59.371 Directory created: C:\Webclient\config\templates_no_sup\
23.12.2013 17:19:59.373 Have/Webclient/config/templates_no_sup
23.12.2013 17:19:59.391 9
23.12.2013 17:19:59.391 Create Directory: C:\Webclient\config\templates_frk_no_sup\
23.12.2013 17:19:59.391 Directory created: C:\Webclient\config\templates_frk_no_sup\
23.12.2013 17:19:59.394 Have/Webclient/config/templates_frk_no_sup
23.12.2013 17:19:59.411 8
23.12.2013 17:19:59.411 Create Directory: C:\Webclient\config\templates_frk\
23.12.2013 17:19:59.411 Directory created: C:\Webclient\config\templates_frk\
23.12.2013 17:19:59.414 Have/Webclient/config/templates_frk
23.12.2013 17:19:59.431 7
23.12.2013 17:19:59.431 Create Directory: C:\Webclient\config\templates\
23.12.2013 17:19:59.431 Directory created: C:\Webclient\config\templates\
23.12.2013 17:19:59.434 Have/Webclient/config/templates
23.12.2013 17:19:59.452 download: true
23.12.2013 17:19:59.452 Check directory exists ...
23.12.2013 17:19:59.479 ---------C:\Webclient\interface\skins\metro2\i\op\int_taiget.gif------1s
23.12.2013 17:19:59.479 \config
23.12.2013 17:19:59.479 ---------C:\Webclient\interface\skins\metro2\i\op\int_taiget.gif------1s
23.12.2013 17:19:59.479 \md5
23.12.2013 17:19:59.479 ---------C:\Webclient\interface\skins\metro2\i\op\int_taiget.gif------1s
23.12.2013 17:19:59.479 \DPSCom
23.12.2013 17:19:59.479 ---------C:\Webclient\interface\skins\metro2\i\op\int_taiget.gif------1s
23.12.2013 17:19:59.479 \logs
23.12.2013 17:19:59.479 ---------C:\Webclient\interface\skins\metro2\i\op\int_taiget.gif------1s
23.12.2013 17:19:59.479 \inbound
23.12.2013 17:19:59.479 ---------C:\Webclient\interface\skins\metro2\i\op\int_taiget.gif------1s
23.12.2013 17:19:59.479 \outbound
23.12.2013 17:19:59.479 ExceptionList: ends with false
23.12.2013 17:19:59.695 File created : C:\Webclient\interface\skins\metro2\i\op\int_taiget.gif
23.12.2013 17:19:59.705 ---------C:\Webclient\interface\mj\mj.js------1s
23.12.2013 17:19:59.705 \config
23.12.2013 17:19:59.705 ---------C:\Webclient\interface\mj\mj.js------1s
23.12.2013 17:19:59.705 \md5
23.12.2013 17:19:59.705 ---------C:\Webclient\interface\mj\mj.js------1s
23.12.2013 17:19:59.705 \DPSCom
23.12.2013 17:19:59.705 ---------C:\Webclient\interface\mj\mj.js------1s
23.12.2013 17:19:59.706 \logs
23.12.2013 17:19:59.706 ---------C:\Webclient\interface\mj\mj.js------1s
23.12.2013 17:19:59.706 \inbound
23.12.2013 17:19:59.706 ---------C:\Webclient\interface\mj\mj.js------1s
23.12.2013 17:19:59.706 \outbound
23.12.2013 17:19:59.706 ExceptionList: ends with false
23.12.2013 17:19:59.915 File created : C:\Webclient\interface\mj\mj.js
23.12.2013 17:19:59.918 ---------C:\Webclient\interface\narco_full.js------1s
23.12.2013 17:19:59.918 \config
23.12.2013 17:19:59.918 ---------C:\Webclient\interface\narco_full.js------1s
23.12.2013 17:19:59.918 \md5
23.12.2013 17:19:59.918 ---------C:\Webclient\interface\narco_full.js------1s
23.12.2013 17:19:59.918 \DPSCom
23.12.2013 17:19:59.918 ---------C:\Webclient\interface\narco_full.js------1s
23.12.2013 17:19:59.918 \logs
23.12.2013 17:19:59.918 ---------C:\Webclient\interface\narco_full.js------1s
23.12.2013 17:19:59.918 \inbound
23.12.2013 17:19:59.918 ---------C:\Webclient\interface\narco_full.js------1s
23.12.2013 17:19:59.918 \outbound
23.12.2013 17:19:59.918 ExceptionList: ends with false
23.12.2013 17:20:00.128 File created : C:\Webclient\interface\narco_full.js
23.12.2013 17:20:00.137 ---------C:\Webclient\interface\narco.js------1s
23.12.2013 17:20:00.137 \config
23.12.2013 17:20:00.137 ---------C:\Webclient\interface\narco.js------1s
23.12.2013 17:20:00.137 \md5
23.12.2013 17:20:00.137 ---------C:\Webclient\interface\narco.js------1s
23.12.2013 17:20:00.137 \DPSCom
23.12.2013 17:20:00.137 ---------C:\Webclient\interface\narco.js------1s
23.12.2013 17:20:00.137 \logs
23.12.2013 17:20:00.137 ---------C:\Webclient\interface\narco.js------1s
23.12.2013 17:20:00.137 \inbound
23.12.2013 17:20:00.137 ---------C:\Webclient\interface\narco.js------1s
23.12.2013 17:20:00.137 \outbound
23.12.2013 17:20:00.137 ExceptionList: ends with false
23.12.2013 17:20:00.355 File created : C:\Webclient\interface\narco.js
23.12.2013 17:20:00.365 ---------C:\Webclient\interface\db_errors.js------1s
23.12.2013 17:20:00.365 \config
23.12.2013 17:20:00.365 ---------C:\Webclient\interface\db_errors.js------1s
23.12.2013 17:20:00.365 \md5
23.12.2013 17:20:00.365 ---------C:\Webclient\interface\db_errors.js------1s
23.12.2013 17:20:00.365 \DPSCom
23.12.2013 17:20:00.365 ---------C:\Webclient\interface\db_errors.js------1s
23.12.2013 17:20:00.365 \logs
23.12.2013 17:20:00.365 ---------C:\Webclient\interface\db_errors.js------1s
23.12.2013 17:20:00.365 \inbound
23.12.2013 17:20:00.365 ---------C:\Webclient\interface\db_errors.js------1s
23.12.2013 17:20:00.365 \outbound
23.12.2013 17:20:00.365 ExceptionList: ends with false
23.12.2013 17:20:00.571 File created : C:\Webclient\interface\db_errors.js
23.12.2013 17:20:00.583 ---------C:\Webclient\interface\locale\ru\main.html------1s
23.12.2013 17:20:00.583 \config
23.12.2013 17:20:00.583 ---------C:\Webclient\interface\locale\ru\main.html------1s
23.12.2013 17:20:00.583 \md5
23.12.2013 17:20:00.583 ---------C:\Webclient\interface\locale\ru\main.html------1s
23.12.2013 17:20:00.584 \DPSCom
23.12.2013 17:20:00.584 ---------C:\Webclient\interface\locale\ru\main.html------1s
23.12.2013 17:20:00.584 \logs
23.12.2013 17:20:00.584 ---------C:\Webclient\interface\locale\ru\main.html------1s
23.12.2013 17:20:00.584 \inbound
23.12.2013 17:20:00.584 ---------C:\Webclient\interface\locale\ru\main.html------1s
23.12.2013 17:20:00.584 \outbound
23.12.2013 17:20:00.584 ExceptionList: ends with false
23.12.2013 17:20:00.791 File created : C:\Webclient\interface\locale\ru\main.html
23.12.2013 17:20:00.791 Disconnect...
23.12.2013 17:20:00.792 Starting C:\WebClient\DPSKiosk.exe...OK.
23.12.2013 17:20:00.800 Starting C:\WebClient\DPSCom.exe...OK.
