25.12.2013 09:03:21.817 Стартовал счетчик ...
25.12.2013 09:03:21.817 Идет обработка данных обновления ...
25.12.2013 09:17:29.454 Стартовал счетчик ...
25.12.2013 09:17:29.454 Идет обработка данных обновления ...
25.12.2013 09:19:07.933 Стартовал счетчик ...
25.12.2013 09:19:07.933 Идет обработка данных обновления ...
25.12.2013 09:22:07.246 Стартовал счетчик ...
25.12.2013 09:22:07.246 Идет обработка данных обновления ...
25.12.2013 09:26:49.287 Стартовал счетчик ...
25.12.2013 09:26:49.287 Идет обработка данных обновления ...
25.12.2013 09:31:05.158 Стартовал счетчик ...
25.12.2013 09:31:05.158 Идет обработка данных обновления ...
25.12.2013 09:33:30.165 Стартовал счетчик ...
25.12.2013 09:33:30.165 Идет обработка данных обновления ...
25.12.2013 09:39:32.319 Произошла ошибка, время ожидания истекло ...
25.12.2013 09:39:32.319 Ошибка обновления терминала
25.12.2013 09:39:32.319 Восстанавливаем последнее удачное обновление
25.12.2013 09:40:41.027 Стартовал счетчик ...
25.12.2013 09:40:41.027 Идет обработка данных обновления ...
25.12.2013 09:51:11.206 Стартовал счетчик ...
25.12.2013 09:51:11.206 Идет обработка данных обновления ...
25.12.2013 09:56:11.116 Стартовал счетчик ...
25.12.2013 09:56:11.116 Идет обработка данных обновления ...
25.12.2013 11:24:08.237 Стартовал счетчик ...
25.12.2013 11:24:08.237 Идет обработка данных обновления ...
25.12.2013 11:28:44.362 Стартовал счетчик ...
25.12.2013 11:28:44.362 Идет обработка данных обновления ...
25.12.2013 11:30:01.782 Стартовал счетчик ...
25.12.2013 11:30:01.782 Идет обработка данных обновления ...
25.12.2013 11:30:15.615 Стартовал счетчик ...
25.12.2013 11:30:15.615 Идет обработка данных обновления ...
25.12.2013 11:31:55.520 Стартовал счетчик ...
25.12.2013 11:31:55.520 Идет обработка данных обновления ...
25.12.2013 16:14:42.637 Стартовал счетчик ...
25.12.2013 16:14:42.657 Идет обработка данных обновления ...
25.12.2013 16:15:17.741 Стартовал счетчик ...
25.12.2013 16:15:17.741 Идет обработка данных обновления ...
25.12.2013 16:18:04.370 Стартовал счетчик ...
25.12.2013 16:18:04.370 Идет обработка данных обновления ...
