20.12.2013 10:18:10.923 ==============Folder list====
20.12.2013 10:18:10.923 Ready . . . 
20.12.2013 10:18:48.579 ==============Folder list====
20.12.2013 10:18:48.579 Ready . . . 
20.12.2013 10:20:34.527 ==============Folder list====
20.12.2013 10:20:34.527 Ready . . . 
20.12.2013 10:23:04.820 ==============Folder list====
20.12.2013 10:23:04.821 Ready . . . 
20.12.2013 10:23:18.370 ==============Folder list====
20.12.2013 10:23:18.370 Ready . . . 
20.12.2013 10:24:23.233 ==============Folder list====
20.12.2013 10:24:23.234 Ready . . . 
20.12.2013 10:34:03.517 ==============Folder list====
20.12.2013 10:34:03.517 Ready . . . 
20.12.2013 10:34:11.300 \config
20.12.2013 10:34:11.300 \md5
20.12.2013 10:34:11.300 \DPSCom
20.12.2013 10:34:11.300 \logs
20.12.2013 10:34:11.300 \inbound
20.12.2013 10:34:11.300 \outbound
20.12.2013 10:34:11.324 \config
20.12.2013 10:34:11.324 \md5
20.12.2013 10:34:11.324 \DPSCom
20.12.2013 10:34:11.324 \logs
20.12.2013 10:34:11.324 \inbound
20.12.2013 10:34:11.324 \outbound
20.12.2013 10:34:51.114 ==============Folder list====
20.12.2013 10:34:51.114 Ready . . . 
20.12.2013 10:35:58.750 ==============Folder list====
20.12.2013 10:35:58.750 Ready . . . 
20.12.2013 10:37:12.906 ==============Folder list====
20.12.2013 10:37:12.906 Ready . . . 
20.12.2013 10:37:18.216 ==============Folder list====
20.12.2013 10:37:18.216 Ready . . . 
20.12.2013 10:39:03.493 ==============Folder list====
20.12.2013 10:39:03.493 Ready . . . 
20.12.2013 10:39:39.548 ==============Folder list====
20.12.2013 10:39:39.548 Ready . . . 
20.12.2013 10:41:41.824 ==============Folder list====
20.12.2013 10:41:41.824 Ready . . . 
20.12.2013 10:42:35.220 ==============Folder list====
20.12.2013 10:42:35.220 Ready . . . 
20.12.2013 10:46:05.244 ==============Folder list====
20.12.2013 10:46:05.244 Ready . . . 
20.12.2013 10:46:34.709 ==============Folder list====
20.12.2013 10:46:34.709 Ready . . . 
20.12.2013 10:57:55.556 ==============Folder list====
20.12.2013 10:57:55.556 Ready . . . 
20.12.2013 10:58:38.318 ==============Folder list====
20.12.2013 10:58:38.318 Ready . . . 
20.12.2013 10:59:28.170 ==============Folder list====
20.12.2013 10:59:28.170 Ready . . . 
20.12.2013 11:00:45.940 ==============Folder list====
20.12.2013 11:00:45.940 Ready . . . 
20.12.2013 11:01:15.336 ==============Folder list====
20.12.2013 11:01:15.336 Ready . . . 
20.12.2013 11:02:08.155 ==============Folder list====
20.12.2013 11:02:08.155 Ready . . . 
20.12.2013 11:02:37.915 ==============Folder list====
20.12.2013 11:02:37.915 Ready . . . 
20.12.2013 11:09:21.444 ==============Folder list====
20.12.2013 11:09:21.444 Ready . . . 
20.12.2013 11:09:47.132 ==============Folder list====
20.12.2013 11:09:47.133 Ready . . . 
20.12.2013 11:14:07.368 ==============Folder list====
20.12.2013 11:14:07.368 Ready . . . 
20.12.2013 11:14:35.486 ==============Folder list====
20.12.2013 11:14:35.486 Ready . . . 
20.12.2013 11:17:51.747 ==============Folder list====
20.12.2013 11:17:51.748 Ready . . . 
20.12.2013 11:18:50.957 ==============Folder list====
20.12.2013 11:18:50.957 Ready . . . 
20.12.2013 11:19:54.636 ==============Folder list====
20.12.2013 11:19:54.636 Ready . . . 
20.12.2013 11:21:04.028 ==============Folder list====
20.12.2013 11:21:04.028 Ready . . . 
20.12.2013 11:25:17.235 ==============Folder list====
20.12.2013 11:25:17.235 Ready . . . 
20.12.2013 11:31:28.082 ==============Folder list====
20.12.2013 11:31:28.082 Ready . . . 
20.12.2013 11:31:54.717 ==============Folder list====
20.12.2013 11:31:54.717 Ready . . . 
20.12.2013 11:36:59.739 ==============Folder list====
20.12.2013 11:36:59.739 Ready . . . 
20.12.2013 11:38:20.086 ==============Folder list====
20.12.2013 11:38:20.086 Ready . . . 
20.12.2013 11:39:10.260 ==============Folder list====
20.12.2013 11:39:10.260 Ready . . . 
20.12.2013 11:39:19.522 ==============Folder list====
20.12.2013 11:39:19.522 Ready . . . 
20.12.2013 11:39:26.807 ==============Folder list====
20.12.2013 11:39:26.807 Ready . . . 
20.12.2013 11:39:43.570 ==============Folder list====
20.12.2013 11:39:43.570 Ready . . . 
20.12.2013 11:40:13.813 ==============Folder list====
20.12.2013 11:40:13.814 Ready . . . 
20.12.2013 11:41:03.791 ==============Folder list====
20.12.2013 11:41:03.791 Ready . . . 
20.12.2013 11:42:52.947 ==============Folder list====
20.12.2013 11:42:52.947 Ready . . . 
20.12.2013 11:43:48.279 ==============Folder list====
20.12.2013 11:43:48.279 Ready . . . 
20.12.2013 11:45:30.688 ==============Folder list====
20.12.2013 11:45:30.688 Ready . . . 
20.12.2013 11:46:08.333 ==============Folder list====
20.12.2013 11:46:08.333 Ready . . . 
20.12.2013 11:46:58.907 ==============Folder list====
20.12.2013 11:46:58.907 Ready . . . 
20.12.2013 11:50:31.051 ==============Folder list====
20.12.2013 11:50:31.051 Ready . . . 
20.12.2013 11:56:44.269 ==============Folder list====
20.12.2013 11:56:44.269 Ready . . . 
20.12.2013 11:56:57.166 ==============Folder list====
20.12.2013 11:56:57.166 Ready . . . 
20.12.2013 12:05:58.919 ==============Folder list====
20.12.2013 12:05:58.919 Ready . . . 
20.12.2013 12:12:31.753 ==============Folder list====
20.12.2013 12:12:31.753 Ready . . . 
20.12.2013 12:13:25.900 ==============Folder list====
20.12.2013 12:13:25.900 Ready . . . 
20.12.2013 12:13:36.363 ==============Folder list====
20.12.2013 12:13:36.363 Ready . . . 
20.12.2013 12:13:46.676 ==============Folder list====
20.12.2013 12:13:46.676 Ready . . . 
20.12.2013 12:13:53.590 ==============Folder list====
20.12.2013 12:13:53.590 Ready . . . 
20.12.2013 12:14:00.185 ==============Folder list====
20.12.2013 12:14:00.185 Ready . . . 
20.12.2013 12:14:07.244 ==============Folder list====
20.12.2013 12:14:07.244 Ready . . . 
20.12.2013 12:14:15.947 ==============Folder list====
20.12.2013 12:14:15.947 Ready . . . 
20.12.2013 12:14:23.570 ==============Folder list====
20.12.2013 12:14:23.570 Ready . . . 
20.12.2013 12:14:33.348 ==============Folder list====
20.12.2013 12:14:33.348 Ready . . . 
20.12.2013 12:14:39.593 ==============Folder list====
20.12.2013 12:14:39.593 Ready . . . 
20.12.2013 12:14:46.430 ==============Folder list====
20.12.2013 12:14:46.430 Ready . . . 
20.12.2013 12:14:55.320 ==============Folder list====
20.12.2013 12:14:55.320 Ready . . . 
20.12.2013 12:15:02.329 ==============Folder list====
20.12.2013 12:15:02.329 Ready . . . 
20.12.2013 12:15:08.599 ==============Folder list====
20.12.2013 12:15:08.599 Ready . . . 
20.12.2013 12:15:16.281 ==============Folder list====
20.12.2013 12:15:16.281 Ready . . . 
20.12.2013 12:15:25.414 ==============Folder list====
20.12.2013 12:15:25.414 Ready . . . 
20.12.2013 12:15:32.583 ==============Folder list====
20.12.2013 12:15:32.583 Ready . . . 
20.12.2013 12:16:03.604 ==============Folder list====
20.12.2013 12:16:03.604 Ready . . . 
20.12.2013 12:16:29.182 ==============Folder list====
20.12.2013 12:16:29.183 Ready . . . 
20.12.2013 12:16:47.537 ==============Folder list====
20.12.2013 12:16:47.537 Ready . . . 
20.12.2013 12:17:07.290 ==============Folder list====
20.12.2013 12:17:07.290 Ready . . . 
20.12.2013 12:17:27.439 ==============Folder list====
20.12.2013 12:17:27.439 Ready . . . 
20.12.2013 12:17:35.387 ==============Folder list====
20.12.2013 12:17:35.387 Ready . . . 
20.12.2013 12:17:43.768 ==============Folder list====
20.12.2013 12:17:43.768 Ready . . . 
20.12.2013 12:17:52.861 ==============Folder list====
20.12.2013 12:17:52.861 Ready . . . 
20.12.2013 12:18:33.511 ==============Folder list====
20.12.2013 12:18:33.511 Ready . . . 
20.12.2013 12:19:25.400 ==============Folder list====
20.12.2013 12:19:25.400 Ready . . . 
20.12.2013 12:19:39.350 ==============Folder list====
20.12.2013 12:19:39.350 Ready . . . 
20.12.2013 12:19:59.797 ==============Folder list====
20.12.2013 12:19:59.797 Ready . . . 
20.12.2013 12:20:52.842 ==============Folder list====
20.12.2013 12:20:52.842 Ready . . . 
20.12.2013 12:21:57.891 ==============Folder list====
20.12.2013 12:21:57.891 Ready . . . 
20.12.2013 12:22:47.738 ==============Folder list====
20.12.2013 12:22:47.738 Ready . . . 
20.12.2013 12:23:04.880 ==============Folder list====
20.12.2013 12:23:04.880 Ready . . . 
20.12.2013 12:23:15.912 \config
20.12.2013 12:23:15.912 \md5
20.12.2013 12:23:15.912 \DPSCom
20.12.2013 12:23:15.912 \logs
20.12.2013 12:23:15.912 \inbound
20.12.2013 12:23:15.913 \outbound
20.12.2013 12:23:15.941 \config
20.12.2013 12:23:15.941 \md5
20.12.2013 12:23:15.941 \DPSCom
20.12.2013 12:23:15.941 \logs
20.12.2013 12:23:15.941 \inbound
20.12.2013 12:23:15.941 \outbound
20.12.2013 12:23:27.364 ==============Folder list====
20.12.2013 12:23:27.364 Ready . . . 
20.12.2013 12:23:34.629 \config
20.12.2013 12:23:34.629 \md5
20.12.2013 12:23:34.629 \DPSCom
20.12.2013 12:23:34.629 \logs
20.12.2013 12:23:34.629 \inbound
20.12.2013 12:23:34.630 \outbound
20.12.2013 12:23:34.648 \config
20.12.2013 12:23:34.648 \md5
20.12.2013 12:23:34.648 \DPSCom
20.12.2013 12:23:34.648 \logs
20.12.2013 12:23:34.648 \inbound
20.12.2013 12:23:34.648 \outbound
20.12.2013 12:24:20.320 ==============Folder list====
20.12.2013 12:24:20.321 Ready . . . 
20.12.2013 12:24:27.793 \config
20.12.2013 12:24:27.793 \md5
20.12.2013 12:24:27.793 \DPSCom
20.12.2013 12:24:27.793 \logs
20.12.2013 12:24:27.793 \inbound
20.12.2013 12:24:27.793 \outbound
20.12.2013 12:24:27.822 \config
20.12.2013 12:24:27.822 \md5
20.12.2013 12:24:27.822 \DPSCom
20.12.2013 12:24:27.822 \logs
20.12.2013 12:24:27.822 \inbound
20.12.2013 12:24:27.822 \outbound
20.12.2013 12:24:28.043 \config
20.12.2013 12:24:28.043 \md5
20.12.2013 12:24:28.043 \DPSCom
20.12.2013 12:24:28.043 \logs
20.12.2013 12:24:28.043 \inbound
20.12.2013 12:24:28.043 \outbound
20.12.2013 12:24:28.280 \config
20.12.2013 12:24:28.280 \md5
20.12.2013 12:24:28.280 \DPSCom
20.12.2013 12:24:28.280 \logs
20.12.2013 12:24:28.280 \inbound
20.12.2013 12:24:28.280 \outbound
20.12.2013 12:24:28.304 \config
20.12.2013 12:24:28.304 \md5
20.12.2013 12:24:28.304 \DPSCom
20.12.2013 12:24:28.304 \logs
20.12.2013 12:24:28.304 \inbound
20.12.2013 12:24:28.304 \outbound
20.12.2013 12:24:28.513 \config
20.12.2013 12:24:28.513 \md5
20.12.2013 12:24:28.513 \DPSCom
20.12.2013 12:24:28.513 \logs
20.12.2013 12:24:28.513 \inbound
20.12.2013 12:24:28.513 \outbound
20.12.2013 12:24:28.730 \config
20.12.2013 12:24:28.730 \md5
20.12.2013 12:24:28.730 \DPSCom
20.12.2013 12:24:28.730 \logs
20.12.2013 12:24:28.730 \inbound
20.12.2013 12:24:28.730 \outbound
20.12.2013 12:24:28.749 \config
20.12.2013 12:24:28.749 \md5
20.12.2013 12:24:28.749 \DPSCom
20.12.2013 12:24:28.749 \logs
20.12.2013 12:24:28.749 \inbound
20.12.2013 12:24:28.749 \outbound
20.12.2013 12:24:28.971 \config
20.12.2013 12:24:28.971 \md5
20.12.2013 12:24:28.971 \DPSCom
20.12.2013 12:24:28.971 \logs
20.12.2013 12:24:28.971 \inbound
20.12.2013 12:24:28.971 \outbound
20.12.2013 12:24:29.203 \config
20.12.2013 12:24:29.203 \md5
20.12.2013 12:24:29.203 \DPSCom
20.12.2013 12:24:29.203 \logs
20.12.2013 12:24:29.203 \inbound
20.12.2013 12:24:29.203 \outbound
20.12.2013 12:24:29.425 \config
20.12.2013 12:24:29.425 \md5
20.12.2013 12:24:29.425 \DPSCom
20.12.2013 12:24:29.425 \logs
20.12.2013 12:24:29.425 \inbound
20.12.2013 12:24:29.425 \outbound
20.12.2013 12:24:29.678 \config
20.12.2013 12:24:29.679 \md5
20.12.2013 12:24:29.679 \DPSCom
20.12.2013 12:24:29.679 \logs
20.12.2013 12:24:29.679 \inbound
20.12.2013 12:24:29.679 \outbound
20.12.2013 12:24:29.713 \config
20.12.2013 12:24:29.713 \md5
20.12.2013 12:24:29.713 \DPSCom
20.12.2013 12:24:29.713 \logs
20.12.2013 12:24:29.713 \inbound
20.12.2013 12:24:29.714 \outbound
20.12.2013 12:24:29.742 \config
20.12.2013 12:24:29.742 \md5
20.12.2013 12:24:29.742 \DPSCom
20.12.2013 12:24:29.743 \logs
20.12.2013 12:24:29.743 \inbound
20.12.2013 12:24:29.743 \outbound
20.12.2013 12:24:29.774 \config
20.12.2013 12:24:29.774 \md5
20.12.2013 12:24:29.774 \DPSCom
20.12.2013 12:24:29.774 \logs
20.12.2013 12:24:29.774 \inbound
20.12.2013 12:24:29.774 \outbound
20.12.2013 12:24:29.811 \config
20.12.2013 12:24:29.811 \md5
20.12.2013 12:24:29.811 \DPSCom
20.12.2013 12:24:29.811 \logs
20.12.2013 12:24:29.811 \inbound
20.12.2013 12:24:29.811 \outbound
20.12.2013 12:24:29.837 \config
20.12.2013 12:24:29.837 \md5
20.12.2013 12:24:29.837 \DPSCom
20.12.2013 12:24:29.837 \logs
20.12.2013 12:24:29.837 \inbound
20.12.2013 12:24:29.837 \outbound
20.12.2013 12:24:29.865 \config
20.12.2013 12:24:29.865 \md5
20.12.2013 12:24:29.865 \DPSCom
20.12.2013 12:24:29.865 \logs
20.12.2013 12:24:29.865 \inbound
20.12.2013 12:24:29.865 \outbound
20.12.2013 12:24:30.100 \config
20.12.2013 12:24:30.100 \md5
20.12.2013 12:24:30.100 \DPSCom
20.12.2013 12:24:30.100 \logs
20.12.2013 12:24:30.100 \inbound
20.12.2013 12:24:30.100 \outbound
20.12.2013 12:24:30.325 \config
20.12.2013 12:24:30.325 \md5
20.12.2013 12:24:30.325 \DPSCom
20.12.2013 12:24:30.325 \logs
20.12.2013 12:24:30.325 \inbound
20.12.2013 12:24:30.325 \outbound
20.12.2013 12:24:30.553 \config
20.12.2013 12:24:30.553 \md5
20.12.2013 12:24:30.553 \DPSCom
20.12.2013 12:24:30.553 \logs
20.12.2013 12:24:30.553 \inbound
20.12.2013 12:24:30.553 \outbound
20.12.2013 12:24:30.836 \config
20.12.2013 12:24:30.836 \md5
20.12.2013 12:24:30.836 \DPSCom
20.12.2013 12:24:30.836 \logs
20.12.2013 12:24:30.836 \inbound
20.12.2013 12:24:30.836 \outbound
20.12.2013 12:24:31.076 \config
20.12.2013 12:24:31.076 \md5
20.12.2013 12:24:31.076 \DPSCom
20.12.2013 12:24:31.076 \logs
20.12.2013 12:24:31.076 \inbound
20.12.2013 12:24:31.076 \outbound
20.12.2013 12:24:31.085 \config
20.12.2013 12:24:31.085 \md5
20.12.2013 12:24:31.085 \DPSCom
20.12.2013 12:24:31.085 \logs
20.12.2013 12:24:31.085 \inbound
20.12.2013 12:24:31.085 \outbound
20.12.2013 12:24:31.101 \config
20.12.2013 12:24:31.101 \md5
20.12.2013 12:24:31.101 \DPSCom
20.12.2013 12:24:31.101 \logs
20.12.2013 12:24:31.101 \inbound
20.12.2013 12:24:31.101 \outbound
20.12.2013 12:24:31.329 \config
20.12.2013 12:24:31.329 \md5
20.12.2013 12:24:31.329 \DPSCom
20.12.2013 12:24:31.329 \logs
20.12.2013 12:24:31.329 \inbound
20.12.2013 12:24:31.329 \outbound
20.12.2013 12:24:31.559 \config
20.12.2013 12:24:31.560 \md5
20.12.2013 12:24:31.560 \DPSCom
20.12.2013 12:24:31.560 \logs
20.12.2013 12:24:31.560 \inbound
20.12.2013 12:24:31.560 \outbound
20.12.2013 12:24:31.777 \config
20.12.2013 12:24:31.777 \md5
20.12.2013 12:24:31.777 \DPSCom
20.12.2013 12:24:31.777 \logs
20.12.2013 12:24:31.777 \inbound
20.12.2013 12:24:31.777 \outbound
20.12.2013 12:24:31.794 \config
20.12.2013 12:24:31.794 \md5
20.12.2013 12:24:31.794 \DPSCom
20.12.2013 12:24:31.794 \logs
20.12.2013 12:24:31.794 \inbound
20.12.2013 12:24:31.794 \outbound
20.12.2013 12:24:32.026 \config
20.12.2013 12:24:32.026 \md5
20.12.2013 12:24:32.026 \DPSCom
20.12.2013 12:24:32.026 \logs
20.12.2013 12:24:32.026 \inbound
20.12.2013 12:24:32.026 \outbound
20.12.2013 12:24:32.277 \config
20.12.2013 12:24:32.277 \md5
20.12.2013 12:24:32.277 \DPSCom
20.12.2013 12:24:32.277 \logs
20.12.2013 12:24:32.277 \inbound
20.12.2013 12:24:32.277 \outbound
20.12.2013 12:24:32.507 \config
20.12.2013 12:24:32.507 \md5
20.12.2013 12:24:32.507 \DPSCom
20.12.2013 12:24:32.507 \logs
20.12.2013 12:24:32.507 \inbound
20.12.2013 12:24:32.507 \outbound
20.12.2013 12:24:32.739 \config
20.12.2013 12:24:32.739 \md5
20.12.2013 12:24:32.739 \DPSCom
20.12.2013 12:24:32.739 \logs
20.12.2013 12:24:32.739 \inbound
20.12.2013 12:24:32.739 \outbound
20.12.2013 12:24:32.771 \config
20.12.2013 12:24:32.771 \md5
20.12.2013 12:24:32.771 \DPSCom
20.12.2013 12:24:32.771 \logs
20.12.2013 12:24:32.771 \inbound
20.12.2013 12:24:32.771 \outbound
20.12.2013 12:24:32.992 \config
20.12.2013 12:24:32.992 \md5
20.12.2013 12:24:32.992 \DPSCom
20.12.2013 12:24:32.992 \logs
20.12.2013 12:24:32.992 \inbound
20.12.2013 12:24:32.992 \outbound
20.12.2013 12:24:33.001 \config
20.12.2013 12:24:33.001 \md5
20.12.2013 12:24:33.001 \DPSCom
20.12.2013 12:24:33.001 \logs
20.12.2013 12:24:33.001 \inbound
20.12.2013 12:24:33.001 \outbound
20.12.2013 12:24:33.219 \config
20.12.2013 12:24:33.219 \md5
20.12.2013 12:24:33.219 \DPSCom
20.12.2013 12:24:33.219 \logs
20.12.2013 12:24:33.219 \inbound
20.12.2013 12:24:33.219 \outbound
20.12.2013 12:24:33.436 \config
20.12.2013 12:24:33.436 \md5
20.12.2013 12:24:33.436 \DPSCom
20.12.2013 12:24:33.436 \logs
20.12.2013 12:24:33.436 \inbound
20.12.2013 12:24:33.436 \outbound
20.12.2013 12:24:33.460 \config
20.12.2013 12:24:33.460 \md5
20.12.2013 12:24:33.460 \DPSCom
20.12.2013 12:24:33.460 \logs
20.12.2013 12:24:33.460 \inbound
20.12.2013 12:24:33.460 \outbound
20.12.2013 12:24:33.704 \config
20.12.2013 12:24:33.704 \md5
20.12.2013 12:24:33.704 \DPSCom
20.12.2013 12:24:33.704 \logs
20.12.2013 12:24:33.704 \inbound
20.12.2013 12:24:33.704 \outbound
20.12.2013 12:24:33.719 \config
20.12.2013 12:24:33.720 \md5
20.12.2013 12:24:33.720 \DPSCom
20.12.2013 12:24:33.720 \logs
20.12.2013 12:24:33.720 \inbound
20.12.2013 12:24:33.720 \outbound
20.12.2013 12:24:33.936 \config
20.12.2013 12:24:33.937 \md5
20.12.2013 12:24:33.937 \DPSCom
20.12.2013 12:24:33.937 \logs
20.12.2013 12:24:33.937 \inbound
20.12.2013 12:24:33.937 \outbound
20.12.2013 12:24:34.152 \config
20.12.2013 12:24:34.152 \md5
20.12.2013 12:24:34.152 \DPSCom
20.12.2013 12:24:34.152 \logs
20.12.2013 12:24:34.152 \inbound
20.12.2013 12:24:34.152 \outbound
20.12.2013 12:24:34.371 \config
20.12.2013 12:24:34.371 \md5
20.12.2013 12:24:34.371 \DPSCom
20.12.2013 12:24:34.371 \logs
20.12.2013 12:24:34.371 \inbound
20.12.2013 12:24:34.371 \outbound
20.12.2013 12:24:34.418 \config
20.12.2013 12:24:34.419 \md5
20.12.2013 12:24:34.419 \DPSCom
20.12.2013 12:24:34.419 \logs
20.12.2013 12:24:34.419 \inbound
20.12.2013 12:24:34.419 \outbound
20.12.2013 12:24:34.664 \config
20.12.2013 12:24:34.664 \md5
20.12.2013 12:24:34.664 \DPSCom
20.12.2013 12:24:34.664 \logs
20.12.2013 12:24:34.664 \inbound
20.12.2013 12:24:34.664 \outbound
20.12.2013 12:24:34.680 \config
20.12.2013 12:24:34.680 \md5
20.12.2013 12:24:34.680 \DPSCom
20.12.2013 12:24:34.680 \logs
20.12.2013 12:24:34.680 \inbound
20.12.2013 12:24:34.680 \outbound
20.12.2013 12:24:34.925 \config
20.12.2013 12:24:34.925 \md5
20.12.2013 12:24:34.925 \DPSCom
20.12.2013 12:24:34.925 \logs
20.12.2013 12:24:34.925 \inbound
20.12.2013 12:24:34.925 \outbound
20.12.2013 12:25:32.721 ==============Folder list====
20.12.2013 12:25:32.721 Ready . . . 
20.12.2013 12:25:49.045 ==============Folder list====
20.12.2013 12:25:49.045 Ready . . . 
20.12.2013 12:25:56.495 \config
20.12.2013 12:25:56.495 \md5
20.12.2013 12:25:56.495 \DPSCom
20.12.2013 12:25:56.495 \logs
20.12.2013 12:25:56.495 \inbound
20.12.2013 12:25:56.495 \outbound
20.12.2013 12:25:56.515 \config
20.12.2013 12:25:56.515 \md5
20.12.2013 12:25:56.515 \DPSCom
20.12.2013 12:25:56.515 \logs
20.12.2013 12:25:56.515 \inbound
20.12.2013 12:25:56.515 \outbound
20.12.2013 12:26:34.511 ==============Folder list====
20.12.2013 12:26:34.511 Ready . . . 
20.12.2013 12:26:42.040 \config
20.12.2013 12:26:42.040 \md5
20.12.2013 12:26:42.040 \DPSCom
20.12.2013 12:26:42.040 \logs
20.12.2013 12:26:42.040 \inbound
20.12.2013 12:26:42.040 \outbound
20.12.2013 12:26:42.057 \config
20.12.2013 12:26:42.057 \md5
20.12.2013 12:26:42.057 \DPSCom
20.12.2013 12:26:42.057 \logs
20.12.2013 12:26:42.057 \inbound
20.12.2013 12:26:42.057 \outbound
