19.12.2013 15:27:41.065 TBackup initialise ...
19.12.2013 15:28:05.603 TBackup initialise ...
19.12.2013 15:30:45.953 TBackup initialise ...
19.12.2013 15:31:53.680 TBackup initialise ...
19.12.2013 15:41:40.766 TBackup initialise ...
19.12.2013 15:45:38.625 TBackup initialise ...
19.12.2013 15:50:51.176 TBackup initialise ...
19.12.2013 16:00:10.526 TBackup initialise ...
19.12.2013 16:37:13.229 TBackup initialise ...
19.12.2013 16:38:18.485 TBackup initialise ...
19.12.2013 16:43:47.617 TBackup initialise ...
19.12.2013 16:50:06.322 TBackup initialise ...
19.12.2013 16:50:20.612 TBackup initialise ...
19.12.2013 16:52:50.041 TBackup initialise ...
19.12.2013 16:55:12.833 TBackup initialise ...
19.12.2013 17:13:49.024 TBackup initialise ...
19.12.2013 17:14:24.807 TBackup initialise ...
19.12.2013 17:14:46.259 TBackup initialise ...
19.12.2013 17:26:28.878 TBackup initialise ...
19.12.2013 17:29:29.193 TBackup initialise ...
19.12.2013 17:32:11.990 TBackup initialise ...
19.12.2013 17:34:11.308 TBackup initialise ...
19.12.2013 17:35:26.246 TBackup initialise ...
19.12.2013 17:37:30.264 TBackup initialise ...
19.12.2013 17:40:03.619 TBackup initialise ...
19.12.2013 17:40:18.886 TBackup initialise ...
19.12.2013 17:42:46.357 TBackup initialise ...
19.12.2013 17:43:02.710 TBackup initialise ...
19.12.2013 17:43:40.197 TBackup initialise ...
19.12.2013 17:46:00.228 TBackup initialise ...
19.12.2013 17:46:17.227 TBackup initialise ...
19.12.2013 17:48:06.969 TBackup initialise ...
19.12.2013 17:53:47.201 TBackup initialise ...
19.12.2013 17:54:32.589 TBackup initialise ...
19.12.2013 17:55:57.028 TBackup initialise ...
19.12.2013 17:56:01.856 New: C:\Users\PiskunovI\Desktop\Workplace\19.12.2013\Updater (19.12.2013)\Backup\19122013 17-55-57\document.txt
19.12.2013 17:56:01.856 CheckFoldStruct started ...
19.12.2013 17:56:01.856 C:\Users\PiskunovI\Desktop\Workplace\19.12.2013\Updater (19.12.2013)\Backup\19122013 17-55-57\interface - CREATED
19.12.2013 17:59:06.536 TBackup initialise ...
19.12.2013 17:59:11.360 New: C:\Users\PiskunovI\Desktop\Workplace\19.12.2013\Updater (19.12.2013)\Backup\19122013 17-59-6\document.txt
19.12.2013 17:59:11.361 CheckFoldStruct started ...
19.12.2013 17:59:11.361 C:\Users\PiskunovI\Desktop\Workplace\19.12.2013\Updater (19.12.2013)\Backup\19122013 17-59-6\interface - CREATED
19.12.2013 18:01:17.647 TBackup initialise ...
19.12.2013 18:03:03.794 TBackup initialise ...
19.12.2013 18:03:11.366 New: C:\Users\PiskunovI\Desktop\Workplace\19.12.2013\Updater (19.12.2013)\Backup\19122013 18-3-3\version.if
19.12.2013 18:03:11.366 CheckFoldStruct started ...
19.12.2013 18:03:11.367 C:\Users\PiskunovI\Desktop\Workplace\19.12.2013\Updater (19.12.2013)\Backup\19122013 18-3-3\interface - CREATED
19.12.2013 18:03:11.381 New: C:\Users\PiskunovI\Desktop\Workplace\19.12.2013\Updater (19.12.2013)\Backup\19122013 18-3-3\ui.js
19.12.2013 18:03:11.381 CheckFoldStruct started ...
19.12.2013 18:03:11.382 Struct is correct
19.12.2013 18:03:11.591 New: C:\Users\PiskunovI\Desktop\Workplace\19.12.2013\Updater (19.12.2013)\Backup\19122013 18-3-3\quickaccess.jpg
19.12.2013 18:03:11.591 CheckFoldStruct started ...
19.12.2013 18:03:11.591 Start cheking: C:\Users\PiskunovI\Desktop\Workplace\19.12.2013\Updater (19.12.2013)\Backup\19122013 18-3-3\interface\theme\17
19.12.2013 18:03:11.591 CheckFoldStruct started ...
19.12.2013 18:03:11.592 Start cheking: C:\Users\PiskunovI\Desktop\Workplace\19.12.2013\Updater (19.12.2013)\Backup\19122013 18-3-3\interface\theme
19.12.2013 18:03:11.592 CheckFoldStruct started ...
19.12.2013 18:03:11.592 C:\Users\PiskunovI\Desktop\Workplace\19.12.2013\Updater (19.12.2013)\Backup\19122013 18-3-3\interface\theme - CREATED
19.12.2013 18:03:11.592 C:\Users\PiskunovI\Desktop\Workplace\19.12.2013\Updater (19.12.2013)\Backup\19122013 18-3-3\interface\theme - CREATED
19.12.2013 18:03:11.593 C:\Users\PiskunovI\Desktop\Workplace\19.12.2013\Updater (19.12.2013)\Backup\19122013 18-3-3\interface\theme\17 - CREATED
19.12.2013 18:03:11.811 New: C:\Users\PiskunovI\Desktop\Workplace\19.12.2013\Updater (19.12.2013)\Backup\19122013 18-3-3\terminal_error.html
19.12.2013 18:03:11.811 CheckFoldStruct started ...
19.12.2013 18:03:11.811 Struct is correct
19.12.2013 18:03:12.028 New: C:\Users\PiskunovI\Desktop\Workplace\19.12.2013\Updater (19.12.2013)\Backup\19122013 18-3-3\tc.js
19.12.2013 18:03:12.028 CheckFoldStruct started ...
19.12.2013 18:03:12.028 Struct is correct
19.12.2013 18:03:12.044 New: C:\Users\PiskunovI\Desktop\Workplace\19.12.2013\Updater (19.12.2013)\Backup\19122013 18-3-3\system.js
19.12.2013 18:03:12.044 CheckFoldStruct started ...
19.12.2013 18:03:12.044 Struct is correct
19.12.2013 18:03:12.263 New: C:\Users\PiskunovI\Desktop\Workplace\19.12.2013\Updater (19.12.2013)\Backup\19122013 18-3-3\info_flash.swf
19.12.2013 18:03:12.263 CheckFoldStruct started ...
19.12.2013 18:03:12.263 Start cheking: C:\Users\PiskunovI\Desktop\Workplace\19.12.2013\Updater (19.12.2013)\Backup\19122013 18-3-3\interface\skins\metro2
19.12.2013 18:03:12.263 CheckFoldStruct started ...
19.12.2013 18:03:12.264 Start cheking: C:\Users\PiskunovI\Desktop\Workplace\19.12.2013\Updater (19.12.2013)\Backup\19122013 18-3-3\interface\skins
19.12.2013 18:03:12.264 CheckFoldStruct started ...
19.12.2013 18:03:12.264 C:\Users\PiskunovI\Desktop\Workplace\19.12.2013\Updater (19.12.2013)\Backup\19122013 18-3-3\interface\skins - CREATED
19.12.2013 18:03:12.264 C:\Users\PiskunovI\Desktop\Workplace\19.12.2013\Updater (19.12.2013)\Backup\19122013 18-3-3\interface\skins - CREATED
19.12.2013 18:03:12.264 C:\Users\PiskunovI\Desktop\Workplace\19.12.2013\Updater (19.12.2013)\Backup\19122013 18-3-3\interface\skins\metro2 - CREATED
19.12.2013 18:03:12.496 New: C:\Users\PiskunovI\Desktop\Workplace\19.12.2013\Updater (19.12.2013)\Backup\19122013 18-3-3\tel_tricolor_opt.gif
19.12.2013 18:03:12.496 CheckFoldStruct started ...
19.12.2013 18:03:12.497 Start cheking: C:\Users\PiskunovI\Desktop\Workplace\19.12.2013\Updater (19.12.2013)\Backup\19122013 18-3-3\interface\skins\metro2\i
19.12.2013 18:03:12.497 CheckFoldStruct started ...
19.12.2013 18:03:12.497 C:\Users\PiskunovI\Desktop\Workplace\19.12.2013\Updater (19.12.2013)\Backup\19122013 18-3-3\interface\skins\metro2\i - CREATED
19.12.2013 18:03:12.498 C:\Users\PiskunovI\Desktop\Workplace\19.12.2013\Updater (19.12.2013)\Backup\19122013 18-3-3\interface\skins\metro2\i - CREATED
19.12.2013 18:03:12.716 New: C:\Users\PiskunovI\Desktop\Workplace\19.12.2013\Updater (19.12.2013)\Backup\19122013 18-3-3\tel_tricolor_ngt.gif
19.12.2013 18:03:12.716 CheckFoldStruct started ...
19.12.2013 18:03:12.716 Struct is correct
19.12.2013 18:03:12.932 New: C:\Users\PiskunovI\Desktop\Workplace\19.12.2013\Updater (19.12.2013)\Backup\19122013 18-3-3\tel_tricolor_kz.gif
19.12.2013 18:03:12.932 CheckFoldStruct started ...
19.12.2013 18:03:12.932 Struct is correct
19.12.2013 18:03:13.149 New: C:\Users\PiskunovI\Desktop\Workplace\19.12.2013\Updater (19.12.2013)\Backup\19122013 18-3-3\tel_tricolor_hd.gif
19.12.2013 18:03:13.149 CheckFoldStruct started ...
19.12.2013 18:03:13.150 Struct is correct
19.12.2013 18:03:13.366 New: C:\Users\PiskunovI\Desktop\Workplace\19.12.2013\Updater (19.12.2013)\Backup\19122013 18-3-3\tel_tricolor_f.gif
19.12.2013 18:03:13.366 CheckFoldStruct started ...
19.12.2013 18:03:13.366 Struct is correct
19.12.2013 18:03:13.584 New: C:\Users\PiskunovI\Desktop\Workplace\19.12.2013\Updater (19.12.2013)\Backup\19122013 18-3-3\int_taiget.gif
19.12.2013 18:03:13.584 CheckFoldStruct started ...
19.12.2013 18:03:13.584 Struct is correct
19.12.2013 18:03:13.605 New: C:\Users\PiskunovI\Desktop\Workplace\19.12.2013\Updater (19.12.2013)\Backup\19122013 18-3-3\service.html
19.12.2013 18:03:13.605 CheckFoldStruct started ...
19.12.2013 18:03:13.605 Struct is correct
19.12.2013 18:03:13.826 New: C:\Users\PiskunovI\Desktop\Workplace\19.12.2013\Updater (19.12.2013)\Backup\19122013 18-3-3\server-relation.js
19.12.2013 18:03:13.826 CheckFoldStruct started ...
19.12.2013 18:03:13.826 Struct is correct
19.12.2013 18:03:13.848 New: C:\Users\PiskunovI\Desktop\Workplace\19.12.2013\Updater (19.12.2013)\Backup\19122013 18-3-3\sample_with_eppa.swf
19.12.2013 18:03:13.848 CheckFoldStruct started ...
19.12.2013 18:03:13.848 Struct is correct
19.12.2013 18:03:14.069 New: C:\Users\PiskunovI\Desktop\Workplace\19.12.2013\Updater (19.12.2013)\Backup\19122013 18-3-3\sample.swf
19.12.2013 18:03:14.069 CheckFoldStruct started ...
19.12.2013 18:03:14.069 Struct is correct
19.12.2013 18:03:14.293 New: C:\Users\PiskunovI\Desktop\Workplace\19.12.2013\Updater (19.12.2013)\Backup\19122013 18-3-3\rt_banner.swf
19.12.2013 18:03:14.293 CheckFoldStruct started ...
19.12.2013 18:03:14.293 Struct is correct
19.12.2013 18:03:14.516 New: C:\Users\PiskunovI\Desktop\Workplace\19.12.2013\Updater (19.12.2013)\Backup\19122013 18-3-3\rostel_flash.swf
19.12.2013 18:03:14.516 CheckFoldStruct started ...
19.12.2013 18:03:14.516 Struct is correct
19.12.2013 18:03:14.747 New: C:\Users\PiskunovI\Desktop\Workplace\19.12.2013\Updater (19.12.2013)\Backup\19122013 18-3-3\ping_res.js
19.12.2013 18:03:14.747 CheckFoldStruct started ...
19.12.2013 18:03:14.747 Struct is correct
19.12.2013 18:03:14.767 New: C:\Users\PiskunovI\Desktop\Workplace\19.12.2013\Updater (19.12.2013)\Backup\19122013 18-3-3\mt_ga.js
19.12.2013 18:03:14.767 CheckFoldStruct started ...
19.12.2013 18:03:14.767 Struct is correct
19.12.2013 18:03:14.783 New: C:\Users\PiskunovI\Desktop\Workplace\19.12.2013\Updater (19.12.2013)\Backup\19122013 18-3-3\move_div.js
19.12.2013 18:03:14.783 CheckFoldStruct started ...
19.12.2013 18:03:14.783 Struct is correct
19.12.2013 18:03:14.799 New: C:\Users\PiskunovI\Desktop\Workplace\19.12.2013\Updater (19.12.2013)\Backup\19122013 18-3-3\mj.js
19.12.2013 18:03:14.799 CheckFoldStruct started ...
19.12.2013 18:03:14.800 C:\Users\PiskunovI\Desktop\Workplace\19.12.2013\Updater (19.12.2013)\Backup\19122013 18-3-3\interface\mj - CREATED
19.12.2013 18:03:15.020 New: C:\Users\PiskunovI\Desktop\Workplace\19.12.2013\Updater (19.12.2013)\Backup\19122013 18-3-3\metro_menu.js
19.12.2013 18:03:15.020 CheckFoldStruct started ...
19.12.2013 18:03:15.020 Struct is correct
19.12.2013 18:03:15.036 New: C:\Users\PiskunovI\Desktop\Workplace\19.12.2013\Updater (19.12.2013)\Backup\19122013 18-3-3\main.html
19.12.2013 18:03:15.036 CheckFoldStruct started ...
19.12.2013 18:03:15.037 Struct is correct
19.12.2013 18:03:15.054 New: C:\Users\PiskunovI\Desktop\Workplace\19.12.2013\Updater (19.12.2013)\Backup\19122013 18-3-3\service.html
19.12.2013 18:03:15.054 CheckFoldStruct started ...
19.12.2013 18:03:15.055 Start cheking: C:\Users\PiskunovI\Desktop\Workplace\19.12.2013\Updater (19.12.2013)\Backup\19122013 18-3-3\interface\locale
19.12.2013 18:03:15.055 CheckFoldStruct started ...
19.12.2013 18:03:15.055 C:\Users\PiskunovI\Desktop\Workplace\19.12.2013\Updater (19.12.2013)\Backup\19122013 18-3-3\interface\locale - CREATED
19.12.2013 18:03:15.056 C:\Users\PiskunovI\Desktop\Workplace\19.12.2013\Updater (19.12.2013)\Backup\19122013 18-3-3\interface\locale - CREATED
19.12.2013 18:03:15.278 New: C:\Users\PiskunovI\Desktop\Workplace\19.12.2013\Updater (19.12.2013)\Backup\19122013 18-3-3\main.html
19.12.2013 18:03:15.279 CheckFoldStruct started ...
19.12.2013 18:03:15.279 Struct is correct
19.12.2013 18:03:15.495 New: C:\Users\PiskunovI\Desktop\Workplace\19.12.2013\Updater (19.12.2013)\Backup\19122013 18-3-3\init.js
19.12.2013 18:03:15.495 CheckFoldStruct started ...
19.12.2013 18:03:15.495 Start cheking: C:\Users\PiskunovI\Desktop\Workplace\19.12.2013\Updater (19.12.2013)\Backup\19122013 18-3-3\interface\locale\ru\bank
19.12.2013 18:03:15.495 CheckFoldStruct started ...
19.12.2013 18:03:15.496 C:\Users\PiskunovI\Desktop\Workplace\19.12.2013\Updater (19.12.2013)\Backup\19122013 18-3-3\interface\locale\ru\bank - CREATED
19.12.2013 18:03:15.496 C:\Users\PiskunovI\Desktop\Workplace\19.12.2013\Updater (19.12.2013)\Backup\19122013 18-3-3\interface\locale\ru\bank - CREATED
19.12.2013 18:03:15.716 New: C:\Users\PiskunovI\Desktop\Workplace\19.12.2013\Updater (19.12.2013)\Backup\19122013 18-3-3\index111.html
19.12.2013 18:03:15.716 CheckFoldStruct started ...
19.12.2013 18:03:15.716 Struct is correct
19.12.2013 18:03:15.932 New: C:\Users\PiskunovI\Desktop\Workplace\19.12.2013\Updater (19.12.2013)\Backup\19122013 18-3-3\index.js
19.12.2013 18:03:15.932 CheckFoldStruct started ...
19.12.2013 18:03:15.932 Struct is correct
19.12.2013 18:03:16.151 New: C:\Users\PiskunovI\Desktop\Workplace\19.12.2013\Updater (19.12.2013)\Backup\19122013 18-3-3\index.html
19.12.2013 18:03:16.152 CheckFoldStruct started ...
19.12.2013 18:03:16.152 Struct is correct
19.12.2013 18:03:16.378 New: C:\Users\PiskunovI\Desktop\Workplace\19.12.2013\Updater (19.12.2013)\Backup\19122013 18-3-3\iface_runtime.js
19.12.2013 18:03:16.378 CheckFoldStruct started ...
19.12.2013 18:03:16.379 Struct is correct
19.12.2013 18:03:16.617 New: C:\Users\PiskunovI\Desktop\Workplace\19.12.2013\Updater (19.12.2013)\Backup\19122013 18-3-3\iface_rrules.js
19.12.2013 18:03:16.617 CheckFoldStruct started ...
19.12.2013 18:03:16.617 Struct is correct
19.12.2013 18:03:16.837 New: C:\Users\PiskunovI\Desktop\Workplace\19.12.2013\Updater (19.12.2013)\Backup\19122013 18-3-3\iface_ret_info.js
19.12.2013 18:03:16.837 CheckFoldStruct started ...
19.12.2013 18:03:16.837 Struct is correct
19.12.2013 18:03:16.856 New: C:\Users\PiskunovI\Desktop\Workplace\19.12.2013\Updater (19.12.2013)\Backup\19122013 18-3-3\iface_jcfg.js
19.12.2013 18:03:16.857 CheckFoldStruct started ...
19.12.2013 18:03:16.857 Struct is correct
19.12.2013 18:03:17.079 New: C:\Users\PiskunovI\Desktop\Workplace\19.12.2013\Updater (19.12.2013)\Backup\19122013 18-3-3\iface_init.js
19.12.2013 18:03:17.079 CheckFoldStruct started ...
19.12.2013 18:03:17.079 Struct is correct
19.12.2013 18:03:17.297 New: C:\Users\PiskunovI\Desktop\Workplace\19.12.2013\Updater (19.12.2013)\Backup\19122013 18-3-3\iface_history.txt
19.12.2013 18:03:17.297 CheckFoldStruct started ...
19.12.2013 18:03:17.297 Struct is correct
19.12.2013 18:03:17.515 New: C:\Users\PiskunovI\Desktop\Workplace\19.12.2013\Updater (19.12.2013)\Backup\19122013 18-3-3\iface_cybrules.js
19.12.2013 18:03:17.515 CheckFoldStruct started ...
19.12.2013 18:03:17.515 Struct is correct
19.12.2013 18:03:17.738 New: C:\Users\PiskunovI\Desktop\Workplace\19.12.2013\Updater (19.12.2013)\Backup\19122013 18-3-3\iface_config.js
19.12.2013 18:03:17.738 CheckFoldStruct started ...
19.12.2013 18:03:17.738 Struct is correct
19.12.2013 18:03:18.001 New: C:\Users\PiskunovI\Desktop\Workplace\19.12.2013\Updater (19.12.2013)\Backup\19122013 18-3-3\iface.full.js
19.12.2013 18:03:18.001 CheckFoldStruct started ...
19.12.2013 18:03:18.001 Struct is correct
19.12.2013 18:03:18.225 New: C:\Users\PiskunovI\Desktop\Workplace\19.12.2013\Updater (19.12.2013)\Backup\19122013 18-3-3\if3_sc.js
19.12.2013 18:03:18.225 CheckFoldStruct started ...
19.12.2013 18:03:18.225 Struct is correct
19.12.2013 18:03:18.447 New: C:\Users\PiskunovI\Desktop\Workplace\19.12.2013\Updater (19.12.2013)\Backup\19122013 18-3-3\groups-view.js
19.12.2013 18:03:18.447 CheckFoldStruct started ...
19.12.2013 18:03:18.447 Struct is correct
19.12.2013 18:03:18.464 New: C:\Users\PiskunovI\Desktop\Workplace\19.12.2013\Updater (19.12.2013)\Backup\19122013 18-3-3\groups-view.html
19.12.2013 18:03:18.464 CheckFoldStruct started ...
19.12.2013 18:03:18.464 Struct is correct
19.12.2013 18:03:18.684 New: C:\Users\PiskunovI\Desktop\Workplace\19.12.2013\Updater (19.12.2013)\Backup\19122013 18-3-3\ga_mt_iso3166.js
19.12.2013 18:03:18.685 CheckFoldStruct started ...
19.12.2013 18:03:18.685 Struct is correct
19.12.2013 18:03:18.706 New: C:\Users\PiskunovI\Desktop\Workplace\19.12.2013\Updater (19.12.2013)\Backup\19122013 18-3-3\eppa.swf
19.12.2013 18:03:18.706 CheckFoldStruct started ...
19.12.2013 18:03:18.706 Struct is correct
19.12.2013 18:03:18.933 New: C:\Users\PiskunovI\Desktop\Workplace\19.12.2013\Updater (19.12.2013)\Backup\19122013 18-3-3\dpskiosk.js
19.12.2013 18:03:18.933 CheckFoldStruct started ...
19.12.2013 18:03:18.933 Struct is correct
19.12.2013 18:03:19.151 New: C:\Users\PiskunovI\Desktop\Workplace\19.12.2013\Updater (19.12.2013)\Backup\19122013 18-3-3\db_usrcapacity.js
19.12.2013 18:03:19.151 CheckFoldStruct started ...
19.12.2013 18:03:19.151 Struct is correct
19.12.2013 18:03:19.161 New: C:\Users\PiskunovI\Desktop\Workplace\19.12.2013\Updater (19.12.2013)\Backup\19122013 18-3-3\db_numcapacity.js
19.12.2013 18:03:19.161 CheckFoldStruct started ...
19.12.2013 18:03:19.161 Struct is correct
19.12.2013 18:03:19.406 New: C:\Users\PiskunovI\Desktop\Workplace\19.12.2013\Updater (19.12.2013)\Backup\19122013 18-3-3\db_listip.js
19.12.2013 18:03:19.407 CheckFoldStruct started ...
19.12.2013 18:03:19.407 Struct is correct
19.12.2013 18:03:19.424 New: C:\Users\PiskunovI\Desktop\Workplace\19.12.2013\Updater (19.12.2013)\Backup\19122013 18-3-3\db_errors.js
19.12.2013 18:03:19.424 CheckFoldStruct started ...
19.12.2013 18:03:19.424 Struct is correct
19.12.2013 18:03:19.643 New: C:\Users\PiskunovI\Desktop\Workplace\19.12.2013\Updater (19.12.2013)\Backup\19122013 18-3-3\data-entry.v1.js
19.12.2013 18:03:19.643 CheckFoldStruct started ...
19.12.2013 18:03:19.644 Struct is correct
19.12.2013 18:03:19.863 New: C:\Users\PiskunovI\Desktop\Workplace\19.12.2013\Updater (19.12.2013)\Backup\19122013 18-3-3\data-entry.js
19.12.2013 18:03:19.863 CheckFoldStruct started ...
19.12.2013 18:03:19.863 Struct is correct
19.12.2013 18:03:20.092 New: C:\Users\PiskunovI\Desktop\Workplace\19.12.2013\Updater (19.12.2013)\Backup\19122013 18-3-3\bonus_meg.swf
19.12.2013 18:03:20.092 CheckFoldStruct started ...
19.12.2013 18:03:20.093 Struct is correct
19.12.2013 18:03:20.336 New: C:\Users\PiskunovI\Desktop\Workplace\19.12.2013\Updater (19.12.2013)\Backup\19122013 18-3-3\advert.html
19.12.2013 18:03:20.336 CheckFoldStruct started ...
19.12.2013 18:03:20.336 Struct is correct
19.12.2013 18:03:20.353 New: C:\Users\PiskunovI\Desktop\Workplace\19.12.2013\Updater (19.12.2013)\Backup\19122013 18-3-3\advbanner1.swf
19.12.2013 18:03:20.354 CheckFoldStruct started ...
19.12.2013 18:03:20.354 Struct is correct
19.12.2013 18:03:20.580 New: C:\Users\PiskunovI\Desktop\Workplace\19.12.2013\Updater (19.12.2013)\Backup\19122013 18-3-3\advbanner.swf
19.12.2013 18:03:20.580 CheckFoldStruct started ...
19.12.2013 18:03:20.581 Struct is correct
