18.12.2013 10:26:13.671 MD5 class started ...
18.12.2013 10:26:14.241 Start getting md5 of: C:\Webclient
18.12.2013 10:26:14.241 MD5 ( C:\Webclient\20120530-ct.cer ) 
18.12.2013 10:26:14.241 GetSum start: C:\Webclient\20120530-ct.cer
18.12.2013 10:26:14.241 Start reading C:\Webclient\20120530-ct.cer
18.12.2013 10:26:14.261 MD5 ( C:\Webclient\7z.exe ) 
18.12.2013 10:26:14.261 GetSum start: C:\Webclient\7z.exe
18.12.2013 10:26:14.261 Start reading C:\Webclient\7z.exe
18.12.2013 10:26:14.271 MD5 ( C:\Webclient\7za.dll ) 
18.12.2013 10:26:14.271 GetSum start: C:\Webclient\7za.dll
18.12.2013 10:26:14.271 Start reading C:\Webclient\7za.dll
18.12.2013 10:26:14.271 MD5 ( C:\Webclient\ASKOPM_KIOSK.dll ) 
18.12.2013 10:26:14.271 GetSum start: C:\Webclient\ASKOPM_KIOSK.dll
18.12.2013 10:26:14.271 Start reading C:\Webclient\ASKOPM_KIOSK.dll
18.12.2013 10:26:14.281 MD5 ( C:\Webclient\AtolPrinter.pcr ) 
18.12.2013 10:26:14.281 GetSum start: C:\Webclient\AtolPrinter.pcr
18.12.2013 10:26:14.281 MD5 ( C:\Webclient\Azimuth.dll ) 
18.12.2013 10:26:14.281 GetSum start: C:\Webclient\Azimuth.dll
18.12.2013 10:26:14.281 Start reading C:\Webclient\Azimuth.dll
18.12.2013 10:26:14.281 MD5 ( C:\Webclient\bcbie60.bpl ) 
18.12.2013 10:26:14.281 GetSum start: C:\Webclient\bcbie60.bpl
18.12.2013 10:26:14.281 Start reading C:\Webclient\bcbie60.bpl
18.12.2013 10:26:14.291 MD5 ( C:\Webclient\beeline.bat ) 
18.12.2013 10:26:14.291 GetSum start: C:\Webclient\beeline.bat
18.12.2013 10:26:14.291 Start reading C:\Webclient\beeline.bat
18.12.2013 10:26:14.291 MD5 ( C:\Webclient\Beta.7z ) 
18.12.2013 10:26:14.291 GetSum start: C:\Webclient\Beta.7z
18.12.2013 10:26:14.291 Start reading C:\Webclient\Beta.7z
18.12.2013 10:26:14.301 MD5 ( C:\Webclient\borlndmm.dll ) 
18.12.2013 10:26:14.301 GetSum start: C:\Webclient\borlndmm.dll
18.12.2013 10:26:14.301 Start reading C:\Webclient\borlndmm.dll
18.12.2013 10:26:14.301 MD5 ( C:\Webclient\cc3260mt.dll ) 
18.12.2013 10:26:14.301 GetSum start: C:\Webclient\cc3260mt.dll
18.12.2013 10:26:14.441 Start reading C:\Webclient\cc3260mt.dll
18.12.2013 10:26:14.471 MD5 ( C:\Webclient\cg32.dll ) 
18.12.2013 10:26:14.471 GetSum start: C:\Webclient\cg32.dll
18.12.2013 10:26:14.471 Start reading C:\Webclient\cg32.dll
18.12.2013 10:26:14.471 Start getting md5 of: C:\Webclient\config
18.12.2013 10:26:14.471 MD5 ( C:\Webclient\config\Checkues.csv ) 
18.12.2013 10:26:14.471 GetSum start: C:\Webclient\config\Checkues.csv
18.12.2013 10:26:14.471 Start reading C:\Webclient\config\Checkues.csv
18.12.2013 10:26:14.471 MD5 ( C:\Webclient\config\config.error ) 
18.12.2013 10:26:14.471 GetSum start: C:\Webclient\config\config.error
18.12.2013 10:26:14.471 Start reading C:\Webclient\config\config.error
18.12.2013 10:26:14.471 MD5 ( C:\Webclient\config\config.lastgood ) 
18.12.2013 10:26:14.471 GetSum start: C:\Webclient\config\config.lastgood
18.12.2013 10:26:14.471 Start reading C:\Webclient\config\config.lastgood
18.12.2013 10:26:14.471 MD5 ( C:\Webclient\config\config.xml ) 
18.12.2013 10:26:14.471 GetSum start: C:\Webclient\config\config.xml
18.12.2013 10:26:14.471 Start reading C:\Webclient\config\config.xml
18.12.2013 10:26:14.481 MD5 ( C:\Webclient\config\config.xml.bak ) 
18.12.2013 10:26:14.481 GetSum start: C:\Webclient\config\config.xml.bak
18.12.2013 10:26:14.481 Start reading C:\Webclient\config\config.xml.bak
18.12.2013 10:26:14.481 MD5 ( C:\Webclient\config\config.~xml ) 
18.12.2013 10:26:14.481 GetSum start: C:\Webclient\config\config.~xml
18.12.2013 10:26:14.481 Start reading C:\Webclient\config\config.~xml
18.12.2013 10:26:14.481 MD5 ( C:\Webclient\config\config1.xml ) 
18.12.2013 10:26:14.481 GetSum start: C:\Webclient\config\config1.xml
18.12.2013 10:26:14.481 Start reading C:\Webclient\config\config1.xml
18.12.2013 10:26:14.481 MD5 ( C:\Webclient\config\config44.xml ) 
18.12.2013 10:26:14.481 GetSum start: C:\Webclient\config\config44.xml
18.12.2013 10:26:14.481 Start reading C:\Webclient\config\config44.xml
18.12.2013 10:26:14.481 MD5 ( C:\Webclient\config\copychecks.csv ) 
18.12.2013 10:26:14.481 GetSum start: C:\Webclient\config\copychecks.csv
18.12.2013 10:26:14.481 Start reading C:\Webclient\config\copychecks.csv
18.12.2013 10:26:14.481 MD5 ( C:\Webclient\config\Details.xml ) 
18.12.2013 10:26:14.481 GetSum start: C:\Webclient\config\Details.xml
18.12.2013 10:26:14.481 Start reading C:\Webclient\config\Details.xml
18.12.2013 10:26:14.481 MD5 ( C:\Webclient\config\KinoFolders.ini ) 
18.12.2013 10:26:14.481 GetSum start: C:\Webclient\config\KinoFolders.ini
18.12.2013 10:26:14.481 Start reading C:\Webclient\config\KinoFolders.ini
18.12.2013 10:26:14.481 MD5 ( C:\Webclient\config\md5.txt ) 
18.12.2013 10:26:14.481 GetSum start: C:\Webclient\config\md5.txt
18.12.2013 10:26:14.481 Start reading C:\Webclient\config\md5.txt
18.12.2013 10:26:14.481 MD5 ( C:\Webclient\config\operators.error ) 
18.12.2013 10:26:14.481 GetSum start: C:\Webclient\config\operators.error
18.12.2013 10:26:14.481 Start reading C:\Webclient\config\operators.error
18.12.2013 10:26:14.491 MD5 ( C:\Webclient\config\operators.lastgood ) 
18.12.2013 10:26:14.491 GetSum start: C:\Webclient\config\operators.lastgood
18.12.2013 10:26:14.491 Start reading C:\Webclient\config\operators.lastgood
18.12.2013 10:26:14.501 MD5 ( C:\Webclient\config\operators.xml ) 
18.12.2013 10:26:14.501 GetSum start: C:\Webclient\config\operators.xml
18.12.2013 10:26:14.501 Start reading C:\Webclient\config\operators.xml
18.12.2013 10:26:14.511 MD5 ( C:\Webclient\config\operators.xml.bak ) 
18.12.2013 10:26:14.511 GetSum start: C:\Webclient\config\operators.xml.bak
18.12.2013 10:26:14.511 Start reading C:\Webclient\config\operators.xml.bak
18.12.2013 10:26:14.521 MD5 ( C:\Webclient\config\operators123.xml ) 
18.12.2013 10:26:14.521 GetSum start: C:\Webclient\config\operators123.xml
18.12.2013 10:26:14.521 Start reading C:\Webclient\config\operators123.xml
18.12.2013 10:26:14.531 MD5 ( C:\Webclient\config\OSMIFolders.ini ) 
18.12.2013 10:26:14.531 GetSum start: C:\Webclient\config\OSMIFolders.ini
18.12.2013 10:26:14.531 Start reading C:\Webclient\config\OSMIFolders.ini
18.12.2013 10:26:14.531 Start getting md5 of: C:\Webclient\config\templates
18.12.2013 10:26:14.531 MD5 ( C:\Webclient\config\templates\2pay.chq ) 
18.12.2013 10:26:14.531 GetSum start: C:\Webclient\config\templates\2pay.chq
18.12.2013 10:26:14.531 Start reading C:\Webclient\config\templates\2pay.chq
18.12.2013 10:26:14.531 MD5 ( C:\Webclient\config\templates\2pay_.chq ) 
18.12.2013 10:26:14.531 GetSum start: C:\Webclient\config\templates\2pay_.chq
18.12.2013 10:26:14.531 Start reading C:\Webclient\config\templates\2pay_.chq
18.12.2013 10:26:14.531 MD5 ( C:\Webclient\config\templates\alfa_credit.chq ) 
18.12.2013 10:26:14.531 GetSum start: C:\Webclient\config\templates\alfa_credit.chq
18.12.2013 10:26:14.531 Start reading C:\Webclient\config\templates\alfa_credit.chq
18.12.2013 10:26:14.531 MD5 ( C:\Webclient\config\templates\arg.chq ) 
18.12.2013 10:26:14.531 GetSum start: C:\Webclient\config\templates\arg.chq
18.12.2013 10:26:14.531 Start reading C:\Webclient\config\templates\arg.chq
18.12.2013 10:26:14.531 MD5 ( C:\Webclient\config\templates\arg_686.chq ) 
18.12.2013 10:26:14.531 GetSum start: C:\Webclient\config\templates\arg_686.chq
18.12.2013 10:26:14.531 Start reading C:\Webclient\config\templates\arg_686.chq
18.12.2013 10:26:14.531 MD5 ( C:\Webclient\config\templates\avt.chq ) 
18.12.2013 10:26:14.531 GetSum start: C:\Webclient\config\templates\avt.chq
18.12.2013 10:26:14.531 Start reading C:\Webclient\config\templates\avt.chq
18.12.2013 10:26:14.531 MD5 ( C:\Webclient\config\templates\balance.chq ) 
18.12.2013 10:26:14.531 GetSum start: C:\Webclient\config\templates\balance.chq
18.12.2013 10:26:14.531 Start reading C:\Webclient\config\templates\balance.chq
18.12.2013 10:26:14.531 MD5 ( C:\Webclient\config\templates\bee.chq ) 
18.12.2013 10:26:14.531 GetSum start: C:\Webclient\config\templates\bee.chq
18.12.2013 10:26:14.531 Start reading C:\Webclient\config\templates\bee.chq
18.12.2013 10:26:14.531 MD5 ( C:\Webclient\config\templates\config.xml ) 
18.12.2013 10:26:14.531 GetSum start: C:\Webclient\config\templates\config.xml
18.12.2013 10:26:14.531 Start reading C:\Webclient\config\templates\config.xml
18.12.2013 10:26:14.531 MD5 ( C:\Webclient\config\templates\credit.chq ) 
18.12.2013 10:26:14.531 GetSum start: C:\Webclient\config\templates\credit.chq
18.12.2013 10:26:14.531 Start reading C:\Webclient\config\templates\credit.chq
18.12.2013 10:26:14.531 MD5 ( C:\Webclient\config\templates\default.chq ) 
18.12.2013 10:26:14.531 GetSum start: C:\Webclient\config\templates\default.chq
18.12.2013 10:26:14.531 Start reading C:\Webclient\config\templates\default.chq
18.12.2013 10:26:14.531 MD5 ( C:\Webclient\config\templates\exist.chq ) 
18.12.2013 10:26:14.531 GetSum start: C:\Webclient\config\templates\exist.chq
18.12.2013 10:26:14.531 Start reading C:\Webclient\config\templates\exist.chq
18.12.2013 10:26:14.531 MD5 ( C:\Webclient\config\templates\incassation.chq ) 
18.12.2013 10:26:14.531 GetSum start: C:\Webclient\config\templates\incassation.chq
18.12.2013 10:26:14.531 Start reading C:\Webclient\config\templates\incassation.chq
18.12.2013 10:26:14.531 MD5 ( C:\Webclient\config\templates\kes.chq ) 
18.12.2013 10:26:14.531 GetSum start: C:\Webclient\config\templates\kes.chq
18.12.2013 10:26:14.531 Start reading C:\Webclient\config\templates\kes.chq
18.12.2013 10:26:14.531 MD5 ( C:\Webclient\config\templates\money.chq ) 
18.12.2013 10:26:14.531 GetSum start: C:\Webclient\config\templates\money.chq
18.12.2013 10:26:14.531 Start reading C:\Webclient\config\templates\money.chq
18.12.2013 10:26:14.531 MD5 ( C:\Webclient\config\templates\mts.chq ) 
18.12.2013 10:26:14.531 GetSum start: C:\Webclient\config\templates\mts.chq
18.12.2013 10:26:14.531 Start reading C:\Webclient\config\templates\mts.chq
18.12.2013 10:26:14.531 MD5 ( C:\Webclient\config\templates\nesk.chq ) 
18.12.2013 10:26:14.531 GetSum start: C:\Webclient\config\templates\nesk.chq
18.12.2013 10:26:14.531 Start reading C:\Webclient\config\templates\nesk.chq
18.12.2013 10:26:14.531 MD5 ( C:\Webclient\config\templates\payment-error.chq ) 
18.12.2013 10:26:14.531 GetSum start: C:\Webclient\config\templates\payment-error.chq
18.12.2013 10:26:14.531 Start reading C:\Webclient\config\templates\payment-error.chq
18.12.2013 10:26:14.531 MD5 ( C:\Webclient\config\templates\ros_credit.chq ) 
18.12.2013 10:26:14.531 GetSum start: C:\Webclient\config\templates\ros_credit.chq
18.12.2013 10:26:14.531 Start reading C:\Webclient\config\templates\ros_credit.chq
18.12.2013 10:26:14.531 MD5 ( C:\Webclient\config\templates\tc.chq ) 
18.12.2013 10:26:14.531 GetSum start: C:\Webclient\config\templates\tc.chq
18.12.2013 10:26:14.531 Start reading C:\Webclient\config\templates\tc.chq
18.12.2013 10:26:14.531 MD5 ( C:\Webclient\config\templates\to.chq ) 
18.12.2013 10:26:14.531 GetSum start: C:\Webclient\config\templates\to.chq
18.12.2013 10:26:14.541 Start reading C:\Webclient\config\templates\to.chq
18.12.2013 10:26:14.541 MD5 ( C:\Webclient\config\templates\utk.chq ) 
18.12.2013 10:26:14.541 GetSum start: C:\Webclient\config\templates\utk.chq
18.12.2013 10:26:14.541 Start reading C:\Webclient\config\templates\utk.chq
18.12.2013 10:26:14.541 MD5 ( C:\Webclient\config\templates\vod.chq ) 
18.12.2013 10:26:14.541 GetSum start: C:\Webclient\config\templates\vod.chq
18.12.2013 10:26:14.541 Start reading C:\Webclient\config\templates\vod.chq
18.12.2013 10:26:14.541 MD5 ( C:\Webclient\config\templates\yandex.chq ) 
18.12.2013 10:26:14.541 GetSum start: C:\Webclient\config\templates\yandex.chq
18.12.2013 10:26:14.541 Start reading C:\Webclient\config\templates\yandex.chq
18.12.2013 10:26:14.541 Start getting md5 of: C:\Webclient\config\templates_frk
18.12.2013 10:26:14.541 MD5 ( C:\Webclient\config\templates_frk\2pay.chq ) 
18.12.2013 10:26:14.541 GetSum start: C:\Webclient\config\templates_frk\2pay.chq
18.12.2013 10:26:14.541 Start reading C:\Webclient\config\templates_frk\2pay.chq
18.12.2013 10:26:14.541 MD5 ( C:\Webclient\config\templates_frk\2pay_.chq ) 
18.12.2013 10:26:14.541 GetSum start: C:\Webclient\config\templates_frk\2pay_.chq
18.12.2013 10:26:14.541 Start reading C:\Webclient\config\templates_frk\2pay_.chq
18.12.2013 10:26:14.541 MD5 ( C:\Webclient\config\templates_frk\alfa_credit.chq ) 
18.12.2013 10:26:14.541 GetSum start: C:\Webclient\config\templates_frk\alfa_credit.chq
18.12.2013 10:26:14.541 Start reading C:\Webclient\config\templates_frk\alfa_credit.chq
18.12.2013 10:26:14.541 MD5 ( C:\Webclient\config\templates_frk\arg.chq ) 
18.12.2013 10:26:14.541 GetSum start: C:\Webclient\config\templates_frk\arg.chq
18.12.2013 10:26:14.541 Start reading C:\Webclient\config\templates_frk\arg.chq
18.12.2013 10:26:14.541 MD5 ( C:\Webclient\config\templates_frk\arg_686.chq ) 
18.12.2013 10:26:14.541 GetSum start: C:\Webclient\config\templates_frk\arg_686.chq
18.12.2013 10:26:14.541 Start reading C:\Webclient\config\templates_frk\arg_686.chq
18.12.2013 10:26:14.541 MD5 ( C:\Webclient\config\templates_frk\avt.chq ) 
18.12.2013 10:26:14.541 GetSum start: C:\Webclient\config\templates_frk\avt.chq
18.12.2013 10:26:14.541 Start reading C:\Webclient\config\templates_frk\avt.chq
18.12.2013 10:26:14.541 MD5 ( C:\Webclient\config\templates_frk\balance.chq ) 
18.12.2013 10:26:14.541 GetSum start: C:\Webclient\config\templates_frk\balance.chq
18.12.2013 10:26:14.541 Start reading C:\Webclient\config\templates_frk\balance.chq
18.12.2013 10:26:14.541 MD5 ( C:\Webclient\config\templates_frk\bee.chq ) 
18.12.2013 10:26:14.541 GetSum start: C:\Webclient\config\templates_frk\bee.chq
18.12.2013 10:26:14.541 Start reading C:\Webclient\config\templates_frk\bee.chq
18.12.2013 10:26:14.541 MD5 ( C:\Webclient\config\templates_frk\credit.chq ) 
18.12.2013 10:26:14.541 GetSum start: C:\Webclient\config\templates_frk\credit.chq
18.12.2013 10:26:14.541 Start reading C:\Webclient\config\templates_frk\credit.chq
18.12.2013 10:26:14.541 MD5 ( C:\Webclient\config\templates_frk\default.chq ) 
18.12.2013 10:26:14.541 GetSum start: C:\Webclient\config\templates_frk\default.chq
18.12.2013 10:26:14.541 Start reading C:\Webclient\config\templates_frk\default.chq
18.12.2013 10:26:14.541 MD5 ( C:\Webclient\config\templates_frk\exist.chq ) 
18.12.2013 10:26:14.541 GetSum start: C:\Webclient\config\templates_frk\exist.chq
18.12.2013 10:26:14.541 Start reading C:\Webclient\config\templates_frk\exist.chq
18.12.2013 10:26:14.541 MD5 ( C:\Webclient\config\templates_frk\incassation.chq ) 
18.12.2013 10:26:14.541 GetSum start: C:\Webclient\config\templates_frk\incassation.chq
18.12.2013 10:26:14.541 Start reading C:\Webclient\config\templates_frk\incassation.chq
18.12.2013 10:26:14.541 MD5 ( C:\Webclient\config\templates_frk\kes.chq ) 
18.12.2013 10:26:14.541 GetSum start: C:\Webclient\config\templates_frk\kes.chq
18.12.2013 10:26:14.541 Start reading C:\Webclient\config\templates_frk\kes.chq
18.12.2013 10:26:14.541 MD5 ( C:\Webclient\config\templates_frk\money.chq ) 
18.12.2013 10:26:14.541 GetSum start: C:\Webclient\config\templates_frk\money.chq
18.12.2013 10:26:14.541 Start reading C:\Webclient\config\templates_frk\money.chq
18.12.2013 10:26:14.541 MD5 ( C:\Webclient\config\templates_frk\mts.chq ) 
18.12.2013 10:26:14.541 GetSum start: C:\Webclient\config\templates_frk\mts.chq
18.12.2013 10:26:14.541 Start reading C:\Webclient\config\templates_frk\mts.chq
18.12.2013 10:26:14.541 MD5 ( C:\Webclient\config\templates_frk\nesk.chq ) 
18.12.2013 10:26:14.541 GetSum start: C:\Webclient\config\templates_frk\nesk.chq
18.12.2013 10:26:14.541 Start reading C:\Webclient\config\templates_frk\nesk.chq
18.12.2013 10:26:14.541 MD5 ( C:\Webclient\config\templates_frk\payment-error.chq ) 
18.12.2013 10:26:14.541 GetSum start: C:\Webclient\config\templates_frk\payment-error.chq
18.12.2013 10:26:14.541 Start reading C:\Webclient\config\templates_frk\payment-error.chq
18.12.2013 10:26:14.541 MD5 ( C:\Webclient\config\templates_frk\ros_credit.chq ) 
18.12.2013 10:26:14.541 GetSum start: C:\Webclient\config\templates_frk\ros_credit.chq
18.12.2013 10:26:14.541 Start reading C:\Webclient\config\templates_frk\ros_credit.chq
18.12.2013 10:26:14.541 MD5 ( C:\Webclient\config\templates_frk\tc.chq ) 
18.12.2013 10:26:14.541 GetSum start: C:\Webclient\config\templates_frk\tc.chq
18.12.2013 10:26:14.541 Start reading C:\Webclient\config\templates_frk\tc.chq
18.12.2013 10:26:14.541 MD5 ( C:\Webclient\config\templates_frk\to.chq ) 
18.12.2013 10:26:14.551 GetSum start: C:\Webclient\config\templates_frk\to.chq
18.12.2013 10:26:14.551 Start reading C:\Webclient\config\templates_frk\to.chq
18.12.2013 10:26:14.551 MD5 ( C:\Webclient\config\templates_frk\utk.chq ) 
18.12.2013 10:26:14.551 GetSum start: C:\Webclient\config\templates_frk\utk.chq
18.12.2013 10:26:14.551 Start reading C:\Webclient\config\templates_frk\utk.chq
18.12.2013 10:26:14.551 MD5 ( C:\Webclient\config\templates_frk\vod.chq ) 
18.12.2013 10:26:14.551 GetSum start: C:\Webclient\config\templates_frk\vod.chq
18.12.2013 10:26:14.551 Start reading C:\Webclient\config\templates_frk\vod.chq
18.12.2013 10:26:14.551 MD5 ( C:\Webclient\config\templates_frk\yandex.chq ) 
18.12.2013 10:26:14.551 GetSum start: C:\Webclient\config\templates_frk\yandex.chq
18.12.2013 10:26:14.551 Start reading C:\Webclient\config\templates_frk\yandex.chq
18.12.2013 10:26:14.551 Start getting md5 of: C:\Webclient\config\templates_frk_no_sup
18.12.2013 10:26:14.551 MD5 ( C:\Webclient\config\templates_frk_no_sup\2pay.chq ) 
18.12.2013 10:26:14.551 GetSum start: C:\Webclient\config\templates_frk_no_sup\2pay.chq
18.12.2013 10:26:14.551 Start reading C:\Webclient\config\templates_frk_no_sup\2pay.chq
18.12.2013 10:26:14.551 MD5 ( C:\Webclient\config\templates_frk_no_sup\2pay_.chq ) 
18.12.2013 10:26:14.551 GetSum start: C:\Webclient\config\templates_frk_no_sup\2pay_.chq
18.12.2013 10:26:14.551 Start reading C:\Webclient\config\templates_frk_no_sup\2pay_.chq
18.12.2013 10:26:14.551 MD5 ( C:\Webclient\config\templates_frk_no_sup\alfa_credit.chq ) 
18.12.2013 10:26:14.551 GetSum start: C:\Webclient\config\templates_frk_no_sup\alfa_credit.chq
18.12.2013 10:26:14.551 Start reading C:\Webclient\config\templates_frk_no_sup\alfa_credit.chq
18.12.2013 10:26:14.551 MD5 ( C:\Webclient\config\templates_frk_no_sup\arg.chq ) 
18.12.2013 10:26:14.551 GetSum start: C:\Webclient\config\templates_frk_no_sup\arg.chq
18.12.2013 10:26:14.551 Start reading C:\Webclient\config\templates_frk_no_sup\arg.chq
18.12.2013 10:26:14.551 MD5 ( C:\Webclient\config\templates_frk_no_sup\arg_686.chq ) 
18.12.2013 10:26:14.551 GetSum start: C:\Webclient\config\templates_frk_no_sup\arg_686.chq
18.12.2013 10:26:14.551 Start reading C:\Webclient\config\templates_frk_no_sup\arg_686.chq
18.12.2013 10:26:14.551 MD5 ( C:\Webclient\config\templates_frk_no_sup\avt.chq ) 
18.12.2013 10:26:14.551 GetSum start: C:\Webclient\config\templates_frk_no_sup\avt.chq
18.12.2013 10:26:14.551 Start reading C:\Webclient\config\templates_frk_no_sup\avt.chq
18.12.2013 10:26:14.551 MD5 ( C:\Webclient\config\templates_frk_no_sup\balance.chq ) 
18.12.2013 10:26:14.551 GetSum start: C:\Webclient\config\templates_frk_no_sup\balance.chq
18.12.2013 10:26:14.551 Start reading C:\Webclient\config\templates_frk_no_sup\balance.chq
18.12.2013 10:26:14.551 MD5 ( C:\Webclient\config\templates_frk_no_sup\bee.chq ) 
18.12.2013 10:26:14.551 GetSum start: C:\Webclient\config\templates_frk_no_sup\bee.chq
18.12.2013 10:26:14.551 Start reading C:\Webclient\config\templates_frk_no_sup\bee.chq
18.12.2013 10:26:14.551 MD5 ( C:\Webclient\config\templates_frk_no_sup\credit.chq ) 
18.12.2013 10:26:14.551 GetSum start: C:\Webclient\config\templates_frk_no_sup\credit.chq
18.12.2013 10:26:14.551 Start reading C:\Webclient\config\templates_frk_no_sup\credit.chq
18.12.2013 10:26:14.551 MD5 ( C:\Webclient\config\templates_frk_no_sup\default.chq ) 
18.12.2013 10:26:14.551 GetSum start: C:\Webclient\config\templates_frk_no_sup\default.chq
18.12.2013 10:26:14.551 Start reading C:\Webclient\config\templates_frk_no_sup\default.chq
18.12.2013 10:26:14.551 MD5 ( C:\Webclient\config\templates_frk_no_sup\exist.chq ) 
18.12.2013 10:26:14.551 GetSum start: C:\Webclient\config\templates_frk_no_sup\exist.chq
18.12.2013 10:26:14.551 Start reading C:\Webclient\config\templates_frk_no_sup\exist.chq
18.12.2013 10:26:14.551 MD5 ( C:\Webclient\config\templates_frk_no_sup\incassation.chq ) 
18.12.2013 10:26:14.551 GetSum start: C:\Webclient\config\templates_frk_no_sup\incassation.chq
18.12.2013 10:26:14.551 Start reading C:\Webclient\config\templates_frk_no_sup\incassation.chq
18.12.2013 10:26:14.551 MD5 ( C:\Webclient\config\templates_frk_no_sup\kes.chq ) 
18.12.2013 10:26:14.551 GetSum start: C:\Webclient\config\templates_frk_no_sup\kes.chq
18.12.2013 10:26:14.551 Start reading C:\Webclient\config\templates_frk_no_sup\kes.chq
18.12.2013 10:26:14.551 MD5 ( C:\Webclient\config\templates_frk_no_sup\money.chq ) 
18.12.2013 10:26:14.551 GetSum start: C:\Webclient\config\templates_frk_no_sup\money.chq
18.12.2013 10:26:14.551 Start reading C:\Webclient\config\templates_frk_no_sup\money.chq
18.12.2013 10:26:14.551 MD5 ( C:\Webclient\config\templates_frk_no_sup\mts.chq ) 
18.12.2013 10:26:14.551 GetSum start: C:\Webclient\config\templates_frk_no_sup\mts.chq
18.12.2013 10:26:14.551 Start reading C:\Webclient\config\templates_frk_no_sup\mts.chq
18.12.2013 10:26:14.551 MD5 ( C:\Webclient\config\templates_frk_no_sup\nesk.chq ) 
18.12.2013 10:26:14.551 GetSum start: C:\Webclient\config\templates_frk_no_sup\nesk.chq
18.12.2013 10:26:14.551 Start reading C:\Webclient\config\templates_frk_no_sup\nesk.chq
18.12.2013 10:26:14.551 MD5 ( C:\Webclient\config\templates_frk_no_sup\payment-error.chq ) 
18.12.2013 10:26:14.551 GetSum start: C:\Webclient\config\templates_frk_no_sup\payment-error.chq
18.12.2013 10:26:14.551 Start reading C:\Webclient\config\templates_frk_no_sup\payment-error.chq
18.12.2013 10:26:14.551 MD5 ( C:\Webclient\config\templates_frk_no_sup\ros_credit.chq ) 
18.12.2013 10:26:14.551 GetSum start: C:\Webclient\config\templates_frk_no_sup\ros_credit.chq
18.12.2013 10:26:14.551 Start reading C:\Webclient\config\templates_frk_no_sup\ros_credit.chq
18.12.2013 10:26:14.551 MD5 ( C:\Webclient\config\templates_frk_no_sup\tc.chq ) 
18.12.2013 10:26:14.551 GetSum start: C:\Webclient\config\templates_frk_no_sup\tc.chq
18.12.2013 10:26:14.551 Start reading C:\Webclient\config\templates_frk_no_sup\tc.chq
18.12.2013 10:26:14.551 MD5 ( C:\Webclient\config\templates_frk_no_sup\to.chq ) 
18.12.2013 10:26:14.551 GetSum start: C:\Webclient\config\templates_frk_no_sup\to.chq
18.12.2013 10:26:14.551 Start reading C:\Webclient\config\templates_frk_no_sup\to.chq
18.12.2013 10:26:14.551 MD5 ( C:\Webclient\config\templates_frk_no_sup\utk.chq ) 
18.12.2013 10:26:14.551 GetSum start: C:\Webclient\config\templates_frk_no_sup\utk.chq
18.12.2013 10:26:14.561 Start reading C:\Webclient\config\templates_frk_no_sup\utk.chq
18.12.2013 10:26:14.561 MD5 ( C:\Webclient\config\templates_frk_no_sup\vod.chq ) 
18.12.2013 10:26:14.561 GetSum start: C:\Webclient\config\templates_frk_no_sup\vod.chq
18.12.2013 10:26:14.561 Start reading C:\Webclient\config\templates_frk_no_sup\vod.chq
18.12.2013 10:26:14.561 MD5 ( C:\Webclient\config\templates_frk_no_sup\yandex.chq ) 
18.12.2013 10:26:14.561 GetSum start: C:\Webclient\config\templates_frk_no_sup\yandex.chq
18.12.2013 10:26:14.561 Start reading C:\Webclient\config\templates_frk_no_sup\yandex.chq
18.12.2013 10:26:14.561 Start getting md5 of: C:\Webclient\config\templates_no_sup
18.12.2013 10:26:14.561 MD5 ( C:\Webclient\config\templates_no_sup\2pay.chq ) 
18.12.2013 10:26:14.561 GetSum start: C:\Webclient\config\templates_no_sup\2pay.chq
18.12.2013 10:26:14.561 Start reading C:\Webclient\config\templates_no_sup\2pay.chq
18.12.2013 10:26:14.561 MD5 ( C:\Webclient\config\templates_no_sup\2pay_.chq ) 
18.12.2013 10:26:14.561 GetSum start: C:\Webclient\config\templates_no_sup\2pay_.chq
18.12.2013 10:26:14.561 Start reading C:\Webclient\config\templates_no_sup\2pay_.chq
18.12.2013 10:26:14.561 MD5 ( C:\Webclient\config\templates_no_sup\alfa_credit.chq ) 
18.12.2013 10:26:14.561 GetSum start: C:\Webclient\config\templates_no_sup\alfa_credit.chq
18.12.2013 10:26:14.561 Start reading C:\Webclient\config\templates_no_sup\alfa_credit.chq
18.12.2013 10:26:14.561 MD5 ( C:\Webclient\config\templates_no_sup\arg.chq ) 
18.12.2013 10:26:14.561 GetSum start: C:\Webclient\config\templates_no_sup\arg.chq
18.12.2013 10:26:14.561 Start reading C:\Webclient\config\templates_no_sup\arg.chq
18.12.2013 10:26:14.561 MD5 ( C:\Webclient\config\templates_no_sup\arg_686.chq ) 
18.12.2013 10:26:14.561 GetSum start: C:\Webclient\config\templates_no_sup\arg_686.chq
18.12.2013 10:26:14.561 Start reading C:\Webclient\config\templates_no_sup\arg_686.chq
18.12.2013 10:26:14.561 MD5 ( C:\Webclient\config\templates_no_sup\avt.chq ) 
18.12.2013 10:26:14.561 GetSum start: C:\Webclient\config\templates_no_sup\avt.chq
18.12.2013 10:26:14.561 Start reading C:\Webclient\config\templates_no_sup\avt.chq
18.12.2013 10:26:14.561 MD5 ( C:\Webclient\config\templates_no_sup\balance.chq ) 
18.12.2013 10:26:14.561 GetSum start: C:\Webclient\config\templates_no_sup\balance.chq
18.12.2013 10:26:14.561 Start reading C:\Webclient\config\templates_no_sup\balance.chq
18.12.2013 10:26:14.561 MD5 ( C:\Webclient\config\templates_no_sup\bee.chq ) 
18.12.2013 10:26:14.561 GetSum start: C:\Webclient\config\templates_no_sup\bee.chq
18.12.2013 10:26:14.561 Start reading C:\Webclient\config\templates_no_sup\bee.chq
18.12.2013 10:26:14.561 MD5 ( C:\Webclient\config\templates_no_sup\credit.chq ) 
18.12.2013 10:26:14.561 GetSum start: C:\Webclient\config\templates_no_sup\credit.chq
18.12.2013 10:26:14.561 Start reading C:\Webclient\config\templates_no_sup\credit.chq
18.12.2013 10:26:14.561 MD5 ( C:\Webclient\config\templates_no_sup\default.chq ) 
18.12.2013 10:26:14.561 GetSum start: C:\Webclient\config\templates_no_sup\default.chq
18.12.2013 10:26:14.561 Start reading C:\Webclient\config\templates_no_sup\default.chq
18.12.2013 10:26:14.561 MD5 ( C:\Webclient\config\templates_no_sup\exist.chq ) 
18.12.2013 10:26:14.561 GetSum start: C:\Webclient\config\templates_no_sup\exist.chq
18.12.2013 10:26:14.561 Start reading C:\Webclient\config\templates_no_sup\exist.chq
18.12.2013 10:26:14.561 MD5 ( C:\Webclient\config\templates_no_sup\incassation.chq ) 
18.12.2013 10:26:14.561 GetSum start: C:\Webclient\config\templates_no_sup\incassation.chq
18.12.2013 10:26:14.561 Start reading C:\Webclient\config\templates_no_sup\incassation.chq
18.12.2013 10:26:14.561 MD5 ( C:\Webclient\config\templates_no_sup\kes.chq ) 
18.12.2013 10:26:14.561 GetSum start: C:\Webclient\config\templates_no_sup\kes.chq
18.12.2013 10:26:14.561 Start reading C:\Webclient\config\templates_no_sup\kes.chq
18.12.2013 10:26:14.561 MD5 ( C:\Webclient\config\templates_no_sup\money.chq ) 
18.12.2013 10:26:14.561 GetSum start: C:\Webclient\config\templates_no_sup\money.chq
18.12.2013 10:26:14.561 Start reading C:\Webclient\config\templates_no_sup\money.chq
18.12.2013 10:26:14.561 MD5 ( C:\Webclient\config\templates_no_sup\mts.chq ) 
18.12.2013 10:26:14.561 GetSum start: C:\Webclient\config\templates_no_sup\mts.chq
18.12.2013 10:26:14.561 Start reading C:\Webclient\config\templates_no_sup\mts.chq
18.12.2013 10:26:14.561 MD5 ( C:\Webclient\config\templates_no_sup\nesk.chq ) 
18.12.2013 10:26:14.561 GetSum start: C:\Webclient\config\templates_no_sup\nesk.chq
18.12.2013 10:26:14.561 Start reading C:\Webclient\config\templates_no_sup\nesk.chq
18.12.2013 10:26:14.561 MD5 ( C:\Webclient\config\templates_no_sup\payment-error.chq ) 
18.12.2013 10:26:14.561 GetSum start: C:\Webclient\config\templates_no_sup\payment-error.chq
18.12.2013 10:26:14.561 Start reading C:\Webclient\config\templates_no_sup\payment-error.chq
18.12.2013 10:26:14.561 MD5 ( C:\Webclient\config\templates_no_sup\ros_credit.chq ) 
18.12.2013 10:26:14.561 GetSum start: C:\Webclient\config\templates_no_sup\ros_credit.chq
18.12.2013 10:26:14.561 Start reading C:\Webclient\config\templates_no_sup\ros_credit.chq
18.12.2013 10:26:14.561 MD5 ( C:\Webclient\config\templates_no_sup\tc.chq ) 
18.12.2013 10:26:14.561 GetSum start: C:\Webclient\config\templates_no_sup\tc.chq
18.12.2013 10:26:14.561 Start reading C:\Webclient\config\templates_no_sup\tc.chq
18.12.2013 10:26:14.561 MD5 ( C:\Webclient\config\templates_no_sup\to.chq ) 
18.12.2013 10:26:14.561 GetSum start: C:\Webclient\config\templates_no_sup\to.chq
18.12.2013 10:26:14.561 Start reading C:\Webclient\config\templates_no_sup\to.chq
18.12.2013 10:26:14.561 MD5 ( C:\Webclient\config\templates_no_sup\utk.chq ) 
18.12.2013 10:26:14.561 GetSum start: C:\Webclient\config\templates_no_sup\utk.chq
18.12.2013 10:26:14.561 Start reading C:\Webclient\config\templates_no_sup\utk.chq
18.12.2013 10:26:14.571 MD5 ( C:\Webclient\config\templates_no_sup\vod.chq ) 
18.12.2013 10:26:14.571 GetSum start: C:\Webclient\config\templates_no_sup\vod.chq
18.12.2013 10:26:14.571 Start reading C:\Webclient\config\templates_no_sup\vod.chq
18.12.2013 10:26:14.571 MD5 ( C:\Webclient\config\templates_no_sup\yandex.chq ) 
18.12.2013 10:26:14.571 GetSum start: C:\Webclient\config\templates_no_sup\yandex.chq
18.12.2013 10:26:14.571 Start reading C:\Webclient\config\templates_no_sup\yandex.chq
18.12.2013 10:26:14.571 Start getting md5 of: C:\Webclient\config\templates_prim
18.12.2013 10:26:14.571 MD5 ( C:\Webclient\config\templates_prim\2pay.chq ) 
18.12.2013 10:26:14.571 GetSum start: C:\Webclient\config\templates_prim\2pay.chq
18.12.2013 10:26:14.571 Start reading C:\Webclient\config\templates_prim\2pay.chq
18.12.2013 10:26:14.571 MD5 ( C:\Webclient\config\templates_prim\2pay_.chq ) 
18.12.2013 10:26:14.571 GetSum start: C:\Webclient\config\templates_prim\2pay_.chq
18.12.2013 10:26:14.571 Start reading C:\Webclient\config\templates_prim\2pay_.chq
18.12.2013 10:26:14.571 MD5 ( C:\Webclient\config\templates_prim\avt.chq ) 
18.12.2013 10:26:14.571 GetSum start: C:\Webclient\config\templates_prim\avt.chq
18.12.2013 10:26:14.571 Start reading C:\Webclient\config\templates_prim\avt.chq
18.12.2013 10:26:14.571 MD5 ( C:\Webclient\config\templates_prim\balance.chq ) 
18.12.2013 10:26:14.571 GetSum start: C:\Webclient\config\templates_prim\balance.chq
18.12.2013 10:26:14.571 Start reading C:\Webclient\config\templates_prim\balance.chq
18.12.2013 10:26:14.571 MD5 ( C:\Webclient\config\templates_prim\bee.chq ) 
18.12.2013 10:26:14.571 GetSum start: C:\Webclient\config\templates_prim\bee.chq
18.12.2013 10:26:14.571 Start reading C:\Webclient\config\templates_prim\bee.chq
18.12.2013 10:26:14.571 MD5 ( C:\Webclient\config\templates_prim\default.chq ) 
18.12.2013 10:26:14.571 GetSum start: C:\Webclient\config\templates_prim\default.chq
18.12.2013 10:26:14.571 Start reading C:\Webclient\config\templates_prim\default.chq
18.12.2013 10:26:14.571 MD5 ( C:\Webclient\config\templates_prim\exist.chq ) 
18.12.2013 10:26:14.571 GetSum start: C:\Webclient\config\templates_prim\exist.chq
18.12.2013 10:26:14.571 Start reading C:\Webclient\config\templates_prim\exist.chq
18.12.2013 10:26:14.571 MD5 ( C:\Webclient\config\templates_prim\incassation.chq ) 
18.12.2013 10:26:14.571 GetSum start: C:\Webclient\config\templates_prim\incassation.chq
18.12.2013 10:26:14.571 Start reading C:\Webclient\config\templates_prim\incassation.chq
18.12.2013 10:26:14.571 MD5 ( C:\Webclient\config\templates_prim\kes.chq ) 
18.12.2013 10:26:14.571 GetSum start: C:\Webclient\config\templates_prim\kes.chq
18.12.2013 10:26:14.571 Start reading C:\Webclient\config\templates_prim\kes.chq
18.12.2013 10:26:14.571 MD5 ( C:\Webclient\config\templates_prim\money.chq ) 
18.12.2013 10:26:14.571 GetSum start: C:\Webclient\config\templates_prim\money.chq
18.12.2013 10:26:14.571 Start reading C:\Webclient\config\templates_prim\money.chq
18.12.2013 10:26:14.571 MD5 ( C:\Webclient\config\templates_prim\mts.chq ) 
18.12.2013 10:26:14.571 GetSum start: C:\Webclient\config\templates_prim\mts.chq
18.12.2013 10:26:14.571 Start reading C:\Webclient\config\templates_prim\mts.chq
18.12.2013 10:26:14.571 MD5 ( C:\Webclient\config\templates_prim\nesk.chq ) 
18.12.2013 10:26:14.571 GetSum start: C:\Webclient\config\templates_prim\nesk.chq
18.12.2013 10:26:14.571 Start reading C:\Webclient\config\templates_prim\nesk.chq
18.12.2013 10:26:14.571 MD5 ( C:\Webclient\config\templates_prim\payment-error.chq ) 
18.12.2013 10:26:14.571 GetSum start: C:\Webclient\config\templates_prim\payment-error.chq
18.12.2013 10:26:14.571 Start reading C:\Webclient\config\templates_prim\payment-error.chq
18.12.2013 10:26:14.571 MD5 ( C:\Webclient\config\templates_prim\to.chq ) 
18.12.2013 10:26:14.571 GetSum start: C:\Webclient\config\templates_prim\to.chq
18.12.2013 10:26:14.571 Start reading C:\Webclient\config\templates_prim\to.chq
18.12.2013 10:26:14.571 MD5 ( C:\Webclient\config\templates_prim\utk.chq ) 
18.12.2013 10:26:14.571 GetSum start: C:\Webclient\config\templates_prim\utk.chq
18.12.2013 10:26:14.571 Start reading C:\Webclient\config\templates_prim\utk.chq
18.12.2013 10:26:14.571 MD5 ( C:\Webclient\config\templates_prim\vod.chq ) 
18.12.2013 10:26:14.571 GetSum start: C:\Webclient\config\templates_prim\vod.chq
18.12.2013 10:26:14.571 Start reading C:\Webclient\config\templates_prim\vod.chq
18.12.2013 10:26:14.571 MD5 ( C:\Webclient\config\templates_prim\yandex.chq ) 
18.12.2013 10:26:14.571 GetSum start: C:\Webclient\config\templates_prim\yandex.chq
18.12.2013 10:26:14.571 Start reading C:\Webclient\config\templates_prim\yandex.chq
18.12.2013 10:26:14.571 MD5 ( C:\Webclient\confTool.exe ) 
18.12.2013 10:26:14.571 GetSum start: C:\Webclient\confTool.exe
18.12.2013 10:26:14.801 Start reading C:\Webclient\confTool.exe
18.12.2013 10:26:14.821 MD5 ( C:\Webclient\CryptLib.dll ) 
18.12.2013 10:26:14.821 GetSum start: C:\Webclient\CryptLib.dll
18.12.2013 10:26:14.821 Start reading C:\Webclient\CryptLib.dll
18.12.2013 10:26:14.821 MD5 ( C:\Webclient\dclusr60.bpl ) 
18.12.2013 10:26:14.821 GetSum start: C:\Webclient\dclusr60.bpl
18.12.2013 10:26:14.821 Start reading C:\Webclient\dclusr60.bpl
18.12.2013 10:26:14.831 MD5 ( C:\Webclient\DllEmul.dll ) 
18.12.2013 10:26:14.831 GetSum start: C:\Webclient\DllEmul.dll
18.12.2013 10:26:14.831 Start reading C:\Webclient\DllEmul.dll
18.12.2013 10:26:14.831 MD5 ( C:\Webclient\document.txt ) 
18.12.2013 10:26:14.831 GetSum start: C:\Webclient\document.txt
18.12.2013 10:26:14.841 Start reading C:\Webclient\document.txt
18.12.2013 10:26:14.841 Start getting md5 of: C:\Webclient\DPSCom
18.12.2013 10:26:14.841 MD5 ( C:\Webclient\DPSCom\.data ) 
18.12.2013 10:26:14.841 GetSum start: C:\Webclient\DPSCom\.data
18.12.2013 10:26:14.841 Start reading C:\Webclient\DPSCom\.data
18.12.2013 10:26:14.841 MD5 ( C:\Webclient\DPSCom\.edata ) 
18.12.2013 10:26:14.841 GetSum start: C:\Webclient\DPSCom\.edata
18.12.2013 10:26:14.841 Start reading C:\Webclient\DPSCom\.edata
18.12.2013 10:26:14.841 MD5 ( C:\Webclient\DPSCom\.idata ) 
18.12.2013 10:26:14.841 GetSum start: C:\Webclient\DPSCom\.idata
18.12.2013 10:26:14.841 Start reading C:\Webclient\DPSCom\.idata
18.12.2013 10:26:14.841 MD5 ( C:\Webclient\DPSCom\.rdata ) 
18.12.2013 10:26:14.841 GetSum start: C:\Webclient\DPSCom\.rdata
18.12.2013 10:26:14.841 Start reading C:\Webclient\DPSCom\.rdata
18.12.2013 10:26:14.841 MD5 ( C:\Webclient\DPSCom\.reloc ) 
18.12.2013 10:26:14.841 GetSum start: C:\Webclient\DPSCom\.reloc
18.12.2013 10:26:14.841 Start reading C:\Webclient\DPSCom\.reloc
18.12.2013 10:26:14.851 Start getting md5 of: C:\Webclient\DPSCom\.rsrc
18.12.2013 10:26:14.851 Start getting md5 of: C:\Webclient\DPSCom\.rsrc\GROUP_ICON
18.12.2013 10:26:14.851 MD5 ( C:\Webclient\DPSCom\.rsrc\GROUP_ICON\MAINICON ) 
18.12.2013 10:26:14.851 GetSum start: C:\Webclient\DPSCom\.rsrc\GROUP_ICON\MAINICON
18.12.2013 10:26:14.851 Start reading C:\Webclient\DPSCom\.rsrc\GROUP_ICON\MAINICON
18.12.2013 10:26:14.851 Start getting md5 of: C:\Webclient\DPSCom\.rsrc\ICON
18.12.2013 10:26:14.851 MD5 ( C:\Webclient\DPSCom\.rsrc\ICON\1.ico ) 
18.12.2013 10:26:14.851 GetSum start: C:\Webclient\DPSCom\.rsrc\ICON\1.ico
18.12.2013 10:26:14.851 Start reading C:\Webclient\DPSCom\.rsrc\ICON\1.ico
18.12.2013 10:26:14.851 Start getting md5 of: C:\Webclient\DPSCom\.rsrc\RCDATA
18.12.2013 10:26:14.851 MD5 ( C:\Webclient\DPSCom\.rsrc\RCDATA\DVCLAL ) 
18.12.2013 10:26:14.851 GetSum start: C:\Webclient\DPSCom\.rsrc\RCDATA\DVCLAL
18.12.2013 10:26:14.851 Start reading C:\Webclient\DPSCom\.rsrc\RCDATA\DVCLAL
18.12.2013 10:26:14.851 MD5 ( C:\Webclient\DPSCom\.rsrc\RCDATA\TFORM1 ) 
18.12.2013 10:26:14.851 GetSum start: C:\Webclient\DPSCom\.rsrc\RCDATA\TFORM1
18.12.2013 10:26:14.851 Start reading C:\Webclient\DPSCom\.rsrc\RCDATA\TFORM1
18.12.2013 10:26:14.851 Start getting md5 of: C:\Webclient\DPSCom\.rsrc\STRING
18.12.2013 10:26:14.851 MD5 ( C:\Webclient\DPSCom\.rsrc\STRING\4096 ) 
18.12.2013 10:26:14.851 GetSum start: C:\Webclient\DPSCom\.rsrc\STRING\4096
18.12.2013 10:26:14.861 Start reading C:\Webclient\DPSCom\.rsrc\STRING\4096
18.12.2013 10:26:14.861 Start getting md5 of: C:\Webclient\DPSCom\.rsrc\VERSION
18.12.2013 10:26:14.861 MD5 ( C:\Webclient\DPSCom\.rsrc\VERSION\1 ) 
18.12.2013 10:26:14.861 GetSum start: C:\Webclient\DPSCom\.rsrc\VERSION\1
18.12.2013 10:26:14.861 Start reading C:\Webclient\DPSCom\.rsrc\VERSION\1
18.12.2013 10:26:14.861 MD5 ( C:\Webclient\DPSCom\.rsrc_1 ) 
18.12.2013 10:26:14.861 GetSum start: C:\Webclient\DPSCom\.rsrc_1
18.12.2013 10:26:14.861 Start reading C:\Webclient\DPSCom\.rsrc_1
18.12.2013 10:26:14.861 MD5 ( C:\Webclient\DPSCom\.text ) 
18.12.2013 10:26:14.861 GetSum start: C:\Webclient\DPSCom\.text
18.12.2013 10:26:14.861 Start reading C:\Webclient\DPSCom\.text
18.12.2013 10:26:14.871 MD5 ( C:\Webclient\DPSCom\.tls ) 
18.12.2013 10:26:14.871 GetSum start: C:\Webclient\DPSCom\.tls
18.12.2013 10:26:14.871 Start reading C:\Webclient\DPSCom\.tls
18.12.2013 10:26:14.871 MD5 ( C:\Webclient\DPSCom.exe ) 
18.12.2013 10:26:14.871 GetSum start: C:\Webclient\DPSCom.exe
18.12.2013 10:26:14.891 Start reading C:\Webclient\DPSCom.exe
18.12.2013 10:26:14.901 MD5 ( C:\Webclient\DPSCom.tds ) 
18.12.2013 10:26:14.901 GetSum start: C:\Webclient\DPSCom.tds
18.12.2013 10:26:14.911 Start reading C:\Webclient\DPSCom.tds
18.12.2013 10:26:14.961 MD5 ( C:\Webclient\DPSKiosk.exe ) 
18.12.2013 10:26:14.961 GetSum start: C:\Webclient\DPSKiosk.exe
18.12.2013 10:26:15.251 Start reading C:\Webclient\DPSKiosk.exe
18.12.2013 10:26:15.321 MD5 ( C:\Webclient\DPSKiosk.exe.lnk ) 
18.12.2013 10:26:15.321 GetSum start: C:\Webclient\DPSKiosk.exe.lnk
18.12.2013 10:26:15.321 Start reading C:\Webclient\DPSKiosk.exe.lnk
18.12.2013 10:26:15.321 MD5 ( C:\Webclient\DPSKiosk.tds ) 
18.12.2013 10:26:15.321 GetSum start: C:\Webclient\DPSKiosk.tds
18.12.2013 10:26:15.331 Start reading C:\Webclient\DPSKiosk.tds
18.12.2013 10:26:15.491 MD5 ( C:\Webclient\DPSKioskSetup.exe ) 
18.12.2013 10:26:15.491 GetSum start: C:\Webclient\DPSKioskSetup.exe
18.12.2013 10:48:46.770 MD5 class started ...
18.12.2013 10:51:20.602 MD5 class started ...
18.12.2013 10:51:50.728 MD5 class started ...
18.12.2013 10:52:44.549 MD5 class started ...
18.12.2013 10:52:54.620 MD5 class started ...
18.12.2013 10:58:14.521 MD5 class started ...
18.12.2013 10:58:24.686 MD5 class started ...
18.12.2013 10:59:15.416 MD5 class started ...
18.12.2013 11:01:03.368 MD5 class started ...
18.12.2013 11:25:39.069 MD5 class started ...
18.12.2013 11:28:01.001 MD5 class started ...
18.12.2013 11:28:53.768 MD5 class started ...
18.12.2013 11:28:58.083 MD5 class started ...
18.12.2013 11:29:02.094 MD5 class started ...
18.12.2013 11:29:06.026 MD5 class started ...
