25.12.2013 09:03:21.817 TCancelUpdate start ...
25.12.2013 09:17:29.454 TCancelUpdate start ...
25.12.2013 09:19:07.933 TCancelUpdate start ...
25.12.2013 09:22:07.246 TCancelUpdate start ...
25.12.2013 09:26:49.287 TCancelUpdate start ...
25.12.2013 09:31:05.158 TCancelUpdate start ...
25.12.2013 09:33:30.165 TCancelUpdate start ...
25.12.2013 09:39:32.320 C:\Users\PiskunovI\Desktop\Workplace\20.12.2013\Updater (20.12.2013)
25.12.2013 09:39:32.320 sPath: C:\Users\PiskunovI\Desktop\Workplace\20.12.2013\Updater (20.12.2013)\adv1\
25.12.2013 09:39:32.320 sPathErased:C:\WebClient\Workplace\20.12.2013\Updater (20.12.2013)\adv1\
25.12.2013 09:39:32.320 Copy: C:\Users\PiskunovI\Desktop\Workplace\20.12.2013\Updater (20.12.2013)\adv1\1.jpg
25.12.2013 09:39:32.320 Send to: C:\WebClient\Workplace\20.12.2013\Updater (20.12.2013)\adv1\1.jpg
25.12.2013 09:39:32.330 sPath: C:\Users\PiskunovI\Desktop\Workplace\20.12.2013\Updater (20.12.2013)\adv1\
25.12.2013 09:39:32.330 sPathErased:C:\WebClient\Workplace\20.12.2013\Updater (20.12.2013)\adv1\
25.12.2013 09:39:32.330 Copy: C:\Users\PiskunovI\Desktop\Workplace\20.12.2013\Updater (20.12.2013)\adv1\2.jpg
25.12.2013 09:39:32.330 Send to: C:\WebClient\Workplace\20.12.2013\Updater (20.12.2013)\adv1\2.jpg
25.12.2013 09:39:32.331 sPath: C:\Users\PiskunovI\Desktop\Workplace\20.12.2013\Updater (20.12.2013)\adv1\
25.12.2013 09:39:32.331 sPathErased:C:\WebClient\Workplace\20.12.2013\Updater (20.12.2013)\adv1\
25.12.2013 09:39:32.331 Copy: C:\Users\PiskunovI\Desktop\Workplace\20.12.2013\Updater (20.12.2013)\adv1\3.jpg
25.12.2013 09:39:32.331 Send to: C:\WebClient\Workplace\20.12.2013\Updater (20.12.2013)\adv1\3.jpg
25.12.2013 09:39:32.331 sPath: C:\Users\PiskunovI\Desktop\Workplace\20.12.2013\Updater (20.12.2013)\adv1\Backup\images\logs\modules\
25.12.2013 09:39:32.331 sPathErased:C:\WebClient\Workplace\20.12.2013\Updater (20.12.2013)\adv1\Backup\images\logs\modules\
25.12.2013 09:39:32.331 Copy: C:\Users\PiskunovI\Desktop\Workplace\20.12.2013\Updater (20.12.2013)\adv1\Backup\images\logs\modules\Unit1.cpp
25.12.2013 09:39:32.331 Send to: C:\WebClient\Workplace\20.12.2013\Updater (20.12.2013)\adv1\Backup\images\logs\modules\Unit1.cpp
25.12.2013 09:39:32.332 sPath: C:\Users\PiskunovI\Desktop\Workplace\20.12.2013\Updater (20.12.2013)\adv1\Backup\images\logs\modules\
25.12.2013 09:39:32.332 sPathErased:C:\WebClient\Workplace\20.12.2013\Updater (20.12.2013)\adv1\Backup\images\logs\modules\
25.12.2013 09:39:32.332 Copy: C:\Users\PiskunovI\Desktop\Workplace\20.12.2013\Updater (20.12.2013)\adv1\Backup\images\logs\modules\Unit1.ddp
25.12.2013 09:39:32.332 Send to: C:\WebClient\Workplace\20.12.2013\Updater (20.12.2013)\adv1\Backup\images\logs\modules\Unit1.ddp
25.12.2013 09:39:32.332 sPath: C:\Users\PiskunovI\Desktop\Workplace\20.12.2013\Updater (20.12.2013)\adv1\Backup\images\logs\modules\
25.12.2013 09:39:32.332 sPathErased:C:\WebClient\Workplace\20.12.2013\Updater (20.12.2013)\adv1\Backup\images\logs\modules\
25.12.2013 09:39:32.332 Copy: C:\Users\PiskunovI\Desktop\Workplace\20.12.2013\Updater (20.12.2013)\adv1\Backup\images\logs\modules\Unit1.dfm
25.12.2013 09:39:32.332 Send to: C:\WebClient\Workplace\20.12.2013\Updater (20.12.2013)\adv1\Backup\images\logs\modules\Unit1.dfm
25.12.2013 09:39:32.332 sPath: C:\Users\PiskunovI\Desktop\Workplace\20.12.2013\Updater (20.12.2013)\adv1\Backup\images\logs\modules\
25.12.2013 09:39:32.332 sPathErased:C:\WebClient\Workplace\20.12.2013\Updater (20.12.2013)\adv1\Backup\images\logs\modules\
25.12.2013 09:39:32.332 Copy: C:\Users\PiskunovI\Desktop\Workplace\20.12.2013\Updater (20.12.2013)\adv1\Backup\images\logs\modules\Unit1.h
25.12.2013 09:39:32.332 Send to: C:\WebClient\Workplace\20.12.2013\Updater (20.12.2013)\adv1\Backup\images\logs\modules\Unit1.h
25.12.2013 09:39:32.332 sPath: C:\Users\PiskunovI\Desktop\Workplace\20.12.2013\Updater (20.12.2013)\adv1\Backup\images\logs\modules\
25.12.2013 09:39:32.332 sPathErased:C:\WebClient\Workplace\20.12.2013\Updater (20.12.2013)\adv1\Backup\images\logs\modules\
25.12.2013 09:39:32.332 Copy: C:\Users\PiskunovI\Desktop\Workplace\20.12.2013\Updater (20.12.2013)\adv1\Backup\images\logs\modules\Unit1.obj
25.12.2013 09:39:32.332 Send to: C:\WebClient\Workplace\20.12.2013\Updater (20.12.2013)\adv1\Backup\images\logs\modules\Unit1.obj
25.12.2013 09:39:32.332 sPath: C:\Users\PiskunovI\Desktop\Workplace\20.12.2013\Updater (20.12.2013)\adv1\Backup\images\logs\modules\
25.12.2013 09:39:32.332 sPathErased:C:\WebClient\Workplace\20.12.2013\Updater (20.12.2013)\adv1\Backup\images\logs\modules\
25.12.2013 09:39:32.332 Copy: C:\Users\PiskunovI\Desktop\Workplace\20.12.2013\Updater (20.12.2013)\adv1\Backup\images\logs\modules\Unit1.~cpp
25.12.2013 09:39:32.332 Send to: C:\WebClient\Workplace\20.12.2013\Updater (20.12.2013)\adv1\Backup\images\logs\modules\Unit1.~cpp
25.12.2013 09:39:32.333 sPath: C:\Users\PiskunovI\Desktop\Workplace\20.12.2013\Updater (20.12.2013)\adv1\Backup\images\logs\modules\
25.12.2013 09:39:32.333 sPathErased:C:\WebClient\Workplace\20.12.2013\Updater (20.12.2013)\adv1\Backup\images\logs\modules\
25.12.2013 09:39:32.333 Copy: C:\Users\PiskunovI\Desktop\Workplace\20.12.2013\Updater (20.12.2013)\adv1\Backup\images\logs\modules\Unit1.~ddp
25.12.2013 09:39:32.333 Send to: C:\WebClient\Workplace\20.12.2013\Updater (20.12.2013)\adv1\Backup\images\logs\modules\Unit1.~ddp
25.12.2013 09:39:32.333 sPath: C:\Users\PiskunovI\Desktop\Workplace\20.12.2013\Updater (20.12.2013)\adv1\Backup\images\logs\modules\
25.12.2013 09:39:32.333 sPathErased:C:\WebClient\Workplace\20.12.2013\Updater (20.12.2013)\adv1\Backup\images\logs\modules\
25.12.2013 09:39:32.333 Copy: C:\Users\PiskunovI\Desktop\Workplace\20.12.2013\Updater (20.12.2013)\adv1\Backup\images\logs\modules\Unit1.~dfm
25.12.2013 09:39:32.333 Send to: C:\WebClient\Workplace\20.12.2013\Updater (20.12.2013)\adv1\Backup\images\logs\modules\Unit1.~dfm
25.12.2013 09:39:32.333 sPath: C:\Users\PiskunovI\Desktop\Workplace\20.12.2013\Updater (20.12.2013)\adv1\Backup\images\logs\modules\
25.12.2013 09:39:32.333 sPathErased:C:\WebClient\Workplace\20.12.2013\Updater (20.12.2013)\adv1\Backup\images\logs\modules\
25.12.2013 09:39:32.333 Copy: C:\Users\PiskunovI\Desktop\Workplace\20.12.2013\Updater (20.12.2013)\adv1\Backup\images\logs\modules\Unit1.~h
25.12.2013 09:39:32.333 Send to: C:\WebClient\Workplace\20.12.2013\Updater (20.12.2013)\adv1\Backup\images\logs\modules\Unit1.~h
25.12.2013 09:39:32.333 sPath: C:\Users\PiskunovI\Desktop\Workplace\20.12.2013\Updater (20.12.2013)\adv1\Backup\images\logs\modules\
25.12.2013 09:39:32.333 sPathErased:C:\WebClient\Workplace\20.12.2013\Updater (20.12.2013)\adv1\Backup\images\logs\modules\
25.12.2013 09:39:32.333 Copy: C:\Users\PiskunovI\Desktop\Workplace\20.12.2013\Updater (20.12.2013)\adv1\Backup\images\logs\modules\Updater.bpr
25.12.2013 09:39:32.333 Send to: C:\WebClient\Workplace\20.12.2013\Updater (20.12.2013)\adv1\Backup\images\logs\modules\Updater.bpr
25.12.2013 09:39:32.333 sPath: C:\Users\PiskunovI\Desktop\Workplace\20.12.2013\Updater (20.12.2013)\adv1\Backup\images\logs\modules\
25.12.2013 09:39:32.333 sPathErased:C:\WebClient\Workplace\20.12.2013\Updater (20.12.2013)\adv1\Backup\images\logs\modules\
25.12.2013 09:39:32.333 Copy: C:\Users\PiskunovI\Desktop\Workplace\20.12.2013\Updater (20.12.2013)\adv1\Backup\images\logs\modules\Updater.cpp
25.12.2013 09:39:32.333 Send to: C:\WebClient\Workplace\20.12.2013\Updater (20.12.2013)\adv1\Backup\images\logs\modules\Updater.cpp
25.12.2013 09:39:32.333 sPath: C:\Users\PiskunovI\Desktop\Workplace\20.12.2013\Updater (20.12.2013)\adv1\Backup\images\logs\modules\
25.12.2013 09:39:32.333 sPathErased:C:\WebClient\Workplace\20.12.2013\Updater (20.12.2013)\adv1\Backup\images\logs\modules\
25.12.2013 09:39:32.333 Copy: C:\Users\PiskunovI\Desktop\Workplace\20.12.2013\Updater (20.12.2013)\adv1\Backup\images\logs\modules\Updater.exe
25.12.2013 09:39:32.333 Send to: C:\WebClient\Workplace\20.12.2013\Updater (20.12.2013)\adv1\Backup\images\logs\modules\Updater.exe
25.12.2013 09:39:32.334 sPath: C:\Users\PiskunovI\Desktop\Workplace\20.12.2013\Updater (20.12.2013)\adv1\Backup\images\logs\modules\
25.12.2013 09:39:32.334 sPathErased:C:\WebClient\Workplace\20.12.2013\Updater (20.12.2013)\adv1\Backup\images\logs\modules\
25.12.2013 09:39:32.334 Copy: C:\Users\PiskunovI\Desktop\Workplace\20.12.2013\Updater (20.12.2013)\adv1\Backup\images\logs\modules\Updater.obj
25.12.2013 09:39:32.334 Send to: C:\WebClient\Workplace\20.12.2013\Updater (20.12.2013)\adv1\Backup\images\logs\modules\Updater.obj
25.12.2013 09:39:32.334 sPath: C:\Users\PiskunovI\Desktop\Workplace\20.12.2013\Updater (20.12.2013)\adv1\Backup\images\logs\modules\
25.12.2013 09:39:32.334 sPathErased:C:\WebClient\Workplace\20.12.2013\Updater (20.12.2013)\adv1\Backup\images\logs\modules\
25.12.2013 09:39:32.334 Copy: C:\Users\PiskunovI\Desktop\Workplace\20.12.2013\Updater (20.12.2013)\adv1\Backup\images\logs\modules\Updater.res
25.12.2013 09:39:32.334 Send to: C:\WebClient\Workplace\20.12.2013\Updater (20.12.2013)\adv1\Backup\images\logs\modules\Updater.res
25.12.2013 09:39:32.334 sPath: C:\Users\PiskunovI\Desktop\Workplace\20.12.2013\Updater (20.12.2013)\adv1\Backup\images\logs\modules\
25.12.2013 09:39:32.334 sPathErased:C:\WebClient\Workplace\20.12.2013\Updater (20.12.2013)\adv1\Backup\images\logs\modules\
25.12.2013 09:39:32.334 Copy: C:\Users\PiskunovI\Desktop\Workplace\20.12.2013\Updater (20.12.2013)\adv1\Backup\images\logs\modules\Updater.tds
25.12.2013 09:39:32.334 Send to: C:\WebClient\Workplace\20.12.2013\Updater (20.12.2013)\adv1\Backup\images\logs\modules\Updater.tds
25.12.2013 09:39:32.334 sPath: C:\Users\PiskunovI\Desktop\Workplace\20.12.2013\Updater (20.12.2013)\adv1\Backup\images\logs\modules\
25.12.2013 09:39:32.334 sPathErased:C:\WebClient\Workplace\20.12.2013\Updater (20.12.2013)\adv1\Backup\images\logs\modules\
25.12.2013 09:39:32.334 Copy: C:\Users\PiskunovI\Desktop\Workplace\20.12.2013\Updater (20.12.2013)\adv1\Backup\images\logs\modules\Updater.~bpr
25.12.2013 09:39:32.334 Send to: C:\WebClient\Workplace\20.12.2013\Updater (20.12.2013)\adv1\Backup\images\logs\modules\Updater.~bpr
25.12.2013 09:39:32.334 sPath: C:\Users\PiskunovI\Desktop\Workplace\20.12.2013\Updater (20.12.2013)\adv1\Backup\images\logs\modules\
25.12.2013 09:39:32.334 sPathErased:C:\WebClient\Workplace\20.12.2013\Updater (20.12.2013)\adv1\Backup\images\logs\modules\
25.12.2013 09:39:32.334 Copy: C:\Users\PiskunovI\Desktop\Workplace\20.12.2013\Updater (20.12.2013)\adv1\Backup\images\logs\modules\Updater.~cpp
25.12.2013 09:39:32.334 Send to: C:\WebClient\Workplace\20.12.2013\Updater (20.12.2013)\adv1\Backup\images\logs\modules\Updater.~cpp
25.12.2013 09:39:32.334 sPath: C:\Users\PiskunovI\Desktop\Workplace\20.12.2013\Updater (20.12.2013)\adv1\Backup\images\logs\modules\
25.12.2013 09:39:32.334 sPathErased:C:\WebClient\Workplace\20.12.2013\Updater (20.12.2013)\adv1\Backup\images\logs\modules\
25.12.2013 09:39:32.334 Copy: C:\Users\PiskunovI\Desktop\Workplace\20.12.2013\Updater (20.12.2013)\adv1\Backup\images\logs\modules\upgrade.txt
25.12.2013 09:39:32.335 Send to: C:\WebClient\Workplace\20.12.2013\Updater (20.12.2013)\adv1\Backup\images\logs\modules\upgrade.txt
25.12.2013 09:39:32.335 sPath: C:\Users\PiskunovI\Desktop\Workplace\20.12.2013\Updater (20.12.2013)\adv1\Backup\images\logs\modules\
25.12.2013 09:39:32.335 sPathErased:C:\WebClient\Workplace\20.12.2013\Updater (20.12.2013)\adv1\Backup\images\logs\modules\
25.12.2013 09:39:32.335 Copy: C:\Users\PiskunovI\Desktop\Workplace\20.12.2013\Updater (20.12.2013)\adv1\Backup\images\logs\modules\œ–Œ◊»“¿….txt
25.12.2013 09:39:32.335 Send to: C:\WebClient\Workplace\20.12.2013\Updater (20.12.2013)\adv1\Backup\images\logs\modules\œ–Œ◊»“¿….txt
25.12.2013 09:39:32.335 Finishing BackUp operations . . . 
25.12.2013 09:39:32.335 Starting C:\WebClient\DPSKiosk.exe...OK.
25.12.2013 09:40:41.028 TCancelUpdate start ...
25.12.2013 09:51:11.206 TCancelUpdate start ...
25.12.2013 09:56:11.116 TCancelUpdate start ...
25.12.2013 11:24:08.237 TCancelUpdate start ...
25.12.2013 11:28:44.362 TCancelUpdate start ...
25.12.2013 11:30:01.782 TCancelUpdate start ...
25.12.2013 11:30:15.615 TCancelUpdate start ...
25.12.2013 11:31:55.520 TCancelUpdate start ...
25.12.2013 16:14:42.751 TCancelUpdate start ...
25.12.2013 16:15:17.741 TCancelUpdate start ...
25.12.2013 16:18:04.370 TCancelUpdate start ...
