20.12.2013 10:18:10.924 TBackup initialise ...
20.12.2013 10:18:48.580 TBackup initialise ...
20.12.2013 10:20:34.528 TBackup initialise ...
20.12.2013 10:23:04.821 TBackup initialise ...
20.12.2013 10:23:18.370 TBackup initialise ...
20.12.2013 10:24:23.234 TBackup initialise ...
20.12.2013 10:34:03.517 TBackup initialise ...
20.12.2013 10:34:11.296 New: C:\Users\PiskunovI\Desktop\Workplace\20.12.2013\Updater (20.12.2013)\Backup\20122013 10-34-3\iface_ret_info.js
20.12.2013 10:34:11.296 CheckFoldStruct started ...
20.12.2013 10:34:11.297 C:\Users\PiskunovI\Desktop\Workplace\20.12.2013\Updater (20.12.2013)\Backup\20122013 10-34-3\interface - CREATED
20.12.2013 10:34:11.321 New: C:\Users\PiskunovI\Desktop\Workplace\20.12.2013\Updater (20.12.2013)\Backup\20122013 10-34-3\iface_config.js
20.12.2013 10:34:11.321 CheckFoldStruct started ...
20.12.2013 10:34:11.321 Struct is correct
20.12.2013 10:34:51.114 TBackup initialise ...
20.12.2013 10:35:58.751 TBackup initialise ...
20.12.2013 10:37:12.907 TBackup initialise ...
20.12.2013 10:37:18.216 TBackup initialise ...
20.12.2013 10:39:03.494 TBackup initialise ...
20.12.2013 10:39:39.548 TBackup initialise ...
20.12.2013 10:41:41.824 TBackup initialise ...
20.12.2013 10:42:35.221 TBackup initialise ...
20.12.2013 10:46:05.244 TBackup initialise ...
20.12.2013 10:46:34.709 TBackup initialise ...
20.12.2013 10:57:55.557 TBackup initialise ...
20.12.2013 10:58:38.319 TBackup initialise ...
20.12.2013 10:59:28.171 TBackup initialise ...
20.12.2013 11:00:45.941 TBackup initialise ...
20.12.2013 11:01:15.336 TBackup initialise ...
20.12.2013 11:02:08.156 TBackup initialise ...
20.12.2013 11:02:37.916 TBackup initialise ...
20.12.2013 11:09:21.445 TBackup initialise ...
20.12.2013 11:09:47.134 TBackup initialise ...
20.12.2013 11:14:07.369 TBackup initialise ...
20.12.2013 11:14:35.487 TBackup initialise ...
20.12.2013 11:17:51.748 TBackup initialise ...
20.12.2013 11:18:50.958 TBackup initialise ...
20.12.2013 11:19:54.636 TBackup initialise ...
20.12.2013 11:21:04.028 TBackup initialise ...
20.12.2013 11:25:17.236 TBackup initialise ...
20.12.2013 11:31:28.082 TBackup initialise ...
20.12.2013 11:31:54.718 TBackup initialise ...
20.12.2013 11:36:59.740 TBackup initialise ...
20.12.2013 11:38:20.087 TBackup initialise ...
20.12.2013 11:39:10.261 TBackup initialise ...
20.12.2013 11:39:19.523 TBackup initialise ...
20.12.2013 11:39:26.808 TBackup initialise ...
20.12.2013 11:39:43.570 TBackup initialise ...
20.12.2013 11:40:13.814 TBackup initialise ...
20.12.2013 11:41:03.792 TBackup initialise ...
20.12.2013 11:42:52.948 TBackup initialise ...
20.12.2013 11:43:48.280 TBackup initialise ...
20.12.2013 11:45:30.689 TBackup initialise ...
20.12.2013 11:46:08.333 TBackup initialise ...
20.12.2013 11:46:58.907 TBackup initialise ...
20.12.2013 11:50:31.052 TBackup initialise ...
20.12.2013 11:56:44.270 TBackup initialise ...
20.12.2013 11:56:57.166 TBackup initialise ...
20.12.2013 12:05:58.919 TBackup initialise ...
20.12.2013 12:12:31.753 TBackup initialise ...
20.12.2013 12:13:25.901 TBackup initialise ...
20.12.2013 12:13:36.364 TBackup initialise ...
20.12.2013 12:13:46.676 TBackup initialise ...
20.12.2013 12:13:53.590 TBackup initialise ...
20.12.2013 12:14:00.186 TBackup initialise ...
20.12.2013 12:14:07.244 TBackup initialise ...
20.12.2013 12:14:15.948 TBackup initialise ...
20.12.2013 12:14:23.570 TBackup initialise ...
20.12.2013 12:14:33.348 TBackup initialise ...
20.12.2013 12:14:39.594 TBackup initialise ...
20.12.2013 12:14:46.430 TBackup initialise ...
20.12.2013 12:14:55.321 TBackup initialise ...
20.12.2013 12:15:02.330 TBackup initialise ...
20.12.2013 12:15:08.599 TBackup initialise ...
20.12.2013 12:15:16.282 TBackup initialise ...
20.12.2013 12:15:25.415 TBackup initialise ...
20.12.2013 12:15:32.583 TBackup initialise ...
20.12.2013 12:16:03.604 TBackup initialise ...
20.12.2013 12:16:29.183 TBackup initialise ...
20.12.2013 12:16:47.537 TBackup initialise ...
20.12.2013 12:17:07.290 TBackup initialise ...
20.12.2013 12:17:27.439 TBackup initialise ...
20.12.2013 12:17:35.388 TBackup initialise ...
20.12.2013 12:17:43.768 TBackup initialise ...
20.12.2013 12:17:52.861 TBackup initialise ...
20.12.2013 12:18:33.511 TBackup initialise ...
20.12.2013 12:19:25.400 TBackup initialise ...
20.12.2013 12:19:39.350 TBackup initialise ...
20.12.2013 12:19:59.798 TBackup initialise ...
20.12.2013 12:20:52.843 TBackup initialise ...
20.12.2013 12:21:57.892 TBackup initialise ...
20.12.2013 12:22:47.739 TBackup initialise ...
20.12.2013 12:23:04.881 TBackup initialise ...
20.12.2013 12:23:15.908 New: C:\Users\PiskunovI\Desktop\Workplace\20.12.2013\Updater (20.12.2013)\Backup\20122013 12-23-4\iface_ret_info.js
20.12.2013 12:23:15.908 CheckFoldStruct started ...
20.12.2013 12:23:15.908 C:\Users\PiskunovI\Desktop\Workplace\20.12.2013\Updater (20.12.2013)\Backup\20122013 12-23-4\interface - CREATED
20.12.2013 12:23:15.938 New: C:\Users\PiskunovI\Desktop\Workplace\20.12.2013\Updater (20.12.2013)\Backup\20122013 12-23-4\iface_config.js
20.12.2013 12:23:15.938 CheckFoldStruct started ...
20.12.2013 12:23:15.938 Struct is correct
20.12.2013 12:23:27.365 TBackup initialise ...
20.12.2013 12:23:34.620 New: C:\Users\PiskunovI\Desktop\Workplace\20.12.2013\Updater (20.12.2013)\Backup\20122013 12-23-27\iface_ret_info.js
20.12.2013 12:23:34.620 CheckFoldStruct started ...
20.12.2013 12:23:34.621 C:\Users\PiskunovI\Desktop\Workplace\20.12.2013\Updater (20.12.2013)\Backup\20122013 12-23-27\interface - CREATED
20.12.2013 12:23:34.643 New: C:\Users\PiskunovI\Desktop\Workplace\20.12.2013\Updater (20.12.2013)\Backup\20122013 12-23-27\iface_config.js
20.12.2013 12:23:34.643 CheckFoldStruct started ...
20.12.2013 12:23:34.643 Struct is correct
20.12.2013 12:24:20.321 TBackup initialise ...
20.12.2013 12:24:27.790 New: C:\Users\PiskunovI\Desktop\Workplace\20.12.2013\Updater (20.12.2013)\Backup\20122013 12-24-20\version.if
20.12.2013 12:24:27.790 CheckFoldStruct started ...
20.12.2013 12:24:27.790 C:\Users\PiskunovI\Desktop\Workplace\20.12.2013\Updater (20.12.2013)\Backup\20122013 12-24-20\interface - CREATED
20.12.2013 12:24:27.819 New: C:\Users\PiskunovI\Desktop\Workplace\20.12.2013\Updater (20.12.2013)\Backup\20122013 12-24-20\ui.js
20.12.2013 12:24:27.819 CheckFoldStruct started ...
20.12.2013 12:24:27.819 Struct is correct
20.12.2013 12:24:28.041 New: C:\Users\PiskunovI\Desktop\Workplace\20.12.2013\Updater (20.12.2013)\Backup\20122013 12-24-20\terminal_error.html
20.12.2013 12:24:28.041 CheckFoldStruct started ...
20.12.2013 12:24:28.041 Struct is correct
20.12.2013 12:24:28.278 New: C:\Users\PiskunovI\Desktop\Workplace\20.12.2013\Updater (20.12.2013)\Backup\20122013 12-24-20\tc.js
20.12.2013 12:24:28.278 CheckFoldStruct started ...
20.12.2013 12:24:28.278 Struct is correct
20.12.2013 12:24:28.301 New: C:\Users\PiskunovI\Desktop\Workplace\20.12.2013\Updater (20.12.2013)\Backup\20122013 12-24-20\system.js
20.12.2013 12:24:28.301 CheckFoldStruct started ...
20.12.2013 12:24:28.302 Struct is correct
20.12.2013 12:24:28.511 New: C:\Users\PiskunovI\Desktop\Workplace\20.12.2013\Updater (20.12.2013)\Backup\20122013 12-24-20\service.html
20.12.2013 12:24:28.511 CheckFoldStruct started ...
20.12.2013 12:24:28.511 Struct is correct
20.12.2013 12:24:28.728 New: C:\Users\PiskunovI\Desktop\Workplace\20.12.2013\Updater (20.12.2013)\Backup\20122013 12-24-20\server-relation.js
20.12.2013 12:24:28.728 CheckFoldStruct started ...
20.12.2013 12:24:28.728 Struct is correct
20.12.2013 12:24:28.747 New: C:\Users\PiskunovI\Desktop\Workplace\20.12.2013\Updater (20.12.2013)\Backup\20122013 12-24-20\sample_with_eppa.swf
20.12.2013 12:24:28.747 CheckFoldStruct started ...
20.12.2013 12:24:28.747 Struct is correct
20.12.2013 12:24:28.969 New: C:\Users\PiskunovI\Desktop\Workplace\20.12.2013\Updater (20.12.2013)\Backup\20122013 12-24-20\sample.swf
20.12.2013 12:24:28.969 CheckFoldStruct started ...
20.12.2013 12:24:28.969 Struct is correct
20.12.2013 12:24:29.200 New: C:\Users\PiskunovI\Desktop\Workplace\20.12.2013\Updater (20.12.2013)\Backup\20122013 12-24-20\rt_banner.swf
20.12.2013 12:24:29.200 CheckFoldStruct started ...
20.12.2013 12:24:29.200 Struct is correct
20.12.2013 12:24:29.421 New: C:\Users\PiskunovI\Desktop\Workplace\20.12.2013\Updater (20.12.2013)\Backup\20122013 12-24-20\rostel_flash.swf
20.12.2013 12:24:29.421 CheckFoldStruct started ...
20.12.2013 12:24:29.422 Struct is correct
20.12.2013 12:24:29.676 New: C:\Users\PiskunovI\Desktop\Workplace\20.12.2013\Updater (20.12.2013)\Backup\20122013 12-24-20\ping_res.js
20.12.2013 12:24:29.676 CheckFoldStruct started ...
20.12.2013 12:24:29.676 Struct is correct
20.12.2013 12:24:29.711 New: C:\Users\PiskunovI\Desktop\Workplace\20.12.2013\Updater (20.12.2013)\Backup\20122013 12-24-20\payments_status.js
20.12.2013 12:24:29.711 CheckFoldStruct started ...
20.12.2013 12:24:29.711 Struct is correct
20.12.2013 12:24:29.740 New: C:\Users\PiskunovI\Desktop\Workplace\20.12.2013\Updater (20.12.2013)\Backup\20122013 12-24-20\mt_ga.js
20.12.2013 12:24:29.740 CheckFoldStruct started ...
20.12.2013 12:24:29.740 Struct is correct
20.12.2013 12:24:29.771 New: C:\Users\PiskunovI\Desktop\Workplace\20.12.2013\Updater (20.12.2013)\Backup\20122013 12-24-20\move_div.js
20.12.2013 12:24:29.771 CheckFoldStruct started ...
20.12.2013 12:24:29.772 Struct is correct
20.12.2013 12:24:29.809 New: C:\Users\PiskunovI\Desktop\Workplace\20.12.2013\Updater (20.12.2013)\Backup\20122013 12-24-20\metro_menu.js
20.12.2013 12:24:29.809 CheckFoldStruct started ...
20.12.2013 12:24:29.809 Struct is correct
20.12.2013 12:24:29.834 New: C:\Users\PiskunovI\Desktop\Workplace\20.12.2013\Updater (20.12.2013)\Backup\20122013 12-24-20\main.html
20.12.2013 12:24:29.834 CheckFoldStruct started ...
20.12.2013 12:24:29.834 Struct is correct
20.12.2013 12:24:29.862 New: C:\Users\PiskunovI\Desktop\Workplace\20.12.2013\Updater (20.12.2013)\Backup\20122013 12-24-20\index111.html
20.12.2013 12:24:29.862 CheckFoldStruct started ...
20.12.2013 12:24:29.862 Struct is correct
20.12.2013 12:24:30.098 New: C:\Users\PiskunovI\Desktop\Workplace\20.12.2013\Updater (20.12.2013)\Backup\20122013 12-24-20\index.js
20.12.2013 12:24:30.098 CheckFoldStruct started ...
20.12.2013 12:24:30.098 Struct is correct
20.12.2013 12:24:30.323 New: C:\Users\PiskunovI\Desktop\Workplace\20.12.2013\Updater (20.12.2013)\Backup\20122013 12-24-20\index.html
20.12.2013 12:24:30.323 CheckFoldStruct started ...
20.12.2013 12:24:30.323 Struct is correct
20.12.2013 12:24:30.550 New: C:\Users\PiskunovI\Desktop\Workplace\20.12.2013\Updater (20.12.2013)\Backup\20122013 12-24-20\iface_runtime.js
20.12.2013 12:24:30.550 CheckFoldStruct started ...
20.12.2013 12:24:30.550 Struct is correct
20.12.2013 12:24:30.834 New: C:\Users\PiskunovI\Desktop\Workplace\20.12.2013\Updater (20.12.2013)\Backup\20122013 12-24-20\iface_rrules.js
20.12.2013 12:24:30.834 CheckFoldStruct started ...
20.12.2013 12:24:30.834 Struct is correct
20.12.2013 12:24:31.074 New: C:\Users\PiskunovI\Desktop\Workplace\20.12.2013\Updater (20.12.2013)\Backup\20122013 12-24-20\iface_ret_info.js
20.12.2013 12:24:31.074 CheckFoldStruct started ...
20.12.2013 12:24:31.074 Struct is correct
20.12.2013 12:24:31.083 New: C:\Users\PiskunovI\Desktop\Workplace\20.12.2013\Updater (20.12.2013)\Backup\20122013 12-24-20\iface_received_properties.js
20.12.2013 12:24:31.083 CheckFoldStruct started ...
20.12.2013 12:24:31.083 Struct is correct
20.12.2013 12:24:31.099 New: C:\Users\PiskunovI\Desktop\Workplace\20.12.2013\Updater (20.12.2013)\Backup\20122013 12-24-20\iface_jcfg.js
20.12.2013 12:24:31.099 CheckFoldStruct started ...
20.12.2013 12:24:31.099 Struct is correct
20.12.2013 12:24:31.327 New: C:\Users\PiskunovI\Desktop\Workplace\20.12.2013\Updater (20.12.2013)\Backup\20122013 12-24-20\iface_init.js
20.12.2013 12:24:31.327 CheckFoldStruct started ...
20.12.2013 12:24:31.327 Struct is correct
20.12.2013 12:24:31.556 New: C:\Users\PiskunovI\Desktop\Workplace\20.12.2013\Updater (20.12.2013)\Backup\20122013 12-24-20\iface_history.txt
20.12.2013 12:24:31.556 CheckFoldStruct started ...
20.12.2013 12:24:31.556 Struct is correct
20.12.2013 12:24:31.775 New: C:\Users\PiskunovI\Desktop\Workplace\20.12.2013\Updater (20.12.2013)\Backup\20122013 12-24-20\iface_details.js
20.12.2013 12:24:31.775 CheckFoldStruct started ...
20.12.2013 12:24:31.775 Struct is correct
20.12.2013 12:24:31.792 New: C:\Users\PiskunovI\Desktop\Workplace\20.12.2013\Updater (20.12.2013)\Backup\20122013 12-24-20\iface_cybrules.js
20.12.2013 12:24:31.792 CheckFoldStruct started ...
20.12.2013 12:24:31.792 Struct is correct
20.12.2013 12:24:32.024 New: C:\Users\PiskunovI\Desktop\Workplace\20.12.2013\Updater (20.12.2013)\Backup\20122013 12-24-20\iface_config.js
20.12.2013 12:24:32.024 CheckFoldStruct started ...
20.12.2013 12:24:32.024 Struct is correct
20.12.2013 12:24:32.275 New: C:\Users\PiskunovI\Desktop\Workplace\20.12.2013\Updater (20.12.2013)\Backup\20122013 12-24-20\iface.full.js
20.12.2013 12:24:32.275 CheckFoldStruct started ...
20.12.2013 12:24:32.275 Struct is correct
20.12.2013 12:24:32.505 New: C:\Users\PiskunovI\Desktop\Workplace\20.12.2013\Updater (20.12.2013)\Backup\20122013 12-24-20\if3_sc.js
20.12.2013 12:24:32.505 CheckFoldStruct started ...
20.12.2013 12:24:32.505 Struct is correct
20.12.2013 12:24:32.736 New: C:\Users\PiskunovI\Desktop\Workplace\20.12.2013\Updater (20.12.2013)\Backup\20122013 12-24-20\groups-view.js
20.12.2013 12:24:32.737 CheckFoldStruct started ...
20.12.2013 12:24:32.737 Struct is correct
20.12.2013 12:24:32.768 New: C:\Users\PiskunovI\Desktop\Workplace\20.12.2013\Updater (20.12.2013)\Backup\20122013 12-24-20\groups-view.html
20.12.2013 12:24:32.769 CheckFoldStruct started ...
20.12.2013 12:24:32.769 Struct is correct
20.12.2013 12:24:32.990 New: C:\Users\PiskunovI\Desktop\Workplace\20.12.2013\Updater (20.12.2013)\Backup\20122013 12-24-20\ga_mt_iso3166.js
20.12.2013 12:24:32.990 CheckFoldStruct started ...
20.12.2013 12:24:32.990 Struct is correct
20.12.2013 12:24:32.999 New: C:\Users\PiskunovI\Desktop\Workplace\20.12.2013\Updater (20.12.2013)\Backup\20122013 12-24-20\eppa.swf
20.12.2013 12:24:32.999 CheckFoldStruct started ...
20.12.2013 12:24:32.999 Struct is correct
20.12.2013 12:24:33.216 New: C:\Users\PiskunovI\Desktop\Workplace\20.12.2013\Updater (20.12.2013)\Backup\20122013 12-24-20\dpskiosk.js
20.12.2013 12:24:33.216 CheckFoldStruct started ...
20.12.2013 12:24:33.217 Struct is correct
20.12.2013 12:24:33.433 New: C:\Users\PiskunovI\Desktop\Workplace\20.12.2013\Updater (20.12.2013)\Backup\20122013 12-24-20\db_usrcapacity.js
20.12.2013 12:24:33.433 CheckFoldStruct started ...
20.12.2013 12:24:33.433 Struct is correct
20.12.2013 12:24:33.458 New: C:\Users\PiskunovI\Desktop\Workplace\20.12.2013\Updater (20.12.2013)\Backup\20122013 12-24-20\db_numcapacity.js
20.12.2013 12:24:33.458 CheckFoldStruct started ...
20.12.2013 12:24:33.458 Struct is correct
20.12.2013 12:24:33.702 New: C:\Users\PiskunovI\Desktop\Workplace\20.12.2013\Updater (20.12.2013)\Backup\20122013 12-24-20\db_listip.js
20.12.2013 12:24:33.702 CheckFoldStruct started ...
20.12.2013 12:24:33.702 Struct is correct
20.12.2013 12:24:33.717 New: C:\Users\PiskunovI\Desktop\Workplace\20.12.2013\Updater (20.12.2013)\Backup\20122013 12-24-20\db_errors.js
20.12.2013 12:24:33.717 CheckFoldStruct started ...
20.12.2013 12:24:33.717 Struct is correct
20.12.2013 12:24:33.933 New: C:\Users\PiskunovI\Desktop\Workplace\20.12.2013\Updater (20.12.2013)\Backup\20122013 12-24-20\data-entry.v1.js
20.12.2013 12:24:33.933 CheckFoldStruct started ...
20.12.2013 12:24:33.933 Struct is correct
20.12.2013 12:24:34.150 New: C:\Users\PiskunovI\Desktop\Workplace\20.12.2013\Updater (20.12.2013)\Backup\20122013 12-24-20\data-entry.js
20.12.2013 12:24:34.150 CheckFoldStruct started ...
20.12.2013 12:24:34.150 Struct is correct
20.12.2013 12:24:34.369 New: C:\Users\PiskunovI\Desktop\Workplace\20.12.2013\Updater (20.12.2013)\Backup\20122013 12-24-20\cptgl.js
20.12.2013 12:24:34.369 CheckFoldStruct started ...
20.12.2013 12:24:34.369 Struct is correct
20.12.2013 12:24:34.416 New: C:\Users\PiskunovI\Desktop\Workplace\20.12.2013\Updater (20.12.2013)\Backup\20122013 12-24-20\bonus_meg.swf
20.12.2013 12:24:34.416 CheckFoldStruct started ...
20.12.2013 12:24:34.416 Struct is correct
20.12.2013 12:24:34.662 New: C:\Users\PiskunovI\Desktop\Workplace\20.12.2013\Updater (20.12.2013)\Backup\20122013 12-24-20\advert.html
20.12.2013 12:24:34.662 CheckFoldStruct started ...
20.12.2013 12:24:34.662 Struct is correct
20.12.2013 12:24:34.677 New: C:\Users\PiskunovI\Desktop\Workplace\20.12.2013\Updater (20.12.2013)\Backup\20122013 12-24-20\advbanner1.swf
20.12.2013 12:24:34.677 CheckFoldStruct started ...
20.12.2013 12:24:34.677 Struct is correct
20.12.2013 12:24:34.923 New: C:\Users\PiskunovI\Desktop\Workplace\20.12.2013\Updater (20.12.2013)\Backup\20122013 12-24-20\advbanner.swf
20.12.2013 12:24:34.923 CheckFoldStruct started ...
20.12.2013 12:24:34.923 Struct is correct
20.12.2013 12:25:32.722 TBackup initialise ...
20.12.2013 12:25:49.045 TBackup initialise ...
20.12.2013 12:25:56.491 New: C:\Users\PiskunovI\Desktop\Workplace\20.12.2013\Updater (20.12.2013)\Backup\20122013 12-25-49\iface_ret_info.js
20.12.2013 12:25:56.491 CheckFoldStruct started ...
20.12.2013 12:25:56.491 C:\Users\PiskunovI\Desktop\Workplace\20.12.2013\Updater (20.12.2013)\Backup\20122013 12-25-49\interface - CREATED
20.12.2013 12:25:56.510 New: C:\Users\PiskunovI\Desktop\Workplace\20.12.2013\Updater (20.12.2013)\Backup\20122013 12-25-49\iface_config.js
20.12.2013 12:25:56.510 CheckFoldStruct started ...
20.12.2013 12:25:56.510 Struct is correct
20.12.2013 12:26:34.512 TBackup initialise ...
20.12.2013 12:26:42.036 New: C:\Users\PiskunovI\Desktop\Workplace\20.12.2013\Updater (20.12.2013)\Backup\20122013 12-26-34\iface_ret_info.js
20.12.2013 12:26:42.036 CheckFoldStruct started ...
20.12.2013 12:26:42.036 C:\Users\PiskunovI\Desktop\Workplace\20.12.2013\Updater (20.12.2013)\Backup\20122013 12-26-34\interface - CREATED
20.12.2013 12:26:42.054 New: C:\Users\PiskunovI\Desktop\Workplace\20.12.2013\Updater (20.12.2013)\Backup\20122013 12-26-34\iface_config.js
20.12.2013 12:26:42.054 CheckFoldStruct started ...
20.12.2013 12:26:42.054 Struct is correct
