23.12.2013 17:09:59.225 TBackup initialise ...
23.12.2013 17:10:06.117 New: C:\Users\PiskunovI\Desktop\Workplace\20.12.2013\Updater (20.12.2013)\Backup\23122013 17-9-59\SMSMedia.html
23.12.2013 17:10:06.117 CheckFoldStruct started ...
23.12.2013 17:10:06.117 Start cheking: C:\Users\PiskunovI\Desktop\Workplace\20.12.2013\Updater (20.12.2013)\Backup\23122013 17-9-59\interface\locale
23.12.2013 17:10:06.117 CheckFoldStruct started ...
23.12.2013 17:10:06.118 Start cheking: C:\Users\PiskunovI\Desktop\Workplace\20.12.2013\Updater (20.12.2013)\Backup\23122013 17-9-59\interface
23.12.2013 17:10:06.118 CheckFoldStruct started ...
23.12.2013 17:10:06.119 C:\Users\PiskunovI\Desktop\Workplace\20.12.2013\Updater (20.12.2013)\Backup\23122013 17-9-59\interface - CREATED
23.12.2013 17:10:06.119 C:\Users\PiskunovI\Desktop\Workplace\20.12.2013\Updater (20.12.2013)\Backup\23122013 17-9-59\interface - CREATED
23.12.2013 17:10:06.119 C:\Users\PiskunovI\Desktop\Workplace\20.12.2013\Updater (20.12.2013)\Backup\23122013 17-9-59\interface\locale - CREATED
23.12.2013 17:10:06.339 New: C:\Users\PiskunovI\Desktop\Workplace\20.12.2013\Updater (20.12.2013)\Backup\23122013 17-9-59\dating_interface_1280x1024_18122013.swf
23.12.2013 17:10:06.339 CheckFoldStruct started ...
23.12.2013 17:10:06.340 Struct is correct
23.12.2013 17:10:07.002 New: C:\Users\PiskunovI\Desktop\Workplace\20.12.2013\Updater (20.12.2013)\Backup\23122013 17-9-59\version.if
23.12.2013 17:10:07.002 CheckFoldStruct started ...
23.12.2013 17:10:07.002 Struct is correct
23.12.2013 17:10:07.017 New: C:\Users\PiskunovI\Desktop\Workplace\20.12.2013\Updater (20.12.2013)\Backup\23122013 17-9-59\iface_runtime.js
23.12.2013 17:10:07.017 CheckFoldStruct started ...
23.12.2013 17:10:07.017 Struct is correct
23.12.2013 17:19:54.418 TBackup initialise ...
23.12.2013 17:19:59.459 New: C:\Users\PiskunovI\Desktop\Workplace\20.12.2013\Updater (20.12.2013)\Backup\23122013 17-19-54\int_taiget.gif
23.12.2013 17:19:59.459 CheckFoldStruct started ...
23.12.2013 17:19:59.459 Start cheking: C:\Users\PiskunovI\Desktop\Workplace\20.12.2013\Updater (20.12.2013)\Backup\23122013 17-19-54\interface\skins\metro2\i
23.12.2013 17:19:59.459 CheckFoldStruct started ...
23.12.2013 17:19:59.459 Start cheking: C:\Users\PiskunovI\Desktop\Workplace\20.12.2013\Updater (20.12.2013)\Backup\23122013 17-19-54\interface\skins\metro2
23.12.2013 17:19:59.459 CheckFoldStruct started ...
23.12.2013 17:19:59.459 Start cheking: C:\Users\PiskunovI\Desktop\Workplace\20.12.2013\Updater (20.12.2013)\Backup\23122013 17-19-54\interface\skins
23.12.2013 17:19:59.460 CheckFoldStruct started ...
23.12.2013 17:19:59.460 Start cheking: C:\Users\PiskunovI\Desktop\Workplace\20.12.2013\Updater (20.12.2013)\Backup\23122013 17-19-54\interface
23.12.2013 17:19:59.460 CheckFoldStruct started ...
23.12.2013 17:19:59.460 C:\Users\PiskunovI\Desktop\Workplace\20.12.2013\Updater (20.12.2013)\Backup\23122013 17-19-54\interface - CREATED
23.12.2013 17:19:59.460 C:\Users\PiskunovI\Desktop\Workplace\20.12.2013\Updater (20.12.2013)\Backup\23122013 17-19-54\interface - CREATED
23.12.2013 17:19:59.461 C:\Users\PiskunovI\Desktop\Workplace\20.12.2013\Updater (20.12.2013)\Backup\23122013 17-19-54\interface\skins - CREATED
23.12.2013 17:19:59.461 C:\Users\PiskunovI\Desktop\Workplace\20.12.2013\Updater (20.12.2013)\Backup\23122013 17-19-54\interface\skins\metro2 - CREATED
23.12.2013 17:19:59.461 C:\Users\PiskunovI\Desktop\Workplace\20.12.2013\Updater (20.12.2013)\Backup\23122013 17-19-54\interface\skins\metro2\i - CREATED
23.12.2013 17:19:59.702 New: C:\Users\PiskunovI\Desktop\Workplace\20.12.2013\Updater (20.12.2013)\Backup\23122013 17-19-54\mj.js
23.12.2013 17:19:59.702 CheckFoldStruct started ...
23.12.2013 17:19:59.702 C:\Users\PiskunovI\Desktop\Workplace\20.12.2013\Updater (20.12.2013)\Backup\23122013 17-19-54\interface\mj - CREATED
23.12.2013 17:19:59.916 New: C:\Users\PiskunovI\Desktop\Workplace\20.12.2013\Updater (20.12.2013)\Backup\23122013 17-19-54\narco_full.js
23.12.2013 17:19:59.916 CheckFoldStruct started ...
23.12.2013 17:19:59.916 Struct is correct
23.12.2013 17:20:00.135 New: C:\Users\PiskunovI\Desktop\Workplace\20.12.2013\Updater (20.12.2013)\Backup\23122013 17-19-54\narco.js
23.12.2013 17:20:00.135 CheckFoldStruct started ...
23.12.2013 17:20:00.135 Struct is correct
23.12.2013 17:20:00.362 New: C:\Users\PiskunovI\Desktop\Workplace\20.12.2013\Updater (20.12.2013)\Backup\23122013 17-19-54\db_errors.js
23.12.2013 17:20:00.362 CheckFoldStruct started ...
23.12.2013 17:20:00.362 Struct is correct
23.12.2013 17:20:00.578 New: C:\Users\PiskunovI\Desktop\Workplace\20.12.2013\Updater (20.12.2013)\Backup\23122013 17-19-54\main.html
23.12.2013 17:20:00.578 CheckFoldStruct started ...
23.12.2013 17:20:00.579 Start cheking: C:\Users\PiskunovI\Desktop\Workplace\20.12.2013\Updater (20.12.2013)\Backup\23122013 17-19-54\interface\locale
23.12.2013 17:20:00.579 CheckFoldStruct started ...
23.12.2013 17:20:00.579 C:\Users\PiskunovI\Desktop\Workplace\20.12.2013\Updater (20.12.2013)\Backup\23122013 17-19-54\interface\locale - CREATED
23.12.2013 17:20:00.579 C:\Users\PiskunovI\Desktop\Workplace\20.12.2013\Updater (20.12.2013)\Backup\23122013 17-19-54\interface\locale - CREATED
