23.12.2013 17:09:59.223 ==============Folder list====
23.12.2013 17:09:59.223 Ready . . . 
23.12.2013 17:10:06.126 \config
23.12.2013 17:10:06.126 \md5
23.12.2013 17:10:06.126 \DPSCom
23.12.2013 17:10:06.126 \logs
23.12.2013 17:10:06.126 \inbound
23.12.2013 17:10:06.126 \outbound
23.12.2013 17:10:06.353 \config
23.12.2013 17:10:06.353 \md5
23.12.2013 17:10:06.353 \DPSCom
23.12.2013 17:10:06.353 \logs
23.12.2013 17:10:06.354 \inbound
23.12.2013 17:10:06.354 \outbound
23.12.2013 17:10:07.005 \config
23.12.2013 17:10:07.005 \md5
23.12.2013 17:10:07.005 \DPSCom
23.12.2013 17:10:07.005 \logs
23.12.2013 17:10:07.005 \inbound
23.12.2013 17:10:07.005 \outbound
23.12.2013 17:10:07.020 \config
23.12.2013 17:10:07.020 \md5
23.12.2013 17:10:07.020 \DPSCom
23.12.2013 17:10:07.020 \logs
23.12.2013 17:10:07.020 \inbound
23.12.2013 17:10:07.020 \outbound
23.12.2013 17:19:54.418 ==============Folder list====
23.12.2013 17:19:54.418 Ready . . . 
23.12.2013 17:19:59.478 \config
23.12.2013 17:19:59.479 \md5
23.12.2013 17:19:59.479 \DPSCom
23.12.2013 17:19:59.479 \logs
23.12.2013 17:19:59.479 \inbound
23.12.2013 17:19:59.479 \outbound
23.12.2013 17:19:59.705 \config
23.12.2013 17:19:59.705 \md5
23.12.2013 17:19:59.705 \DPSCom
23.12.2013 17:19:59.705 \logs
23.12.2013 17:19:59.705 \inbound
23.12.2013 17:19:59.705 \outbound
23.12.2013 17:19:59.918 \config
23.12.2013 17:19:59.918 \md5
23.12.2013 17:19:59.918 \DPSCom
23.12.2013 17:19:59.918 \logs
23.12.2013 17:19:59.918 \inbound
23.12.2013 17:19:59.918 \outbound
23.12.2013 17:20:00.137 \config
23.12.2013 17:20:00.137 \md5
23.12.2013 17:20:00.137 \DPSCom
23.12.2013 17:20:00.137 \logs
23.12.2013 17:20:00.137 \inbound
23.12.2013 17:20:00.137 \outbound
23.12.2013 17:20:00.365 \config
23.12.2013 17:20:00.365 \md5
23.12.2013 17:20:00.365 \DPSCom
23.12.2013 17:20:00.365 \logs
23.12.2013 17:20:00.365 \inbound
23.12.2013 17:20:00.365 \outbound
23.12.2013 17:20:00.583 \config
23.12.2013 17:20:00.583 \md5
23.12.2013 17:20:00.583 \DPSCom
23.12.2013 17:20:00.583 \logs
23.12.2013 17:20:00.583 \inbound
23.12.2013 17:20:00.583 \outbound
