07.03.2014 09:36:49.214 Version = 1.131125a
07.03.2014 09:36:49.214 --------------------------------
07.03.2014 09:36:49.217 Count runing DPSKiosk.exe: 1
07.03.2014 09:36:49.229 GetLockCode() exception: Cannot open file .\config\config.xml
07.03.2014 09:36:49.516 Cfg created.
07.03.2014 09:36:49.548 Exception occured while saving .\interface\iface_details.js file: Cannot create file .\interface\iface_details.js
07.03.2014 09:36:49.549 Exception occured while saving .\interface\payments_status.js file: Cannot create file .\interface\payments_status.js
07.03.2014 09:36:49.549 File .\config\config.xml does not exists, trying to create...
07.03.2014 09:36:49.550 Create file .\config\config.xml error: Cannot create file .\config\config.xml!OK.
07.03.2014 09:36:49.550 Creating node: request_time = 10...OK.
07.03.2014 09:36:49.550 Creating node: restart_tclib = 3...OK.
07.03.2014 09:36:49.550 Setting attribute 'alt_addr1' to ''...OK.
07.03.2014 09:36:49.550 Setting attribute 'alt_addr2' to ''...OK.
07.03.2014 09:36:49.550 Setting attribute 'protection_level' to '0'...OK.
07.03.2014 09:36:49.550 Setting attribute 'use_test_server' to '1'...OK.
07.03.2014 09:36:49.550 Setting attribute 'test_server_addr' to 'mon.forwardmobile.ru:1891'...OK.
07.03.2014 09:36:49.550 Setting attribute 'bytes_per_sec' to '0'...OK.
07.03.2014 09:36:49.550 Creating node: offline_payment = 0...OK.
07.03.2014 09:36:49.550 Setting attribute 'id' to '0'...OK.
07.03.2014 09:36:49.550 Creating node: hasp = 0...OK.
07.03.2014 09:36:49.550 Creating node: SD = ...OK.
07.03.2014 09:36:49.550 Creating node: AP = ...OK.
07.03.2014 09:36:49.550 Creating node: OP = ...OK.
07.03.2014 09:36:49.550 Creating node: TermInfo = ...OK.
07.03.2014 09:36:49.550 Creating node: serial_no = 10000...OK.
07.03.2014 09:36:49.550 Creating node: pub_key = .\keys\pubkeys.key...OK.
07.03.2014 09:36:49.550 Creating node: sec_password = 0...OK.
07.03.2014 09:36:49.550 Creating node: sec_key = .\keys\secret.key...OK.
07.03.2014 09:36:49.550 Setting attribute 'get_keys_url' to ''...OK.
07.03.2014 09:36:49.550 Setting attribute 'error_payments_delete' to '72'...OK.
07.03.2014 09:36:49.550 Setting attribute 'offline_period' to ''...OK.
07.03.2014 09:36:49.550 Setting attribute 'money_offline_period' to ''...OK.
07.03.2014 09:36:49.550 Setting attribute 'delete_unprocessed_payments' to '30'...OK.
07.03.2014 09:36:49.550 Setting attribute 'ignored_check_errors_list' to ''...OK.
07.03.2014 09:36:49.551 Setting attribute 'payments' to '0'...OK.
07.03.2014 09:36:49.551 Setting attribute 'main' to '0'...OK.
07.03.2014 09:36:49.551 Setting attribute 'other' to '0'...OK.
07.03.2014 09:36:49.551 Setting attribute 'other_folders' to 'c:\tclib\log\????-??-??-*.*'...OK.
07.03.2014 09:36:49.551 Setting attribute 'send_interval' to '5'...OK.
07.03.2014 09:36:49.551 Setting attribute 'smailhost' to 'none'...OK.
07.03.2014 09:36:49.551 Setting attribute 'from' to ''...OK.
07.03.2014 09:36:49.551 Setting attribute 'userid' to ''...OK.
07.03.2014 09:36:49.551 Setting attribute 'password' to ''...OK.
07.03.2014 09:36:49.551 Setting attribute 'ext' to '0'...OK.
07.03.2014 09:36:49.551 Setting attribute 'to' to ''...OK.
07.03.2014 09:36:49.551 Setting attribute 'ignored_errors' to '450'...OK.
07.03.2014 09:36:49.551 Setting attribute 'hw_err_to' to ''...OK.
07.03.2014 09:36:49.551 Setting attribute 'hw_ok_to' to ''...OK.
07.03.2014 09:36:49.551 Setting attribute 'val_full_to' to ''...OK.
07.03.2014 09:36:49.551 Setting attribute 'incass_to' to ''...OK.
07.03.2014 09:36:49.551 Setting attribute 'prog_msg_to' to ''...OK.
07.03.2014 09:36:49.551 Setting attribute 'mdm_msg_to' to ''...OK.
07.03.2014 09:36:49.551 Setting attribute 'file_to' to ''...OK.
07.03.2014 09:36:49.551 Deleting attribute: to...OK.
07.03.2014 09:36:49.551 Setting attribute 'phone_number' to ''...OK.
07.03.2014 09:36:49.551 Setting attribute 'comment' to ''...OK.
07.03.2014 09:36:49.551 Setting attribute 'send_startup_sms' to '1'...OK.
07.03.2014 09:36:49.551 Setting attribute 'service_number' to ''...OK.
07.03.2014 09:36:49.551 Setting attribute 'send_method' to '0'...OK.
07.03.2014 09:36:49.551 Setting attribute 'smsc_number' to ''...OK.
07.03.2014 09:36:49.551 Setting attribute 'host' to 'www.forwardmobile.ru'...OK.
07.03.2014 09:36:49.551 Setting attribute 'port' to '1891'...OK.
07.03.2014 09:36:49.551 Setting attribute 'path' to 'c:\jpg'...OK.
07.03.2014 09:36:49.551 Setting attribute 'enable' to '0'...OK.
07.03.2014 09:36:49.552 Setting attribute 'interval' to '20'...OK.
07.03.2014 09:36:49.552 Setting attribute 'start' to '00:00'...OK.
07.03.2014 09:36:49.552 Setting attribute 'end' to '00:00'...OK.
07.03.2014 09:36:49.552 Setting attribute 'store_days' to '30'...OK.
07.03.2014 09:36:49.552 Setting attribute 'cnt_in_pack' to '1'...OK.
07.03.2014 09:36:49.552 Setting attribute 'have_webcam' to '0'...OK.
07.03.2014 09:36:49.552 Setting attribute 'jpg_Quality' to '35'...OK.
07.03.2014 09:36:49.552 Setting attribute 'dev_index' to '-1'...OK.
07.03.2014 09:36:49.552 Setting attribute 'host' to 'www.forwardmobile.ru'...OK.
07.03.2014 09:36:49.552 Setting attribute 'port' to '1895'...OK.
07.03.2014 09:36:49.552 Setting attribute 'enable' to '0'...OK.
07.03.2014 09:36:49.552 Setting attribute 'timeout' to '20'...OK.
07.03.2014 09:36:49.552 Setting attribute 'resend' to '1'...OK.
07.03.2014 09:36:49.552 Setting attribute 'printer_type' to 'none'...OK.
07.03.2014 09:36:49.552 Setting attribute 'check_width' to '40'...OK.
07.03.2014 09:36:49.552 Setting attribute 'print_no_fr' to '0'...OK.
07.03.2014 09:36:49.552 Setting attribute 'enable' to '0'...OK.
07.03.2014 09:36:49.552 Setting attribute 'host' to ''...OK.
07.03.2014 09:36:49.552 Setting attribute 'port' to '123'...OK.
07.03.2014 09:36:49.552 Setting attribute 'interval' to '180'...OK.
07.03.2014 09:36:49.552 Setting attribute 'insert' to 'Информация о принятых денежных средствах'...OK.
07.03.2014 09:36:49.552 Setting attribute 'before' to 'Номер чека'...OK.
07.03.2014 09:36:49.552 Setting attribute 'enable' to '0'...OK.
07.03.2014 09:36:49.552 Setting attribute 'off' to '00:00'...OK.
07.03.2014 09:36:49.552 Setting attribute 'on' to '00:00'...OK.
07.03.2014 09:36:49.552 Setting attribute 'height' to '0'...OK.
07.03.2014 09:36:49.552 Setting attribute 'width' to '0'...OK.
07.03.2014 09:36:49.552 Setting attribute 'type' to 'Windows'...OK.
07.03.2014 09:36:49.552 Setting attribute 'port' to '0'...OK.
07.03.2014 09:36:49.552 Setting attribute 'baudrate' to '0'...OK.
07.03.2014 09:36:49.552 Setting attribute 'auto_open_shift' to '0'...OK.
07.03.2014 09:36:49.553 Setting attribute 'save_unprinted_cheques' to '0'...OK.
07.03.2014 09:36:49.553 Setting attribute 'print_unprinted_cheques' to '0'...OK.
07.03.2014 09:36:49.553 Setting attribute 'terminal_freese_on_error' to '0'...OK.
07.03.2014 09:36:49.553 Setting attribute 'show_message_on_error' to '1'...OK.
07.03.2014 09:36:49.553 Setting attribute 'min_lines_count' to '0'...OK.
07.03.2014 09:36:49.553 Setting attribute 'font' to ''...OK.
07.03.2014 09:36:49.553 Setting attribute 'presenter_command' to '0'...OK.
07.03.2014 09:36:49.553 Setting attribute 'zreport_with_incassation' to '1'...OK.
07.03.2014 09:36:49.553 Setting attribute 'cheque_width' to '0'...OK.
07.03.2014 09:36:49.553 Setting attribute 'paper_near_end_enable' to '-1'...OK.
07.03.2014 09:36:49.553 Setting attribute 'partial_cut' to '0'...OK.
07.03.2014 09:36:49.553 Setting attribute 'retract_report' to '1'...OK.
07.03.2014 09:36:49.553 Setting attribute 'time_out' to '100'...OK.
07.03.2014 09:36:49.553 Setting attribute 'print_after_close' to '1'...OK.
07.03.2014 09:36:49.553 Setting attribute 'inner_printer_font' to '0'...OK.
07.03.2014 09:36:49.553 Setting attribute 'close_current_shift' to '1'...OK.
07.03.2014 09:36:49.553 Setting attribute 'to_866' to '1'...OK.
07.03.2014 09:36:49.553 Setting attribute 'post_feed' to '0'...OK.
07.03.2014 09:36:49.553 Setting attribute 'paper_end_enable' to '1'...OK.
07.03.2014 09:36:49.553 Setting attribute 'type' to 'none'...OK.
07.03.2014 09:36:49.553 Setting attribute 'ValidatorMaxAttempts' to '20'...OK.
07.03.2014 09:36:49.553 Setting attribute 'port' to '1'...OK.
07.03.2014 09:36:49.553 Setting attribute 'currency' to 'RUR'...OK.
07.03.2014 09:36:49.553 Setting attribute 'exchange_rate' to '1'...OK.
07.03.2014 09:36:49.553 Setting attribute 'currency_name' to 'руб'...OK.
07.03.2014 09:36:49.553 Setting attribute 'stacker_open_command' to '0'...OK.
07.03.2014 09:36:49.553 Setting attribute 'bills_sensitivity' to '222222'...OK.
07.03.2014 09:36:49.553 Setting attribute 'report_bill_count' to ''...OK.
07.03.2014 09:36:49.553 Setting attribute 'auto_dial' to '0'...OK.
07.03.2014 09:36:49.554 Setting attribute 'connection_name' to ''...OK.
07.03.2014 09:36:49.554 Setting attribute 'interval' to '60'...OK.
07.03.2014 09:36:49.554 Setting attribute 'connection_check_time_out' to '15'...OK.
07.03.2014 09:36:49.554 Setting attribute 'host0' to ''...OK.
07.03.2014 09:36:49.554 Setting attribute 'host1' to ''...OK.
07.03.2014 09:36:49.554 Setting attribute 'disconnect_time' to '0'...OK.
07.03.2014 09:36:49.554 Setting attribute 'init_cmd' to ''...OK.
07.03.2014 09:36:49.554 Setting attribute 'login' to ''...OK.
07.03.2014 09:36:49.554 Setting attribute 'password' to ''...OK.
07.03.2014 09:36:49.554 Setting attribute 'init_string' to ''...OK.
07.03.2014 09:36:49.554 Setting attribute 'alt_init_string' to ''...OK.
07.03.2014 09:36:49.554 Setting attribute 'cnt_SIM' to '1'...OK.
07.03.2014 09:36:49.554 Setting attribute 'init0' to ''...OK.
07.03.2014 09:36:49.554 Setting attribute 'balance0' to ''...OK.
07.03.2014 09:36:49.554 Setting attribute 'type' to ''...OK.
07.03.2014 09:36:49.554 Setting attribute 'host' to ''...OK.
07.03.2014 09:36:49.554 Setting attribute 'port' to '0'...OK.
07.03.2014 09:36:49.554 Setting attribute 'username' to ''...OK.
07.03.2014 09:36:49.554 Setting attribute 'password' to ''...OK.
07.03.2014 09:36:49.554 Setting attribute 'failures_before_modem_reset' to '0'...OK.
07.03.2014 09:36:49.554 Setting attribute 'failures_before_reboot' to '10'...OK.
07.03.2014 09:36:49.554 Setting attribute 'port' to '0'...OK.
07.03.2014 09:36:49.554 Setting attribute 'service_info_port' to '0'...OK.
07.03.2014 09:36:49.554 Setting attribute 'baudrate' to '0'...OK.
07.03.2014 09:36:49.554 Setting attribute 'service_number' to '*102#'...OK.
07.03.2014 09:36:49.554 Setting attribute 'get_balance_cmd' to ''...OK.
07.03.2014 09:36:49.554 Setting attribute 'decode_balance' to ''...OK.
07.03.2014 09:36:49.554 Setting attribute 'get_service_info_interval' to '1440'...OK.
07.03.2014 09:36:49.554 Setting attribute 'pre-reboot_command' to ''...OK.
07.03.2014 09:36:49.554 Setting attribute 'type' to ''...OK.
07.03.2014 09:36:49.554 Setting attribute 'port' to '0'...OK.
07.03.2014 09:36:49.555 Setting attribute 'type' to ''...OK.
07.03.2014 09:36:49.555 Setting attribute 'port' to '0'...OK.
07.03.2014 09:36:49.555 Setting attribute 'type' to ''...OK.
07.03.2014 09:36:49.555 Setting attribute 'port' to '0'...OK.
07.03.2014 09:36:49.555 Setting attribute 'system_code' to '0'...OK.
07.03.2014 09:36:49.555 Setting attribute 'device_code' to '0'...OK.
07.03.2014 09:36:49.555 Setting attribute 'time_out' to '0'...OK.
07.03.2014 09:36:49.555 Setting attribute 'server_host' to 'AppServer'...OK.
07.03.2014 09:36:49.555 Setting attribute 'server_port' to '11110'...OK.
07.03.2014 09:36:49.555 Setting attribute 'type' to ''...OK.
07.03.2014 09:36:49.555 Setting attribute 'port' to '0'...OK.
07.03.2014 09:36:49.555 Setting attribute 'terminal_freese_on_error' to '0'...OK.
07.03.2014 09:36:49.555 Setting attribute 'type' to ''...OK.
07.03.2014 09:36:49.555 Setting attribute 'port' to '0'...OK.
07.03.2014 09:36:49.555 Setting attribute 'terminal_freese_on_error' to '0'...OK.
07.03.2014 09:36:49.555 Setting attribute 'min_coin' to '1'...OK.
07.03.2014 09:36:49.555 Setting attribute 'echo' to '0'...OK.
07.03.2014 09:36:49.555 Creating node: out_of_order_password = ...OK.
07.03.2014 09:36:49.555 Creating node: service_num = 9991234567...OK.
07.03.2014 09:36:49.555 Creating node: service_op = 0...OK.
07.03.2014 09:36:49.555 Creating node: tax_inspector_num = ...OK.
07.03.2014 09:36:49.555 Creating node: tax_inspector_exe = ...OK.
07.03.2014 09:36:49.555 Creating node: tax_inspector_op = -1...OK.
07.03.2014 09:36:49.555 Creating node: service_menu_password_mask = ...OK.
07.03.2014 09:36:49.555 Creating node: short_service_menu_password_mask = ...OK.
07.03.2014 09:36:49.555 Creating node: incassation_number_mask = ...OK.
07.03.2014 09:36:49.555 Setting attribute 'reports_count' to '1'...OK.
07.03.2014 09:36:49.555 Setting attribute 'print_barcode' to '0'...OK.
07.03.2014 09:36:49.555 Setting attribute 'get_amount_url' to ''...OK.
07.03.2014 09:36:49.556 Open file .\interface\version.if error! File not found.
07.03.2014 09:36:49.556 Setting attribute 'interface_ver' to ''...OK.
07.03.2014 09:36:49.556 Setting attribute 'resolution' to '1280x1024'...OK.
07.03.2014 09:36:49.556 Setting attribute 'show_cursor' to '0'...OK.
07.03.2014 09:36:49.556 Setting attribute 'is_maximised' to '1'...OK.
07.03.2014 09:36:49.556 Setting attribute 'width' to '800'...OK.
07.03.2014 09:36:49.556 Setting attribute 'height' to '600'...OK.
07.03.2014 09:36:49.556 Setting attribute 'sound_volume' to '-1'...OK.
07.03.2014 09:36:49.556 Setting attribute 'no_change_message' to '0'...OK.
07.03.2014 09:36:49.556 Setting attribute 'show_adv_on_secondary_monitor' to '0'...OK.
07.03.2014 09:36:49.556 Setting attribute 'show_title_screen' to '0'...OK.
07.03.2014 09:36:49.556 Setting attribute 'show_autodetect_warning' to '0'...OK.
07.03.2014 09:36:49.556 Setting attribute 'write_in_cheque' to '0'...OK.
07.03.2014 09:36:49.556 Creating node: note_min_amount = 10...OK.
07.03.2014 09:36:49.556 Creating node: support_string = Tелефон техподдержки: [b]***-****[/b][br]e-mail: [b]support@****.ru[/b]...OK.
07.03.2014 09:36:49.556 Creating node: main_menu_marquee_string = За проведение платежа взимается комиссия....OK.
07.03.2014 09:36:49.556 Creating node: main_menu_banner = 1...OK.
07.03.2014 09:36:49.556 Creating node: midnight_reboot = 1...OK.
07.03.2014 09:36:49.556 Creating node: reboot_allowed = 1...OK.
07.03.2014 09:36:49.556 Creating node: detect_write_errors = 1...OK.
07.03.2014 09:36:49.556 Creating node: set_high_priority = 1...OK.
07.03.2014 09:36:49.556 Setting attribute 'skin_name' to 'default'...OK.
07.03.2014 09:36:49.556 Setting attribute 'our_TS' to '0'...OK.
07.03.2014 09:36:49.556 Setting attribute 'MaxChequesCount' to '1000'...OK.
07.03.2014 09:36:49.556 Setting attribute 'use_list_ip' to '1'...OK.
07.03.2014 09:36:49.556 Interface skin 'default' NOT found
07.03.2014 09:36:49.557 Changing attribute 'skin_name' from 'default' to ''...OK.
07.03.2014 09:36:49.557 Changed to '' skin...
07.03.2014 09:36:49.557 Setting attribute 'db_numcapacity_update_address' to ''...OK.
07.03.2014 09:36:49.557 Creating node: dealer_name = -...OK.
07.03.2014 09:36:49.557 Creating node: dealer_address = -...OK.
07.03.2014 09:36:49.557 Creating node: dealer_inn = -...OK.
07.03.2014 09:36:49.557 Creating node: dealer_phone = -...OK.
07.03.2014 09:36:49.557 Creating node: point_address = -...OK.
07.03.2014 09:36:49.557 Creating node: contract_number = -...OK.
07.03.2014 09:36:49.557 Creating node: bank_name = -...OK.
07.03.2014 09:36:49.557 Creating node: bank_bik = -...OK.
07.03.2014 09:36:49.557 Creating node: bank_phone = -...OK.
07.03.2014 09:36:49.557 Trying to save config file...
07.03.2014 09:36:49.557 File not opened!
07.03.2014 09:36:49.557 Error writing config file to disk!
07.03.2014 09:36:49.557 Processing Config.xml error!
07.03.2014 09:36:49.557 Can not find file .\config\config.lastgood!
07.03.2014 09:36:49.557 File .\config\operators.xml does not exists.
07.03.2014 09:36:49.557 Can not find file .\config\operators.lastgood!
07.03.2014 09:36:49.568 TWConfig::ProcessConfigs: Exception occured: Invalid argument to date encode
07.03.2014 09:36:49.568 Сервисный номер для отправки SMS: 
07.03.2014 09:36:49.568   File C:\WebClient\config\Details.xml successfully opened.
07.03.2014 09:36:49.569 File mapping created, size: 2048 B, 1495 B used.
07.03.2014 09:36:49.569 Считываем код IMSI из файла 'Details.xml': 
07.03.2014 09:36:49.569 Считываем данные о длине ленты и чека из файла 'Details.xml': 0 м, 0 см
07.03.2014 09:36:49.569 CryptLib.dll version: 1.0.3.3
07.03.2014 09:36:49.570 CryptLib.Init done successfully.
07.03.2014 09:36:49.570 Adding keys {.\keys\secret.key, .\keys\pubkeys.key, 10000}...CryptLib.AddKeys(1): Open secret key error: -9: -1 ; CryptLib.AddKeys(2): Open secret key error: -9: -1 ; 
07.03.2014 09:36:49.574 Setting high priority...OK.
07.03.2014 09:36:49.574 Display size 1280x1024
07.03.2014 09:36:49.574 Get on top...OK.
07.03.2014 09:36:49.610 Корректируем общую информацию в структуре хранения данных Z-отчёта для отправки на сервер мониторинга...
07.03.2014 09:36:49.963 Entered 'about:blank' page.
07.03.2014 09:36:50.994 Error stored to out-version.pkt. {Sender: Version; Type: 0: 1.131125a}.
07.03.2014 09:36:50.994 Trying to start DPSCom...
07.03.2014 09:36:50.995 Starting C:\WebClient\DPSCom.exe...OK.
07.03.2014 09:36:51.002 Initializing hardware...
07.03.2014 09:36:51.007 MoneyCounter with ID=0 created.
07.03.2014 09:36:51.307 none validator protocol initialized on port COM1.
07.03.2014 09:36:51.310 Init TransportTimer ... OK
07.03.2014 09:36:51.315 Windows printer successfully initialized on port COM0.
07.03.2014 09:36:51.315 Обрабатываем процедуру DeviceStateChanged: Printer есть...
07.03.2014 09:36:51.315 Обрабатываем процедуру DeviceStateChanged: Printer.GetEvent( DeviceState ) ...
07.03.2014 09:36:51.315 Процедура DeviceStateChanged(), подраздел 'Printer' - DeviceState->OutStateCode = 0
07.03.2014 09:36:51.315 Printer state changed: OutState: 0 OK State: 0 
07.03.2014 09:36:51.316 Error stored to out-printer-1ststate.pkt. {Sender: printer; Type: 0, 0x00010000: Windows}.
07.03.2014 09:36:51.316 Printer OK.
07.03.2014 09:36:51.316 Starting check process...
07.03.2014 09:36:51.318 SMS off...
07.03.2014 09:36:51.318 Starting threads...
07.03.2014 09:36:51.360 Navigating to the main page...
07.03.2014 09:36:54.376 Navigating to {main.html}...
07.03.2014 09:36:54.384 Init completed.
07.03.2014 09:36:54.436 Entered 'main.html' page.
07.03.2014 09:36:54.456 Обрабатываем процедуру DeviceStateChanged: Printer есть...
07.03.2014 09:36:54.501 Changed to "ru" locale.
07.03.2014 09:36:54.501 Navigating to {main.html?locale=ru}...
07.03.2014 09:36:55.200 Entered 'main.html?locale=ru' page.
07.03.2014 09:37:00.203 FormClose started.
07.03.2014 09:37:00.215 IdHTTPServer1 stoped.
07.03.2014 09:37:00.220 Sending WM_CLOSE command to DPSCom.exe...Didn't work.
07.03.2014 09:37:20.361 Trying to terminate DPSCom.exe...error.: -1 
07.03.2014 09:37:20.363 Validator...done.
07.03.2014 09:37:20.411 TransportTimer...done.
07.03.2014 09:37:20.411 Printer...done.
07.03.2014 09:37:20.411 BillCounter0...done.
07.03.2014 09:37:20.411 Crypt...done.
07.03.2014 09:37:20.412 InfoFile...done.
07.03.2014 09:37:20.915 Setting back normal priority...OK.
07.03.2014 09:37:20.915 Cfg...done.
07.03.2014 09:37:21.518 FileMap...done.
07.03.2014 09:37:21.518 Form2 closed.
