13.03.2014 11:29:36.646 ==============Folder list====
13.03.2014 11:29:36.646 Ready . . . 
13.03.2014 13:35:40.292 ==============Folder list====
13.03.2014 13:35:40.292 Ready . . . 
13.03.2014 13:49:24.691 ==============Folder list====
13.03.2014 13:49:24.691 Ready . . . 
13.03.2014 13:51:52.848 ==============Folder list====
13.03.2014 13:51:52.848 Ready . . . 
13.03.2014 13:52:28.273 \config
13.03.2014 13:52:28.273 \md5
13.03.2014 13:52:28.273 \DPSCom
13.03.2014 13:52:28.273 \logs
13.03.2014 13:52:28.273 \inbound
13.03.2014 13:52:28.273 \outbound
13.03.2014 14:10:06.553 ==============Folder list====
13.03.2014 14:10:06.553 Ready . . . 
13.03.2014 14:10:10.832 \config
13.03.2014 14:10:10.832 \md5
13.03.2014 14:10:10.832 \DPSCom
13.03.2014 14:10:10.832 \logs
13.03.2014 14:10:10.833 \inbound
13.03.2014 14:10:10.833 \outbound
13.03.2014 15:29:20.330 ==============Folder list====
13.03.2014 15:29:20.330 Ready . . . 
13.03.2014 15:29:24.401 \config
13.03.2014 15:29:24.401 \md5
13.03.2014 15:29:24.401 \DPSCom
13.03.2014 15:29:24.401 \logs
13.03.2014 15:29:24.401 \inbound
13.03.2014 15:29:24.401 \outbound
