07.03.2014 09:21:24.284 TCancelUpdate start ...
07.03.2014 09:30:30.782 TCancelUpdate start ...
07.03.2014 09:32:25.587 TCancelUpdate start ...
07.03.2014 09:33:04.376 TCancelUpdate start ...
07.03.2014 09:35:52.907 TCancelUpdate start ...
07.03.2014 09:36:27.139 TCancelUpdate start ...
07.03.2014 09:40:59.848 TCancelUpdate start ...
07.03.2014 09:44:13.539 TCancelUpdate start ...
07.03.2014 09:46:26.253 TCancelUpdate start ...
07.03.2014 10:44:52.443 TCancelUpdate start ...
07.03.2014 11:48:28.296 TCancelUpdate start ...
07.03.2014 11:54:30.349 C:\Users\PiskunovI\Desktop\Workplace\07032014\Updater (07.03.2014)
07.03.2014 11:54:30.350 sPath: C:\Users\PiskunovI\Desktop\Workplace\07032014\Updater (07.03.2014)\adv1\
07.03.2014 11:54:30.350 sPathErased:C:\WebClient\Workplace\07032014\Updater (07.03.2014)\adv1\
07.03.2014 11:54:30.350 Copy: C:\Users\PiskunovI\Desktop\Workplace\07032014\Updater (07.03.2014)\adv1\1.jpg
07.03.2014 11:54:30.350 Send to: C:\WebClient\Workplace\07032014\Updater (07.03.2014)\adv1\1.jpg
07.03.2014 11:54:30.369 sPath: C:\Users\PiskunovI\Desktop\Workplace\07032014\Updater (07.03.2014)\adv1\
07.03.2014 11:54:30.369 sPathErased:C:\WebClient\Workplace\07032014\Updater (07.03.2014)\adv1\
07.03.2014 11:54:30.369 Copy: C:\Users\PiskunovI\Desktop\Workplace\07032014\Updater (07.03.2014)\adv1\2.jpg
07.03.2014 11:54:30.369 Send to: C:\WebClient\Workplace\07032014\Updater (07.03.2014)\adv1\2.jpg
07.03.2014 11:54:30.370 sPath: C:\Users\PiskunovI\Desktop\Workplace\07032014\Updater (07.03.2014)\adv1\
07.03.2014 11:54:30.370 sPathErased:C:\WebClient\Workplace\07032014\Updater (07.03.2014)\adv1\
07.03.2014 11:54:30.370 Copy: C:\Users\PiskunovI\Desktop\Workplace\07032014\Updater (07.03.2014)\adv1\3.jpg
07.03.2014 11:54:30.370 Send to: C:\WebClient\Workplace\07032014\Updater (07.03.2014)\adv1\3.jpg
07.03.2014 11:54:30.370 sPath: C:\Users\PiskunovI\Desktop\Workplace\07032014\Updater (07.03.2014)\adv1\Backup\images\logs\modules\outbound\
07.03.2014 11:54:30.370 sPathErased:C:\WebClient\Workplace\07032014\Updater (07.03.2014)\adv1\Backup\images\logs\modules\outbound\
07.03.2014 11:54:30.370 Copy: C:\Users\PiskunovI\Desktop\Workplace\07032014\Updater (07.03.2014)\adv1\Backup\images\logs\modules\outbound\Unit1.cpp
07.03.2014 11:54:30.370 Send to: C:\WebClient\Workplace\07032014\Updater (07.03.2014)\adv1\Backup\images\logs\modules\outbound\Unit1.cpp
07.03.2014 11:54:30.371 sPath: C:\Users\PiskunovI\Desktop\Workplace\07032014\Updater (07.03.2014)\adv1\Backup\images\logs\modules\outbound\
07.03.2014 11:54:30.371 sPathErased:C:\WebClient\Workplace\07032014\Updater (07.03.2014)\adv1\Backup\images\logs\modules\outbound\
07.03.2014 11:54:30.371 Copy: C:\Users\PiskunovI\Desktop\Workplace\07032014\Updater (07.03.2014)\adv1\Backup\images\logs\modules\outbound\Unit1.ddp
07.03.2014 11:54:30.371 Send to: C:\WebClient\Workplace\07032014\Updater (07.03.2014)\adv1\Backup\images\logs\modules\outbound\Unit1.ddp
07.03.2014 11:54:30.371 sPath: C:\Users\PiskunovI\Desktop\Workplace\07032014\Updater (07.03.2014)\adv1\Backup\images\logs\modules\outbound\
07.03.2014 11:54:30.371 sPathErased:C:\WebClient\Workplace\07032014\Updater (07.03.2014)\adv1\Backup\images\logs\modules\outbound\
07.03.2014 11:54:30.371 Copy: C:\Users\PiskunovI\Desktop\Workplace\07032014\Updater (07.03.2014)\adv1\Backup\images\logs\modules\outbound\Unit1.dfm
07.03.2014 11:54:30.371 Send to: C:\WebClient\Workplace\07032014\Updater (07.03.2014)\adv1\Backup\images\logs\modules\outbound\Unit1.dfm
07.03.2014 11:54:30.371 sPath: C:\Users\PiskunovI\Desktop\Workplace\07032014\Updater (07.03.2014)\adv1\Backup\images\logs\modules\outbound\
07.03.2014 11:54:30.371 sPathErased:C:\WebClient\Workplace\07032014\Updater (07.03.2014)\adv1\Backup\images\logs\modules\outbound\
07.03.2014 11:54:30.371 Copy: C:\Users\PiskunovI\Desktop\Workplace\07032014\Updater (07.03.2014)\adv1\Backup\images\logs\modules\outbound\Unit1.h
07.03.2014 11:54:30.371 Send to: C:\WebClient\Workplace\07032014\Updater (07.03.2014)\adv1\Backup\images\logs\modules\outbound\Unit1.h
07.03.2014 11:54:30.371 sPath: C:\Users\PiskunovI\Desktop\Workplace\07032014\Updater (07.03.2014)\adv1\Backup\images\logs\modules\outbound\
07.03.2014 11:54:30.371 sPathErased:C:\WebClient\Workplace\07032014\Updater (07.03.2014)\adv1\Backup\images\logs\modules\outbound\
07.03.2014 11:54:30.371 Copy: C:\Users\PiskunovI\Desktop\Workplace\07032014\Updater (07.03.2014)\adv1\Backup\images\logs\modules\outbound\Unit1.obj
07.03.2014 11:54:30.371 Send to: C:\WebClient\Workplace\07032014\Updater (07.03.2014)\adv1\Backup\images\logs\modules\outbound\Unit1.obj
07.03.2014 11:54:30.371 sPath: C:\Users\PiskunovI\Desktop\Workplace\07032014\Updater (07.03.2014)\adv1\Backup\images\logs\modules\outbound\
07.03.2014 11:54:30.371 sPathErased:C:\WebClient\Workplace\07032014\Updater (07.03.2014)\adv1\Backup\images\logs\modules\outbound\
07.03.2014 11:54:30.372 Copy: C:\Users\PiskunovI\Desktop\Workplace\07032014\Updater (07.03.2014)\adv1\Backup\images\logs\modules\outbound\Unit1.~cpp
07.03.2014 11:54:30.372 Send to: C:\WebClient\Workplace\07032014\Updater (07.03.2014)\adv1\Backup\images\logs\modules\outbound\Unit1.~cpp
07.03.2014 11:54:30.372 sPath: C:\Users\PiskunovI\Desktop\Workplace\07032014\Updater (07.03.2014)\adv1\Backup\images\logs\modules\outbound\
07.03.2014 11:54:30.372 sPathErased:C:\WebClient\Workplace\07032014\Updater (07.03.2014)\adv1\Backup\images\logs\modules\outbound\
07.03.2014 11:54:30.372 Copy: C:\Users\PiskunovI\Desktop\Workplace\07032014\Updater (07.03.2014)\adv1\Backup\images\logs\modules\outbound\Unit1.~ddp
07.03.2014 11:54:30.372 Send to: C:\WebClient\Workplace\07032014\Updater (07.03.2014)\adv1\Backup\images\logs\modules\outbound\Unit1.~ddp
07.03.2014 11:54:30.372 sPath: C:\Users\PiskunovI\Desktop\Workplace\07032014\Updater (07.03.2014)\adv1\Backup\images\logs\modules\outbound\
07.03.2014 11:54:30.372 sPathErased:C:\WebClient\Workplace\07032014\Updater (07.03.2014)\adv1\Backup\images\logs\modules\outbound\
07.03.2014 11:54:30.372 Copy: C:\Users\PiskunovI\Desktop\Workplace\07032014\Updater (07.03.2014)\adv1\Backup\images\logs\modules\outbound\Unit1.~dfm
07.03.2014 11:54:30.372 Send to: C:\WebClient\Workplace\07032014\Updater (07.03.2014)\adv1\Backup\images\logs\modules\outbound\Unit1.~dfm
07.03.2014 11:54:30.372 sPath: C:\Users\PiskunovI\Desktop\Workplace\07032014\Updater (07.03.2014)\adv1\Backup\images\logs\modules\outbound\
07.03.2014 11:54:30.372 sPathErased:C:\WebClient\Workplace\07032014\Updater (07.03.2014)\adv1\Backup\images\logs\modules\outbound\
07.03.2014 11:54:30.372 Copy: C:\Users\PiskunovI\Desktop\Workplace\07032014\Updater (07.03.2014)\adv1\Backup\images\logs\modules\outbound\Unit1.~h
07.03.2014 11:54:30.372 Send to: C:\WebClient\Workplace\07032014\Updater (07.03.2014)\adv1\Backup\images\logs\modules\outbound\Unit1.~h
07.03.2014 11:54:30.372 sPath: C:\Users\PiskunovI\Desktop\Workplace\07032014\Updater (07.03.2014)\adv1\Backup\images\logs\modules\outbound\
07.03.2014 11:54:30.372 sPathErased:C:\WebClient\Workplace\07032014\Updater (07.03.2014)\adv1\Backup\images\logs\modules\outbound\
07.03.2014 11:54:30.372 Copy: C:\Users\PiskunovI\Desktop\Workplace\07032014\Updater (07.03.2014)\adv1\Backup\images\logs\modules\outbound\Updater.7z
07.03.2014 11:54:30.372 Send to: C:\WebClient\Workplace\07032014\Updater (07.03.2014)\adv1\Backup\images\logs\modules\outbound\Updater.7z
07.03.2014 11:54:30.372 sPath: C:\Users\PiskunovI\Desktop\Workplace\07032014\Updater (07.03.2014)\adv1\Backup\images\logs\modules\outbound\
07.03.2014 11:54:30.372 sPathErased:C:\WebClient\Workplace\07032014\Updater (07.03.2014)\adv1\Backup\images\logs\modules\outbound\
07.03.2014 11:54:30.372 Copy: C:\Users\PiskunovI\Desktop\Workplace\07032014\Updater (07.03.2014)\adv1\Backup\images\logs\modules\outbound\Updater.bpr
07.03.2014 11:54:30.372 Send to: C:\WebClient\Workplace\07032014\Updater (07.03.2014)\adv1\Backup\images\logs\modules\outbound\Updater.bpr
07.03.2014 11:54:30.373 sPath: C:\Users\PiskunovI\Desktop\Workplace\07032014\Updater (07.03.2014)\adv1\Backup\images\logs\modules\outbound\
07.03.2014 11:54:30.373 sPathErased:C:\WebClient\Workplace\07032014\Updater (07.03.2014)\adv1\Backup\images\logs\modules\outbound\
07.03.2014 11:54:30.373 Copy: C:\Users\PiskunovI\Desktop\Workplace\07032014\Updater (07.03.2014)\adv1\Backup\images\logs\modules\outbound\Updater.cpp
07.03.2014 11:54:30.373 Send to: C:\WebClient\Workplace\07032014\Updater (07.03.2014)\adv1\Backup\images\logs\modules\outbound\Updater.cpp
07.03.2014 11:54:30.373 sPath: C:\Users\PiskunovI\Desktop\Workplace\07032014\Updater (07.03.2014)\adv1\Backup\images\logs\modules\outbound\
07.03.2014 11:54:30.373 sPathErased:C:\WebClient\Workplace\07032014\Updater (07.03.2014)\adv1\Backup\images\logs\modules\outbound\
07.03.2014 11:54:30.373 Copy: C:\Users\PiskunovI\Desktop\Workplace\07032014\Updater (07.03.2014)\adv1\Backup\images\logs\modules\outbound\Updater.exe
07.03.2014 11:54:30.373 Send to: C:\WebClient\Workplace\07032014\Updater (07.03.2014)\adv1\Backup\images\logs\modules\outbound\Updater.exe
07.03.2014 11:54:30.373 sPath: C:\Users\PiskunovI\Desktop\Workplace\07032014\Updater (07.03.2014)\adv1\Backup\images\logs\modules\outbound\
07.03.2014 11:54:30.373 sPathErased:C:\WebClient\Workplace\07032014\Updater (07.03.2014)\adv1\Backup\images\logs\modules\outbound\
07.03.2014 11:54:30.373 Copy: C:\Users\PiskunovI\Desktop\Workplace\07032014\Updater (07.03.2014)\adv1\Backup\images\logs\modules\outbound\Updater.obj
07.03.2014 11:54:30.373 Send to: C:\WebClient\Workplace\07032014\Updater (07.03.2014)\adv1\Backup\images\logs\modules\outbound\Updater.obj
07.03.2014 11:54:30.373 sPath: C:\Users\PiskunovI\Desktop\Workplace\07032014\Updater (07.03.2014)\adv1\Backup\images\logs\modules\outbound\
07.03.2014 11:54:30.373 sPathErased:C:\WebClient\Workplace\07032014\Updater (07.03.2014)\adv1\Backup\images\logs\modules\outbound\
07.03.2014 11:54:30.373 Copy: C:\Users\PiskunovI\Desktop\Workplace\07032014\Updater (07.03.2014)\adv1\Backup\images\logs\modules\outbound\Updater.res
07.03.2014 11:54:30.373 Send to: C:\WebClient\Workplace\07032014\Updater (07.03.2014)\adv1\Backup\images\logs\modules\outbound\Updater.res
07.03.2014 11:54:30.373 sPath: C:\Users\PiskunovI\Desktop\Workplace\07032014\Updater (07.03.2014)\adv1\Backup\images\logs\modules\outbound\
07.03.2014 11:54:30.373 sPathErased:C:\WebClient\Workplace\07032014\Updater (07.03.2014)\adv1\Backup\images\logs\modules\outbound\
07.03.2014 11:54:30.373 Copy: C:\Users\PiskunovI\Desktop\Workplace\07032014\Updater (07.03.2014)\adv1\Backup\images\logs\modules\outbound\Updater.tds
07.03.2014 11:54:30.374 Send to: C:\WebClient\Workplace\07032014\Updater (07.03.2014)\adv1\Backup\images\logs\modules\outbound\Updater.tds
07.03.2014 11:54:30.374 sPath: C:\Users\PiskunovI\Desktop\Workplace\07032014\Updater (07.03.2014)\adv1\Backup\images\logs\modules\outbound\
07.03.2014 11:54:30.374 sPathErased:C:\WebClient\Workplace\07032014\Updater (07.03.2014)\adv1\Backup\images\logs\modules\outbound\
07.03.2014 11:54:30.374 Copy: C:\Users\PiskunovI\Desktop\Workplace\07032014\Updater (07.03.2014)\adv1\Backup\images\logs\modules\outbound\Updater.~bpr
07.03.2014 11:54:30.374 Send to: C:\WebClient\Workplace\07032014\Updater (07.03.2014)\adv1\Backup\images\logs\modules\outbound\Updater.~bpr
07.03.2014 11:54:30.374 sPath: C:\Users\PiskunovI\Desktop\Workplace\07032014\Updater (07.03.2014)\adv1\Backup\images\logs\modules\outbound\
07.03.2014 11:54:30.374 sPathErased:C:\WebClient\Workplace\07032014\Updater (07.03.2014)\adv1\Backup\images\logs\modules\outbound\
07.03.2014 11:54:30.374 Copy: C:\Users\PiskunovI\Desktop\Workplace\07032014\Updater (07.03.2014)\adv1\Backup\images\logs\modules\outbound\Updater.~cpp
07.03.2014 11:54:30.374 Send to: C:\WebClient\Workplace\07032014\Updater (07.03.2014)\adv1\Backup\images\logs\modules\outbound\Updater.~cpp
07.03.2014 11:54:30.374 sPath: C:\Users\PiskunovI\Desktop\Workplace\07032014\Updater (07.03.2014)\adv1\Backup\images\logs\modules\outbound\
07.03.2014 11:54:30.374 sPathErased:C:\WebClient\Workplace\07032014\Updater (07.03.2014)\adv1\Backup\images\logs\modules\outbound\
07.03.2014 11:54:30.374 Copy: C:\Users\PiskunovI\Desktop\Workplace\07032014\Updater (07.03.2014)\adv1\Backup\images\logs\modules\outbound\upgrade.txt
07.03.2014 11:54:30.374 Send to: C:\WebClient\Workplace\07032014\Updater (07.03.2014)\adv1\Backup\images\logs\modules\outbound\upgrade.txt
07.03.2014 11:54:30.374 sPath: C:\Users\PiskunovI\Desktop\Workplace\07032014\Updater (07.03.2014)\adv1\Backup\images\logs\modules\outbound\
07.03.2014 11:54:30.374 sPathErased:C:\WebClient\Workplace\07032014\Updater (07.03.2014)\adv1\Backup\images\logs\modules\outbound\
07.03.2014 11:54:30.374 Copy: C:\Users\PiskunovI\Desktop\Workplace\07032014\Updater (07.03.2014)\adv1\Backup\images\logs\modules\outbound\WinPrinter.pcr
07.03.2014 11:54:30.374 Send to: C:\WebClient\Workplace\07032014\Updater (07.03.2014)\adv1\Backup\images\logs\modules\outbound\WinPrinter.pcr
07.03.2014 11:54:30.374 sPath: C:\Users\PiskunovI\Desktop\Workplace\07032014\Updater (07.03.2014)\adv1\Backup\images\logs\modules\outbound\
07.03.2014 11:54:30.374 sPathErased:C:\WebClient\Workplace\07032014\Updater (07.03.2014)\adv1\Backup\images\logs\modules\outbound\
07.03.2014 11:54:30.374 Copy: C:\Users\PiskunovI\Desktop\Workplace\07032014\Updater (07.03.2014)\adv1\Backup\images\logs\modules\outbound\œ–Œ◊»“¿….txt
07.03.2014 11:54:30.374 Send to: C:\WebClient\Workplace\07032014\Updater (07.03.2014)\adv1\Backup\images\logs\modules\outbound\œ–Œ◊»“¿….txt
07.03.2014 11:54:30.375 Finishing BackUp operations . . . 
07.03.2014 11:54:30.375 Starting C:\WebClient\DPSKiosk.exe...OK.
07.03.2014 11:56:06.683 TCancelUpdate start ...
