07.03.2014 09:21:24.187 ==============Folder list====
07.03.2014 09:21:24.187 Ready . . . 
07.03.2014 09:30:30.746 ==============Folder list====
07.03.2014 09:30:30.746 Ready . . . 
07.03.2014 09:32:25.568 ==============Folder list====
07.03.2014 09:32:25.568 Ready . . . 
07.03.2014 09:33:04.366 ==============Folder list====
07.03.2014 09:33:04.366 Ready . . . 
07.03.2014 09:35:52.879 ==============Folder list====
07.03.2014 09:35:52.879 Ready . . . 
07.03.2014 09:36:27.129 ==============Folder list====
07.03.2014 09:36:27.129 Ready . . . 
07.03.2014 09:40:59.835 ==============Folder list====
07.03.2014 09:40:59.835 Ready . . . 
07.03.2014 09:44:13.530 ==============Folder list====
07.03.2014 09:44:13.530 Ready . . . 
07.03.2014 09:46:26.238 ==============Folder list====
07.03.2014 09:46:26.238 Ready . . . 
07.03.2014 09:46:29.148 \config
07.03.2014 09:46:29.148 \md5
07.03.2014 09:46:29.148 \DPSCom
07.03.2014 09:46:29.148 \logs
07.03.2014 09:46:29.148 \inbound
07.03.2014 09:46:29.148 \outbound
07.03.2014 09:46:30.152 \config
07.03.2014 09:46:30.152 \md5
07.03.2014 09:46:30.152 \DPSCom
07.03.2014 09:46:30.152 \logs
07.03.2014 09:46:30.152 \inbound
07.03.2014 09:46:30.152 \outbound
07.03.2014 10:44:52.430 ==============Folder list====
07.03.2014 10:44:52.430 Ready . . . 
07.03.2014 10:44:53.948 \config
07.03.2014 10:44:53.948 \md5
07.03.2014 10:44:53.948 \DPSCom
07.03.2014 10:44:53.948 \logs
07.03.2014 10:44:53.948 \inbound
07.03.2014 10:44:53.948 \outbound
07.03.2014 10:44:54.631 \config
07.03.2014 10:44:54.631 \md5
07.03.2014 10:44:54.631 \DPSCom
07.03.2014 10:44:54.631 \logs
07.03.2014 10:44:54.631 \inbound
07.03.2014 10:44:54.631 \outbound
07.03.2014 11:48:28.283 ==============Folder list====
07.03.2014 11:48:28.283 Ready . . . 
07.03.2014 11:56:06.662 ==============Folder list====
07.03.2014 11:56:06.662 Ready . . . 
