07.03.2014 09:21:24.283 Стартовал счетчик ...
07.03.2014 09:21:24.283 Идет обработка данных обновления ...
07.03.2014 09:30:30.782 Стартовал счетчик ...
07.03.2014 09:30:30.782 Идет обработка данных обновления ...
07.03.2014 09:32:25.587 Стартовал счетчик ...
07.03.2014 09:32:25.587 Идет обработка данных обновления ...
07.03.2014 09:33:04.376 Стартовал счетчик ...
07.03.2014 09:33:04.376 Идет обработка данных обновления ...
07.03.2014 09:35:52.905 Стартовал счетчик ...
07.03.2014 09:35:52.905 Идет обработка данных обновления ...
07.03.2014 09:36:27.139 Стартовал счетчик ...
07.03.2014 09:36:27.139 Идет обработка данных обновления ...
07.03.2014 09:40:59.847 Стартовал счетчик ...
07.03.2014 09:40:59.847 Идет обработка данных обновления ...
07.03.2014 09:44:13.539 Стартовал счетчик ...
07.03.2014 09:44:13.539 Идет обработка данных обновления ...
07.03.2014 09:46:26.252 Стартовал счетчик ...
07.03.2014 09:46:26.252 Идет обработка данных обновления ...
07.03.2014 10:44:52.442 Стартовал счетчик ...
07.03.2014 10:44:52.442 Идет обработка данных обновления ...
07.03.2014 11:48:28.296 Стартовал счетчик ...
07.03.2014 11:48:28.296 Идет обработка данных обновления ...
07.03.2014 11:54:30.341 Произошла ошибка, время ожидания истекло ...
07.03.2014 11:54:30.349 Ошибка обновления терминала
07.03.2014 11:54:30.349 Восстанавливаем последнее удачное обновление
07.03.2014 11:56:06.682 Стартовал счетчик ...
07.03.2014 11:56:06.682 Идет обработка данных обновления ...
