07.03.2014 09:21:24.189 TBackup initialise ...
07.03.2014 09:30:30.747 TBackup initialise ...
07.03.2014 09:32:25.568 TBackup initialise ...
07.03.2014 09:33:04.366 TBackup initialise ...
07.03.2014 09:35:52.880 TBackup initialise ...
07.03.2014 09:36:27.130 TBackup initialise ...
07.03.2014 09:40:59.836 TBackup initialise ...
07.03.2014 09:44:13.530 TBackup initialise ...
07.03.2014 09:46:26.239 TBackup initialise ...
07.03.2014 09:46:29.139 New: C:\Users\PiskunovI\Desktop\Workplace\07032014\Updater (07.03.2014)\Backup\732014 9-46-26\DPSKiosk.exe
07.03.2014 09:46:29.139 CheckFoldStruct started ...
07.03.2014 09:46:29.139 Struct is correct
07.03.2014 09:46:30.141 New: C:\Users\PiskunovI\Desktop\Workplace\07032014\Updater (07.03.2014)\Backup\732014 9-46-26\document.txt
07.03.2014 09:46:30.141 CheckFoldStruct started ...
07.03.2014 09:46:30.142 Struct is correct
07.03.2014 10:44:52.431 TBackup initialise ...
07.03.2014 10:44:53.735 New: C:\Users\PiskunovI\Desktop\Workplace\07032014\Updater (07.03.2014)\Backup\732014 10-44-52\DPSKiosk.exe
07.03.2014 10:44:53.735 CheckFoldStruct started ...
07.03.2014 10:44:53.735 Struct is correct
07.03.2014 10:44:54.628 New: C:\Users\PiskunovI\Desktop\Workplace\07032014\Updater (07.03.2014)\Backup\732014 10-44-52\document.txt
07.03.2014 10:44:54.628 CheckFoldStruct started ...
07.03.2014 10:44:54.628 Struct is correct
07.03.2014 11:48:28.283 TBackup initialise ...
07.03.2014 11:56:06.663 TBackup initialise ...
