<<<<<<< HEAD
13.01.2014 10:46:33.349 TBackup initialise ...
=======
13.01.2014 10:47:21.359 TBackup initialise ...
13.01.2014 10:49:32.824 TBackup initialise ...
13.01.2014 10:49:45.618 New: C:\Users\PiskunovI\Desktop\Workplace\13012014\Updater (13.01.2014)\Backup\1312014 10-49-32\config.js
13.01.2014 10:49:45.618 CheckFoldStruct started ...
13.01.2014 10:49:45.618 Start cheking: C:\Users\PiskunovI\Desktop\Workplace\13012014\Updater (13.01.2014)\Backup\1312014 10-49-32\interface\interface\locale\ru\Mts_Helper
13.01.2014 10:49:45.618 CheckFoldStruct started ...
13.01.2014 10:49:45.618 Start cheking: C:\Users\PiskunovI\Desktop\Workplace\13012014\Updater (13.01.2014)\Backup\1312014 10-49-32\interface\interface\locale\ru
13.01.2014 10:49:45.618 CheckFoldStruct started ...
13.01.2014 10:49:45.618 Start cheking: C:\Users\PiskunovI\Desktop\Workplace\13012014\Updater (13.01.2014)\Backup\1312014 10-49-32\interface\interface\locale
13.01.2014 10:49:45.618 CheckFoldStruct started ...
13.01.2014 10:49:45.618 Start cheking: C:\Users\PiskunovI\Desktop\Workplace\13012014\Updater (13.01.2014)\Backup\1312014 10-49-32\interface\interface
13.01.2014 10:49:45.618 CheckFoldStruct started ...
13.01.2014 10:49:45.618 Start cheking: C:\Users\PiskunovI\Desktop\Workplace\13012014\Updater (13.01.2014)\Backup\1312014 10-49-32\interface
13.01.2014 10:49:45.618 CheckFoldStruct started ...
13.01.2014 10:49:45.628 C:\Users\PiskunovI\Desktop\Workplace\13012014\Updater (13.01.2014)\Backup\1312014 10-49-32\interface - CREATED
13.01.2014 10:49:45.628 C:\Users\PiskunovI\Desktop\Workplace\13012014\Updater (13.01.2014)\Backup\1312014 10-49-32\interface - CREATED
13.01.2014 10:49:45.628 C:\Users\PiskunovI\Desktop\Workplace\13012014\Updater (13.01.2014)\Backup\1312014 10-49-32\interface\interface - CREATED
13.01.2014 10:49:45.628 C:\Users\PiskunovI\Desktop\Workplace\13012014\Updater (13.01.2014)\Backup\1312014 10-49-32\interface\interface\locale - CREATED
13.01.2014 10:49:45.628 C:\Users\PiskunovI\Desktop\Workplace\13012014\Updater (13.01.2014)\Backup\1312014 10-49-32\interface\interface\locale\ru - CREATED
13.01.2014 10:49:45.628 C:\Users\PiskunovI\Desktop\Workplace\13012014\Updater (13.01.2014)\Backup\1312014 10-49-32\interface\interface\locale\ru\Mts_Helper - CREATED
>>>>>>> 2a5e6832a063b8338efc5a637b074618420e3aa7
