24.01.2014 14:49:39.215 TBackup initialise ...
24.01.2014 14:50:15.963 New: C:\Users\PiskunovI\Desktop\Workplace\13012014\Updater (13.01.2014)\Backup\2412014 14-49-39\int_citytel.gif
24.01.2014 14:50:15.963 CheckFoldStruct started ...
24.01.2014 14:50:15.964 Start cheking: C:\Users\PiskunovI\Desktop\Workplace\13012014\Updater (13.01.2014)\Backup\2412014 14-49-39\Webclient\interface\skins\metro2\i
24.01.2014 14:50:15.964 CheckFoldStruct started ...
24.01.2014 14:50:15.964 Start cheking: C:\Users\PiskunovI\Desktop\Workplace\13012014\Updater (13.01.2014)\Backup\2412014 14-49-39\Webclient\interface\skins\metro2
24.01.2014 14:50:15.964 CheckFoldStruct started ...
24.01.2014 14:50:15.964 Start cheking: C:\Users\PiskunovI\Desktop\Workplace\13012014\Updater (13.01.2014)\Backup\2412014 14-49-39\Webclient\interface\skins
24.01.2014 14:50:15.964 CheckFoldStruct started ...
24.01.2014 14:50:15.964 Start cheking: C:\Users\PiskunovI\Desktop\Workplace\13012014\Updater (13.01.2014)\Backup\2412014 14-49-39\Webclient\interface
24.01.2014 14:50:15.964 CheckFoldStruct started ...
24.01.2014 14:50:15.964 Start cheking: C:\Users\PiskunovI\Desktop\Workplace\13012014\Updater (13.01.2014)\Backup\2412014 14-49-39\Webclient
24.01.2014 14:50:15.964 CheckFoldStruct started ...
24.01.2014 14:50:15.964 C:\Users\PiskunovI\Desktop\Workplace\13012014\Updater (13.01.2014)\Backup\2412014 14-49-39\Webclient - CREATED
24.01.2014 14:50:15.965 C:\Users\PiskunovI\Desktop\Workplace\13012014\Updater (13.01.2014)\Backup\2412014 14-49-39\Webclient - CREATED
24.01.2014 14:50:15.965 C:\Users\PiskunovI\Desktop\Workplace\13012014\Updater (13.01.2014)\Backup\2412014 14-49-39\Webclient\interface - CREATED
24.01.2014 14:50:15.965 C:\Users\PiskunovI\Desktop\Workplace\13012014\Updater (13.01.2014)\Backup\2412014 14-49-39\Webclient\interface\skins - CREATED
24.01.2014 14:50:15.966 C:\Users\PiskunovI\Desktop\Workplace\13012014\Updater (13.01.2014)\Backup\2412014 14-49-39\Webclient\interface\skins\metro2 - CREATED
24.01.2014 14:50:15.966 C:\Users\PiskunovI\Desktop\Workplace\13012014\Updater (13.01.2014)\Backup\2412014 14-49-39\Webclient\interface\skins\metro2\i - CREATED
24.01.2014 14:50:16.192 New: C:\Users\PiskunovI\Desktop\Workplace\13012014\Updater (13.01.2014)\Backup\2412014 14-49-39\jquery-2.0.3.js
24.01.2014 14:50:16.192 CheckFoldStruct started ...
24.01.2014 14:50:16.193 C:\Users\PiskunovI\Desktop\Workplace\13012014\Updater (13.01.2014)\Backup\2412014 14-49-39\Webclient\interface\jquery - CREATED
24.01.2014 14:50:16.638 New: C:\Users\PiskunovI\Desktop\Workplace\13012014\Updater (13.01.2014)\Backup\2412014 14-49-39\iface_runtime.js
24.01.2014 14:50:16.638 CheckFoldStruct started ...
24.01.2014 14:50:16.638 Struct is correct
24.01.2014 14:50:16.876 New: C:\Users\PiskunovI\Desktop\Workplace\13012014\Updater (13.01.2014)\Backup\2412014 14-49-39\DPSKiosk.exe
24.01.2014 14:50:16.876 CheckFoldStruct started ...
24.01.2014 14:50:16.876 Struct is correct
