22.01.2014 10:05:18.214 TBackup initialise ...
22.01.2014 10:05:56.057 New: C:\Users\PiskunovI\Desktop\Workplace\20.12.2013\Updater (20.12.2013)\Backup\2212014 10-5-18\int_1gb.gif
22.01.2014 10:05:56.057 CheckFoldStruct started ...
22.01.2014 10:05:56.057 Start cheking: C:\Users\PiskunovI\Desktop\Workplace\20.12.2013\Updater (20.12.2013)\Backup\2212014 10-5-18\interface\skins\metro2\i
22.01.2014 10:05:56.057 CheckFoldStruct started ...
22.01.2014 10:05:56.057 Start cheking: C:\Users\PiskunovI\Desktop\Workplace\20.12.2013\Updater (20.12.2013)\Backup\2212014 10-5-18\interface\skins\metro2
22.01.2014 10:05:56.057 CheckFoldStruct started ...
22.01.2014 10:05:56.057 Start cheking: C:\Users\PiskunovI\Desktop\Workplace\20.12.2013\Updater (20.12.2013)\Backup\2212014 10-5-18\interface\skins
22.01.2014 10:05:56.057 CheckFoldStruct started ...
22.01.2014 10:05:56.058 Start cheking: C:\Users\PiskunovI\Desktop\Workplace\20.12.2013\Updater (20.12.2013)\Backup\2212014 10-5-18\interface
22.01.2014 10:05:56.058 CheckFoldStruct started ...
22.01.2014 10:05:56.058 C:\Users\PiskunovI\Desktop\Workplace\20.12.2013\Updater (20.12.2013)\Backup\2212014 10-5-18\interface - CREATED
22.01.2014 10:05:56.058 C:\Users\PiskunovI\Desktop\Workplace\20.12.2013\Updater (20.12.2013)\Backup\2212014 10-5-18\interface - CREATED
22.01.2014 10:05:56.059 C:\Users\PiskunovI\Desktop\Workplace\20.12.2013\Updater (20.12.2013)\Backup\2212014 10-5-18\interface\skins - CREATED
22.01.2014 10:05:56.059 C:\Users\PiskunovI\Desktop\Workplace\20.12.2013\Updater (20.12.2013)\Backup\2212014 10-5-18\interface\skins\metro2 - CREATED
22.01.2014 10:05:56.059 C:\Users\PiskunovI\Desktop\Workplace\20.12.2013\Updater (20.12.2013)\Backup\2212014 10-5-18\interface\skins\metro2\i - CREATED
22.01.2014 10:05:56.275 New: C:\Users\PiskunovI\Desktop\Workplace\20.12.2013\Updater (20.12.2013)\Backup\2212014 10-5-18\jquery-2.0.3.js
22.01.2014 10:05:56.275 CheckFoldStruct started ...
22.01.2014 10:05:56.276 C:\Users\PiskunovI\Desktop\Workplace\20.12.2013\Updater (20.12.2013)\Backup\2212014 10-5-18\interface\jquery - CREATED
22.01.2014 10:05:56.513 New: C:\Users\PiskunovI\Desktop\Workplace\20.12.2013\Updater (20.12.2013)\Backup\2212014 10-5-18\iface_runtime.js
22.01.2014 10:05:56.514 CheckFoldStruct started ...
22.01.2014 10:05:56.514 Struct is correct
22.01.2014 10:05:56.753 New: C:\Users\PiskunovI\Desktop\Workplace\20.12.2013\Updater (20.12.2013)\Backup\2212014 10-5-18\DPSKiosk.exe
22.01.2014 10:05:56.753 CheckFoldStruct started ...
22.01.2014 10:05:56.753 Struct is correct
22.01.2014 10:11:49.724 TBackup initialise ...
