22.01.2014 10:05:18.214 ==============Folder list====
22.01.2014 10:05:18.214 Ready . . . 
22.01.2014 10:05:56.063 \config
22.01.2014 10:05:56.063 \md5
22.01.2014 10:05:56.063 \DPSCom
22.01.2014 10:05:56.063 \logs
22.01.2014 10:05:56.063 \inbound
22.01.2014 10:05:56.063 \outbound
22.01.2014 10:05:56.278 \config
22.01.2014 10:05:56.278 \md5
22.01.2014 10:05:56.278 \DPSCom
22.01.2014 10:05:56.278 \logs
22.01.2014 10:05:56.278 \inbound
22.01.2014 10:05:56.278 \outbound
22.01.2014 10:05:56.516 \config
22.01.2014 10:05:56.516 \md5
22.01.2014 10:05:56.516 \DPSCom
22.01.2014 10:05:56.516 \logs
22.01.2014 10:05:56.516 \inbound
22.01.2014 10:05:56.516 \outbound
22.01.2014 10:05:56.762 \config
22.01.2014 10:05:56.762 \md5
22.01.2014 10:05:56.762 \DPSCom
22.01.2014 10:05:56.762 \logs
22.01.2014 10:05:56.762 \inbound
22.01.2014 10:05:56.762 \outbound
22.01.2014 10:11:49.724 ==============Folder list====
22.01.2014 10:11:49.724 Ready . . . 
