24.01.2014 14:54:34.461 ==============Folder list====
24.01.2014 14:54:34.461 Ready . . . 
24.01.2014 14:54:54.980 \config
24.01.2014 14:54:54.981 \md5
24.01.2014 14:54:54.981 \DPSCom
24.01.2014 14:54:54.981 \logs
24.01.2014 14:54:54.981 \inbound
24.01.2014 14:54:54.981 \outbound
24.01.2014 14:54:55.224 \config
24.01.2014 14:54:55.224 \md5
24.01.2014 14:54:55.224 \DPSCom
24.01.2014 14:54:55.224 \logs
24.01.2014 14:54:55.224 \inbound
24.01.2014 14:54:55.224 \outbound
24.01.2014 14:54:55.470 \config
24.01.2014 14:54:55.470 \md5
24.01.2014 14:54:55.470 \DPSCom
24.01.2014 14:54:55.470 \logs
24.01.2014 14:54:55.470 \inbound
24.01.2014 14:54:55.470 \outbound
